
Initial statistics: 1 variables; iteration 0; function evaluation 0; phase 1
Function value 6.2130192e+00; maximum gradient component mag -4.7859e+03
Var    Value     Gradient |Var    Value     Gradient |Var    Value     Gradient
  1 -0.39437 -4.78587e+03 |

 - final statistics:
1 variables; iteration 8; function evaluation 10
Function value -9.5514e-02; maximum gradient component mag -1.0596e+00
Exit code = 1;  converg criter 1.0000e+01
Var    Value     Gradient |Var    Value     Gradient |Var    Value     Gradient
  1 -0.38883 -1.05963e+00 |

Initial statistics: 1 variables; iteration 0; function evaluation 0; phase 2
Function value 1.6805015e+03; maximum gradient component mag 1.4320e+03
Var    Value     Gradient |Var    Value     Gradient |Var    Value     Gradient
  1 -0.38883  1.43202e+03 |

 - final statistics:
1 variables; iteration 3; function evaluation 4
Function value 1.6802e+03; maximum gradient component mag 3.8465e+00
Exit code = 1;  converg criter 1.0000e+01
Var    Value     Gradient |Var    Value     Gradient |Var    Value     Gradient
  1 -0.38927  3.84648e+00 |

Initial statistics: 35 variables; iteration 0; function evaluation 0; phase 3
Function value 1.6813744e+03; maximum gradient component mag -5.1914e+02
Var    Value     Gradient |Var    Value     Gradient |Var    Value     Gradient
  1  0.10098 -5.06591e+01 |  2 -0.38927  5.96578e+01 |  3  0.00000 -2.97999e+02
  4  0.00000 -1.93743e+02 |  5  0.00000 -2.21180e+02 |  6  0.00000 -2.65476e+02
  7  0.00000 -1.66380e+02 |  8  0.00000  7.93440e+00 |  9  0.00000  1.23607e+02
 10  0.00000  1.80950e+02 | 11  0.00000  2.34891e+02 | 12  0.00000  2.93542e+02
 13  0.00000  3.50564e+02 | 14  0.00000  3.70059e+02 | 15  0.00000  3.57205e+02
 16  0.00000  1.38803e+02 | 17  0.00000 -2.64904e+02 | 18  0.00000 -5.19139e+02
 19  0.00000 -4.15443e+02 | 20  0.00000 -1.25087e+02 | 21  0.00000  1.35904e+02
 22  0.00000  1.76637e+02 | 23  0.00000 -5.28668e+01 | 24  0.00000 -2.33338e+02
 25  0.00000 -8.47511e+01 | 26  0.00000  6.12359e+01 | 27  0.00000  3.35371e+02
 28  0.00000  1.22089e+02 | 29  0.00000 -4.16593e+01 | 30  0.00000 -7.06578e+00
 31  0.00000  3.88007e+01 | 32  0.00000 -2.88269e+01 | 33  0.00000 -9.73456e+00
 34  0.08724  2.08995e+02 | 35 -0.19877 -3.17546e+01 |

Intermediate statistics: 35 variables; iteration 20; function evaluation 29; phase 3
Function value 1.5434420e+03; maximum gradient component mag 4.1212e+03
Var    Value     Gradient |Var    Value     Gradient |Var    Value     Gradient
  1  0.09565 -3.43768e+02 |  2 -0.39189  4.12120e+03 |  3  0.12447  3.72092e+01
  4 -0.05703 -5.27893e+00 |  5 -0.02711 -2.94383e+00 |  6  0.11062  4.42877e+01
  7  0.02495  4.96380e+01 |  8 -0.03081  5.27029e+01 |  9 -0.01066  1.05633e+02
 10  0.01407  1.67618e+02 | 11 -0.00234  1.58576e+02 | 12 -0.01474  1.40653e+02
 13 -0.02349  1.40813e+02 | 14 -0.01498  1.46674e+02 | 15 -0.01371  1.28344e+02
 16 -0.04083  2.04779e+00 | 17 -0.14495 -5.01842e+01 | 18  0.17656  4.08433e+01
 19  0.03540 -6.40860e+01 | 20 -0.17358 -7.01768e+01 | 21  0.07676 -2.75748e+01
 22 -0.13076 -3.79138e+01 | 23 -0.01254 -3.72326e+01 | 24  0.15264 -8.46962e+01
 25 -0.05405 -5.19321e+01 | 26  0.03687 -4.05435e+01 | 27 -0.09828  1.17777e+01
 28 -0.05396 -3.41705e+01 | 29  0.11490 -4.72465e+01 | 30  0.02633 -2.73271e+01
 31 -0.16975 -3.39282e+01 | 32  0.12753  4.17340e+00 | 33  0.06766 -2.59075e+00
 34  0.11253  7.72797e+02 | 35 -0.22086 -2.03546e+02 |
35 variables; iteration 40; function evaluation 58; phase 3
Function value 1.4994034e+03; maximum gradient component mag 4.6045e+02
Var    Value     Gradient |Var    Value     Gradient |Var    Value     Gradient
  1  0.10419  1.06380e+02 |  2 -0.39232  4.60447e+02 |  3  0.12977  1.65572e+01
  4 -0.05110 -5.90463e+00 |  5  0.01990  1.10985e+01 |  6  0.09639  4.46037e+00
  7  0.04769  4.58873e-02 |  8 -0.04383 -1.58695e+01 |  9 -0.04027 -1.40989e+01
 10 -0.00740 -1.92248e+00 | 11 -0.01939  1.66895e+01 | 12 -0.02886  2.75804e+01
 13 -0.03180  4.20786e+01 | 14 -0.00956  4.97873e+01 | 15 -0.08365 -1.14586e+00
 16 -0.04708 -3.29337e+01 | 17 -0.01781 -6.43166e+01 | 18  0.13078 -2.67911e+01
 19  0.03142  1.42892e+01 | 20  0.03840  3.02749e+00 | 21 -0.05554 -1.45629e+01
 22 -0.05695 -1.41432e+01 | 23 -0.01513 -2.16188e+01 | 24  0.11238 -8.74944e+00
 25  0.00021 -2.14089e+01 | 26 -0.02415 -4.78168e+01 | 27 -0.15466 -1.83983e+01
 28 -0.03943 -2.09588e+01 | 29  0.08038 -1.72378e+01 | 30 -0.00453 -1.99989e+01
 31 -0.07497 -1.32047e+01 | 32  0.07327 -2.90289e+01 | 33  0.04032 -1.91109e+01
 34  0.07698 -7.26440e+01 | 35 -0.19403  9.72176e+01 |

 - final statistics:
35 variables; iteration 58; function evaluation 76
Function value 1.4955e+03; maximum gradient component mag -7.2792e-01
Exit code = 1;  converg criter 1.0000e+00
Var    Value     Gradient |Var    Value     Gradient |Var    Value     Gradient
  1  0.10134 -4.53002e-03 |  2 -0.39190 -7.27918e-01 |  3  0.12793 -1.48537e-03
  4 -0.04504 -1.11875e-02 |  5 -0.01347 -2.17822e-03 |  6  0.11344  6.96828e-03
  7  0.02452  2.30998e-03 |  8 -0.02936 -1.40421e-02 |  9 -0.03577 -6.59573e-03
 10 -0.00694  2.66124e-03 | 11 -0.03059  7.45114e-03 | 12 -0.02961 -9.74401e-03
 13 -0.04789 -2.25597e-02 | 14 -0.02600  4.27451e-03 | 15 -0.08266 -1.67314e-02
 16 -0.05677 -1.82752e-02 | 17  0.02518 -1.21144e-02 | 18  0.12272 -1.70208e-02
 19  0.01846 -1.35931e-02 | 20  0.04253  1.83177e-04 | 21 -0.05175  4.23022e-03
 22 -0.06342  7.70410e-03 | 23 -0.00183  6.83030e-03 | 24  0.11105  4.90280e-03
 25 -0.00436  7.52812e-03 | 26 -0.00228  7.68838e-03 | 27 -0.15792  9.12188e-03
 28 -0.03639  1.04667e-02 | 29  0.08242  9.37932e-03 | 30  0.00567  5.25082e-03
 31 -0.09057  9.18065e-03 | 32  0.09094  5.84129e-03 | 33  0.04860  2.66780e-03
 34  0.08275 -4.05176e-02 | 35 -0.19973 -5.87984e-03 |

Initial statistics: 40 variables; iteration 0; function evaluation 0; phase 4
Function value 1.4954718e+03; maximum gradient component mag -1.7533e+02
Var    Value     Gradient |Var    Value     Gradient |Var    Value     Gradient
  1  0.10134 -4.53002e-03 |  2 -0.39190 -7.27918e-01 |  3  0.12793 -5.11938e-04
  4 -0.04503 -1.01965e-02 |  5 -0.01347 -1.18501e-03 |  6  0.11344  7.94597e-03
  7  0.02452  3.30267e-03 |  8 -0.02936 -1.30497e-02 |  9 -0.03577 -5.60387e-03
 10 -0.00694  3.65461e-03 | 11 -0.03059  8.44342e-03 | 12 -0.02961 -8.75165e-03
 13 -0.04789 -2.15691e-02 | 14 -0.02600  5.26711e-03 | 15 -0.08266 -1.57464e-02
 16 -0.05677 -1.72857e-02 | 17  0.02518 -1.11218e-02 | 18  0.12272 -1.60458e-02
 19  0.01846 -1.26001e-02 | 20  0.04253  1.17439e-03 | 21 -0.05175  5.22036e-03
 22 -0.06342  8.69261e-03 | 23 -0.00183  7.82372e-03 | 24  0.11105  5.88115e-03
 25 -0.00436  8.52153e-03 | 26 -0.00228  8.68180e-03 | 27 -0.15792  1.00849e-02
 28 -0.03639  1.14585e-02 | 29  0.08242  1.03644e-02 | 30  0.00567  6.24421e-03
 31 -0.09057  1.01640e-02 | 32  0.09094  6.82459e-03 | 33  0.04860  3.65833e-03
 34  0.08275 -4.05176e-02 | 35 -0.24303  3.39741e+01 | 36 -0.16123  4.59974e+01
 37  0.15220  2.60906e+01 | 38  0.24393 -1.75326e+02 | 39 -0.19973 -5.87984e-03
 40 -0.56756 -4.15880e+01 |

Intermediate statistics: 40 variables; iteration 20; function evaluation 27; phase 4
Function value 1.4929594e+03; maximum gradient component mag -6.1820e+02
Var    Value     Gradient |Var    Value     Gradient |Var    Value     Gradient
  1  0.10299  4.98580e+01 |  2 -0.39231 -6.18200e+02 |  3  0.12418 -3.77357e+01
  4 -0.04388 -8.80788e+00 |  5 -0.01510 -1.08082e+01 |  6  0.11331 -2.80787e+01
  7  0.02413 -1.33907e+01 |  8 -0.02988 -8.46615e+00 |  9 -0.03671 -8.49966e+00
 10 -0.00637 -1.10625e+01 | 11 -0.03237 -9.02294e+00 | 12 -0.03093 -9.23064e+00
 13 -0.04731 -7.02673e+00 | 14 -0.02748 -6.05272e+00 | 15 -0.08229 -2.08699e+00
 16 -0.05632 -7.21800e-01 | 17  0.02340  1.42840e+00 | 18  0.12339  2.85049e+00
 19  0.01900  8.58954e-01 | 20  0.04105 -1.39878e-01 | 21 -0.05104  3.45769e-01
 22 -0.06281  1.51895e+00 | 23 -0.00258  4.02462e+00 | 24  0.11218  8.44038e+00
 25 -0.00315  3.86904e+00 | 26 -0.00251  4.82186e+00 | 27 -0.15932  4.19418e-01
 28 -0.03452  3.14510e+00 | 29  0.08255  6.66919e+00 | 30  0.00877  1.94956e+00
 31 -0.08939  1.36332e+00 | 32  0.09172  3.13541e+00 | 33  0.04813  9.86656e-01
 34  0.08055 -2.23910e+01 | 35 -0.24846  1.03050e+01 | 36 -0.18712  2.63876e+01
 37  0.18222  1.59029e+01 | 38  0.25991 -7.66344e+01 | 39 -0.19488 -1.49164e+01
 40 -0.55190 -9.50602e+00 |
40 variables; iteration 40; function evaluation 57; phase 4
Function value 1.4922996e+03; maximum gradient component mag -1.7456e+01
Var    Value     Gradient |Var    Value     Gradient |Var    Value     Gradient
  1  0.10267 -2.53548e+00 |  2 -0.39248 -1.74561e+01 |  3  0.12611  4.18477e-01
  4 -0.04316  4.63122e-01 |  5 -0.01521 -2.92316e-01 |  6  0.11347 -9.99572e-01
  7  0.02527  2.24013e-01 |  8 -0.03066  4.42903e-02 |  9 -0.03630 -1.00207e-02
 10 -0.00520  1.12268e-01 | 11 -0.03310  3.56823e-02 | 12 -0.03001  3.92597e-01
 13 -0.04611  1.10415e-01 | 14 -0.02807  1.67969e-01 | 15 -0.08269  1.04875e-01
 16 -0.05539  5.81185e-02 | 17  0.02163 -1.16630e-01 | 18  0.12287 -3.04833e-01
 19  0.01973  2.87172e-01 | 20  0.04059  4.23694e-01 | 21 -0.05031  3.83575e-01
 22 -0.06143  8.36738e-01 | 23 -0.00389  4.64846e-01 | 24  0.11223  5.92619e-01
 25 -0.00337  6.63797e-01 | 26 -0.00338  4.44460e-01 | 27 -0.16002  8.11082e-01
 28 -0.03339  1.70316e-02 | 29  0.08098  3.71927e-01 | 30  0.01131  5.17050e-01
 31 -0.08893  3.60248e-01 | 32  0.09013  2.14137e-01 | 33  0.04727  2.25290e-01
 34  0.07953 -1.88130e+00 | 35 -0.25030  8.52214e-01 | 36 -0.20402  5.12706e-01
 37  0.19117  5.69375e-02 | 38  0.27194 -1.09585e+00 | 39 -0.19158  6.53314e-01
 40 -0.54526  2.90251e-01 |

 - final statistics:
40 variables; iteration 47; function evaluation 65
Function value 1.4923e+03; maximum gradient component mag -5.8730e-01
Exit code = 1;  converg criter 1.0000e+00
Var    Value     Gradient |Var    Value     Gradient |Var    Value     Gradient
  1  0.10270 -8.59949e-02 |  2 -0.39248 -5.87305e-01 |  3  0.12609  1.54326e-02
  4 -0.04409  1.73075e-02 |  5 -0.01457 -9.48122e-03 |  6  0.11381 -3.17539e-02
  7  0.02439  8.43822e-03 |  8 -0.03022  1.18669e-03 |  9 -0.03601  1.59292e-03
 10 -0.00557  2.05318e-03 | 11 -0.03257  3.00867e-03 | 12 -0.03055  1.29685e-02
 13 -0.04576  3.81943e-03 | 14 -0.02824  6.25174e-03 | 15 -0.08254  3.05220e-03
 16 -0.05540  2.40890e-03 | 17  0.02166 -5.10982e-03 | 18  0.12294 -1.13688e-02
 19  0.01964  8.34303e-03 | 20  0.04058  1.54940e-02 | 21 -0.04994  1.24435e-02
 22 -0.06205  2.99333e-02 | 23 -0.00370  1.61296e-02 | 24  0.11234  2.02686e-02
 25 -0.00350  2.26334e-02 | 26 -0.00329  1.53461e-02 | 27 -0.16088  2.85220e-02
 28 -0.03283  1.09969e-03 | 29  0.08093  1.20996e-02 | 30  0.01119  2.02008e-02
 31 -0.08897  6.56530e-03 | 32  0.09023  8.69731e-03 | 33  0.04765  8.07729e-03
 34  0.07962 -6.49895e-02 | 35 -0.25021  2.90353e-02 | 36 -0.20510  2.00171e-02
 37  0.19299  2.42143e-03 | 38  0.27233 -4.16584e-02 | 39 -0.19174  2.26891e-02
 40 -0.54548  1.01435e-02 |

Initial statistics: 45 variables; iteration 0; function evaluation 0; phase 5
Function value 1.4922978e+03; maximum gradient component mag 3.0674e+02
Var    Value     Gradient |Var    Value     Gradient |Var    Value     Gradient
  1  0.10270 -8.59949e-02 |  2  0.16664  3.06743e+02 |  3 -0.00844  3.80762e+01
  4  0.11991 -1.79676e+02 |  5  0.06890 -5.72178e+01 |  6 -0.39248 -5.87305e-01
  7  0.03448  6.77644e+00 |  8  0.12609  7.61730e-03 |  9 -0.04409  9.35543e-03
 10 -0.01457 -1.74503e-02 | 11  0.11381 -3.95980e-02 | 12  0.02439  4.72911e-04
 13 -0.03022 -6.77549e-03 | 14 -0.03601 -6.36549e-03 | 15 -0.00557 -5.91767e-03
 16 -0.03257 -4.95207e-03 | 17 -0.03055  5.00654e-03 | 18 -0.04576 -4.13115e-03
 19 -0.02824 -1.71158e-03 | 20 -0.08254 -4.85206e-03 | 21 -0.05540 -5.53210e-03
 22  0.02166 -1.30764e-02 | 23  0.12294 -1.91918e-02 | 24  0.01964  3.75667e-04
 25  0.04058  7.53907e-03 | 26 -0.04994  4.49681e-03 | 27 -0.06205  2.19999e-02
 28 -0.00370  8.15860e-03 | 29  0.11234  1.24212e-02 | 30 -0.00351  1.46624e-02
 31 -0.00329  7.37504e-03 | 32 -0.16088  2.08040e-02 | 33 -0.03283 -6.86087e-03
 34  0.08093  4.19281e-03 | 35  0.01119  1.22309e-02 | 36 -0.08897 -1.32815e-03
 37  0.09023  8.06081e-04 | 38  0.04765  1.28450e-04 | 39  0.07962 -6.49895e-02
 40 -0.25021  2.90353e-02 | 41 -0.20510  2.00171e-02 | 42  0.19299  2.42143e-03
 43  0.27233 -4.16584e-02 | 44 -0.19174  2.26891e-02 | 45 -0.54548  1.01435e-02

Intermediate statistics: 45 variables; iteration 20; function evaluation 27; phase 5
Function value 1.4905216e+03; maximum gradient component mag 5.2059e+02
Var    Value     Gradient |Var    Value     Gradient |Var    Value     Gradient
  1  0.09991 -1.41770e+01 |  2  0.15799  2.14270e+02 |  3  0.01164  6.18167e+01
  4  0.11755 -2.26272e+02 |  5  0.07607 -8.25862e+01 |  6 -0.39164  5.20589e+02
  7 -0.16135 -5.66341e+00 |  8  0.12417  2.91464e+01 |  9 -0.05065  3.15297e+00
 10 -0.02145  4.10488e+00 | 11  0.11313  1.88302e+01 | 12  0.01774  6.24084e+00
 13 -0.03476  1.34003e+00 | 14 -0.03984  2.37324e+00 | 15 -0.00819  7.12887e+00
 16 -0.03620  5.64661e+00 | 17 -0.03273  6.33968e+00 | 18 -0.04959  4.10215e+00
 19 -0.02901  3.51619e+00 | 20 -0.08491 -2.06073e+00 | 21 -0.05724 -6.42194e+00
 22  0.01785 -1.33273e+01 | 23  0.12561 -2.25549e+01 | 24  0.01614 -9.25595e+00
 25  0.04879 -3.84617e+00 | 26 -0.04288 -2.94533e+00 | 27 -0.05599 -4.50494e+00
 28  0.00390 -8.00600e+00 | 29  0.12327 -1.37561e+01 | 30  0.00138 -6.14956e+00
 31  0.00424 -6.02025e+00 | 32 -0.15693 -3.25837e+00 | 33 -0.03095 -7.58431e+00
 34  0.08556 -1.08908e+01 | 35  0.01216 -7.15789e+00 | 36 -0.09300 -6.15773e+00
 37  0.08881 -8.52755e+00 | 38  0.04120 -5.58387e+00 | 39  0.07793  2.01605e+01
 40 -0.24489 -2.42947e+01 | 41 -0.19322 -3.60717e-01 | 42  0.16496 -3.21894e+00
 43  0.26758  9.54118e+00 | 44 -0.19942  1.60120e+01 | 45 -0.55400 -7.47379e+00
45 variables; iteration 40; function evaluation 52; phase 5
Function value 1.4895278e+03; maximum gradient component mag -3.1251e+01
Var    Value     Gradient |Var    Value     Gradient |Var    Value     Gradient
  1  0.09767  2.76804e-01 |  2  0.15287 -1.26052e+01 |  3  0.01905 -2.98655e+00
  4  0.11985  9.78545e+00 |  5  0.08313  3.13281e+00 |  6 -0.39176 -3.12511e+01
  7 -0.15716  3.49583e-01 |  8  0.12077 -1.60475e+00 |  9 -0.04718  5.43109e-01
 10 -0.01966 -4.17618e-02 | 11  0.11181 -1.59420e+00 | 12  0.01846  8.18897e-01
 13 -0.03014  6.37411e-01 | 14 -0.04438 -2.04455e+00 | 15 -0.00824 -5.07234e-01
 16 -0.03458  8.30319e-01 | 17 -0.03427 -4.28733e-01 | 18 -0.05143 -1.09270e+00
 19 -0.02868 -7.72462e-02 | 20 -0.08540 -6.87408e-03 | 21 -0.05622 -1.75874e-01
 22  0.01850  5.91929e-01 | 23  0.12853  1.85831e+00 | 24  0.01393 -7.30396e-01
 25  0.04988  3.86132e-01 | 26 -0.04292  3.80095e-01 | 27 -0.05828 -9.10632e-01
 28  0.00492  5.78784e-01 | 29  0.12553  7.60995e-01 | 30 -0.00236 -7.77453e-01
 31  0.00654  9.60831e-01 | 32 -0.16361  9.67531e-01 | 33 -0.02782  1.14436e+00
 34  0.08517 -4.04292e-01 | 35  0.01381  1.30632e+00 | 36 -0.09192  6.45710e-01
 37  0.09089  1.81921e-01 | 38  0.03927 -4.99354e-01 | 39  0.08064  2.71262e-01
 40 -0.24030 -6.70417e-01 | 41 -0.19895  1.91590e-01 | 42  0.17414 -1.84294e-02
 43  0.26846 -6.19576e-01 | 44 -0.20072 -3.94572e-01 | 45 -0.55354  6.67148e-02
  ic > imax  in fminim is answer attained ?
Var    Value     Gradient |Var    Value     Gradient |Var    Value     Gradient
  1  0.09776  1.70680e-06 |  2  0.15316  2.35537e-05 |  3  0.01867  7.35277e-06
  4  0.11970 -2.12561e-05 |  5  0.08296 -6.95661e-06 |  6 -0.39175 -1.26212e-04
  7 -0.15932 -1.17458e-06 |  8  0.12124 -7.30262e-06 |  9 -0.04942 -9.39557e-07
 10 -0.02096 -6.53270e-07 | 11  0.11331 -2.68586e-06 | 12  0.01627 -7.22694e-07
 13 -0.03249  8.40864e-07 | 14 -0.03976 -9.45034e-07 | 15 -0.00907  1.41443e-06
 16 -0.03639  4.19744e-06 | 17 -0.03380  7.09316e-06 | 18 -0.04996  9.15307e-06
 19 -0.02965  7.84374e-06 | 20 -0.08532  1.94895e-06 | 21 -0.05597 -6.84833e-07
 22  0.01924 -5.97969e-06 | 23  0.12735 -8.26945e-06 | 24  0.01697 -1.15271e-06
 25  0.04877  8.67789e-06 | 26 -0.04340  4.61689e-06 | 27 -0.05607  1.68518e-07
 28  0.00432 -3.30738e-06 | 29  0.12524 -1.01268e-05 | 30 -0.00065 -2.33474e-06
 31  0.00594 -3.32090e-06 | 32 -0.16464  1.78496e-06 | 33 -0.02891 -7.20608e-07
 34  0.08638 -9.12332e-07 | 35  0.01183  1.48272e-06 | 36 -0.09241  3.27091e-06
 37  0.09106  2.44054e-06 | 38  0.04183  1.35950e-06 | 39  0.08050  3.31151e-05
 40 -0.24025 -2.64965e-05 | 41 -0.19949  2.06213e-06 | 42  0.17543  2.85266e-06
 43  0.26860 -4.09761e-06 | 44 -0.20067  9.21242e-06 | 45 -0.55353 -3.41984e-06
Function minimizer not making progress ... is minimum attained?
Minimprove criterion = 0.0000e+00

 - final statistics:
45 variables; iteration 56; function evaluation 104
Function value 1.4895e+03; maximum gradient component mag -1.2621e-04
Exit code = 1;  converg criter 1.0000e-04
Var    Value     Gradient |Var    Value     Gradient |Var    Value     Gradient
  1  0.09776  1.70680e-06 |  2  0.15316  2.35537e-05 |  3  0.01867  7.35277e-06
  4  0.11970 -2.12561e-05 |  5  0.08296 -6.95661e-06 |  6 -0.39175 -1.26212e-04
  7 -0.15932 -1.17458e-06 |  8  0.12124 -7.30262e-06 |  9 -0.04942 -9.39557e-07
 10 -0.02096 -6.53270e-07 | 11  0.11331 -2.68586e-06 | 12  0.01627 -7.22694e-07
 13 -0.03249  8.40864e-07 | 14 -0.03976 -9.45034e-07 | 15 -0.00907  1.41443e-06
 16 -0.03639  4.19744e-06 | 17 -0.03380  7.09316e-06 | 18 -0.04996  9.15307e-06
 19 -0.02965  7.84374e-06 | 20 -0.08532  1.94895e-06 | 21 -0.05597 -6.84833e-07
 22  0.01924 -5.97969e-06 | 23  0.12735 -8.26945e-06 | 24  0.01697 -1.15271e-06
 25  0.04877  8.67789e-06 | 26 -0.04340  4.61689e-06 | 27 -0.05607  1.68518e-07
 28  0.00432 -3.30738e-06 | 29  0.12524 -1.01268e-05 | 30 -0.00065 -2.33474e-06
 31  0.00594 -3.32090e-06 | 32 -0.16464  1.78496e-06 | 33 -0.02891 -7.20608e-07
 34  0.08638 -9.12332e-07 | 35  0.01183  1.48272e-06 | 36 -0.09241  3.27091e-06
 37  0.09106  2.44054e-06 | 38  0.04183  1.35950e-06 | 39  0.08050  3.31151e-05
 40 -0.24025 -2.64965e-05 | 41 -0.19949  2.06213e-06 | 42  0.17543  2.85266e-06
 43  0.26860 -4.09761e-06 | 44 -0.20067  9.21242e-06 | 45 -0.55353 -3.41984e-06

Initial statistics: 55 variables; iteration 0; function evaluation 0; phase 6
Function value 1.4895069e+03; maximum gradient component mag -1.2621e-04
Var    Value     Gradient |Var    Value     Gradient |Var    Value     Gradient
  1  0.09776  1.70678e-06 |  2  0.15316  2.35537e-05 |  3  0.01867  7.35274e-06
  4  0.11970 -2.12561e-05 |  5  0.08296 -6.95660e-06 |  6 -0.39175 -1.26212e-04
  7 -0.15932 -1.17458e-06 |  8  0.12124 -7.48953e-06 |  9 -0.04942 -1.12934e-06
 10 -0.02096 -8.43521e-07 | 11  0.11331 -2.87320e-06 | 12  0.01627 -9.12985e-07
 13 -0.03249  6.50756e-07 | 14 -0.03976 -1.13502e-06 | 15 -0.00907  1.22410e-06
 16 -0.03639  4.00740e-06 | 17 -0.03380  6.90308e-06 | 18 -0.04996  8.96329e-06
 19 -0.02965  7.65359e-06 | 20 -0.08532  1.76029e-06 | 21 -0.05597 -8.74457e-07
 22  0.01924 -6.16996e-06 | 23  0.12735 -8.45601e-06 | 24  0.01697 -1.34300e-06
 25  0.04877  8.48809e-06 | 26 -0.04340  4.42697e-06 | 27 -0.05607 -2.11030e-08
 28  0.00432 -3.49773e-06 | 29  0.12524 -1.03135e-05 | 30 -0.00065 -2.52510e-06
 31  0.00594 -3.51125e-06 | 32 -0.16464  1.60093e-06 | 33 -0.02891 -9.10769e-07
 34  0.08638 -1.10094e-06 | 35  0.01183  1.29239e-06 | 36 -0.09241  3.08256e-06
 37  0.09106  2.25212e-06 | 38  0.04183  1.16955e-06 | 39  0.00000  0.00000e+00
 40  0.00000  0.00000e+00 | 41  0.00000  0.00000e+00 | 42  0.00000  0.00000e+00
 43  0.00000  0.00000e+00 | 44  0.00000  0.00000e+00 | 45  0.00000  0.00000e+00
 46  0.00000  0.00000e+00 | 47  0.00000  0.00000e+00 | 48  0.00000  0.00000e+00
 49  0.08050  3.31151e-05 | 50 -0.24025 -2.64965e-05 | 51 -0.19949  2.06214e-06
 52  0.17543  2.85266e-06 | 53  0.26860 -4.09754e-06 | 54 -0.20067  9.21242e-06
 55 -0.55353 -3.41984e-06 |

 - final statistics:
55 variables; iteration 1; function evaluation 2
Function value 1.4895e+03; maximum gradient component mag 4.1762e-05
Exit code = 1;  converg criter 1.0000e-04
Var    Value     Gradient |Var    Value     Gradient |Var    Value     Gradient
  1  0.09776  3.28106e-06 |  2  0.15316  3.31386e-05 |  3  0.01867  9.52106e-06
  4  0.11970 -1.00011e-05 |  5  0.08296 -4.28451e-06 |  6 -0.39175  3.18567e-05
  7 -0.15932 -1.98581e-06 |  8  0.12124 -1.94287e-06 |  9 -0.04942 -3.67872e-07
 10 -0.02096  4.40449e-07 | 11  0.11331  2.83738e-06 | 12  0.01627  1.31444e-06
 13 -0.03249  1.86350e-06 | 14 -0.03976 -4.87210e-08 | 15 -0.00907  2.86301e-06
 16 -0.03639  5.06831e-06 | 17 -0.03380  7.90929e-06 | 18 -0.04996  9.59053e-06
 19 -0.02965  8.34899e-06 | 20 -0.08532  1.64130e-06 | 21 -0.05597 -1.04752e-06
 22  0.01924 -6.13359e-06 | 23  0.12735 -8.03584e-06 | 24  0.01697 -2.17229e-06
 25  0.04877  7.31453e-06 | 26 -0.04340  3.16711e-06 | 27 -0.05607 -1.36958e-06
 28  0.00432 -5.12884e-06 | 29  0.12524 -1.31180e-05 | 30 -0.00065 -4.37627e-06
 31  0.00594 -5.46586e-06 | 32 -0.16464  3.46823e-07 | 33 -0.02891 -2.60744e-06
 34  0.08638 -3.36761e-06 | 35  0.01183 -2.58694e-07 | 36 -0.09241  1.91146e-06
 37  0.09106  1.01790e-06 | 38  0.04183  1.07893e-07 | 39  0.00000  0.00000e+00
 40  0.00000  0.00000e+00 | 41  0.00000  0.00000e+00 | 42  0.00000  0.00000e+00
 43  0.00000  0.00000e+00 | 44  0.00000  0.00000e+00 | 45  0.00000  0.00000e+00
 46  0.00000  0.00000e+00 | 47  0.00000  0.00000e+00 | 48  0.00000  0.00000e+00
 49  0.08050  4.17618e-05 | 50 -0.24025 -2.97417e-05 | 51 -0.19949  5.84724e-07
 52  0.17543  2.15701e-06 | 53  0.26860 -2.25346e-06 | 54 -0.20067  1.02825e-05
 55 -0.55353 -3.38408e-06 |
Estimating row 1 out of 55 for hessian
Estimating row 2 out of 55 for hessian
Estimating row 3 out of 55 for hessian
Estimating row 4 out of 55 for hessian
Estimating row 5 out of 55 for hessian
Estimating row 6 out of 55 for hessian
Estimating row 7 out of 55 for hessian
Estimating row 8 out of 55 for hessian
Estimating row 9 out of 55 for hessian
Estimating row 10 out of 55 for hessian
Estimating row 11 out of 55 for hessian
Estimating row 12 out of 55 for hessian
Estimating row 13 out of 55 for hessian
Estimating row 14 out of 55 for hessian
Estimating row 15 out of 55 for hessian
Estimating row 16 out of 55 for hessian
Estimating row 17 out of 55 for hessian
Estimating row 18 out of 55 for hessian
Estimating row 19 out of 55 for hessian
Estimating row 20 out of 55 for hessian
Estimating row 21 out of 55 for hessian
Estimating row 22 out of 55 for hessian
Estimating row 23 out of 55 for hessian
Estimating row 24 out of 55 for hessian
Estimating row 25 out of 55 for hessian
Estimating row 26 out of 55 for hessian
Estimating row 27 out of 55 for hessian
Estimating row 28 out of 55 for hessian
Estimating row 29 out of 55 for hessian
Estimating row 30 out of 55 for hessian
Estimating row 31 out of 55 for hessian
Estimating row 32 out of 55 for hessian
Estimating row 33 out of 55 for hessian
Estimating row 34 out of 55 for hessian
Estimating row 35 out of 55 for hessian
Estimating row 36 out of 55 for hessian
Estimating row 37 out of 55 for hessian
Estimating row 38 out of 55 for hessian
Estimating row 39 out of 55 for hessian
Estimating row 40 out of 55 for hessian
Estimating row 41 out of 55 for hessian
Estimating row 42 out of 55 for hessian
Estimating row 43 out of 55 for hessian
Estimating row 44 out of 55 for hessian
Estimating row 45 out of 55 for hessian
Estimating row 46 out of 55 for hessian
Estimating row 47 out of 55 for hessian
Estimating row 48 out of 55 for hessian
Estimating row 49 out of 55 for hessian
Estimating row 50 out of 55 for hessian
Estimating row 51 out of 55 for hessian
Estimating row 52 out of 55 for hessian
Estimating row 53 out of 55 for hessian
Estimating row 54 out of 55 for hessian
Estimating row 55 out of 55 for hessian
size of file gradfil1.tmp = 0
size of file gradfil2.tmp = 0
size of file varssave.tmp = 0
size of file cmpdiff.tmp = 0
