
Initial statistics: 3 variables; iteration 0; function evaluation 0; phase 1
Function value 1.6794711e+03; maximum gradient component mag -2.3438e+05
Var    Value     Gradient |Var    Value     Gradient |Var    Value     Gradient
  1 -0.39753 -2.34381e+05 |  2  0.16262 -5.85750e+02 |  3 -0.77468 -8.45187e+01

 - final statistics:
3 variables; iteration 13; function evaluation 17
Function value 1.4802e+03; maximum gradient component mag -3.2240e+00
Exit code = 1;  converg criter 1.0000e+01
Var    Value     Gradient |Var    Value     Gradient |Var    Value     Gradient
  1 -0.39304 -3.22403e+00 |  2  0.17641 -1.02287e-02 |  3 -0.66964 -5.04790e-03

Initial statistics: 37 variables; iteration 0; function evaluation 0; phase 2
Function value 1.4802342e+03; maximum gradient component mag 4.6129e+02
Var    Value     Gradient |Var    Value     Gradient |Var    Value     Gradient
  1  0.09652 -5.24460e+01 |  2 -0.39304 -3.22403e+00 |  3  0.00000  6.26413e+01
  4  0.00000  1.33307e+01 |  5  0.00000 -4.99924e+01 |  6  0.00000 -5.85368e+01
  7  0.00000 -1.02522e+02 |  8  0.00000 -9.68197e+01 |  9  0.00000 -7.94915e+00
 10  0.00000  7.76149e+01 | 11  0.00000 -6.13699e+01 | 12  0.00000 -2.89401e+02
 13  0.00000 -3.72622e+02 | 14  0.00000 -3.86171e+02 | 15  0.00000 -3.53348e+02
 16  0.00000 -1.41168e+02 | 17  0.00000  1.55683e+02 | 18  0.00000  3.29068e+02
 19  0.00000  3.04286e+02 | 20  0.00000  2.63487e+02 | 21  0.00000  3.56704e+02
 22  0.00000  4.19390e+02 | 23  0.00000  3.13897e+02 | 24  0.00000  1.35014e+02
 25  0.00000 -1.99926e+02 | 26  0.00000 -4.13323e+02 | 27  0.00000 -2.13564e+02
 28  0.00000 -4.32441e+01 | 29  0.00000 -1.03309e+02 | 30  0.00000 -9.72819e+01
 31  0.00000  1.24540e+01 | 32  0.00000  3.77154e+01 | 33  0.00000 -1.23768e+01
 34  0.17641 -1.02287e-02 | 35 -0.66964 -5.04790e-03 | 36  0.08670  4.61287e+02
 37 -0.19914 -8.71574e+01 |

Intermediate statistics: 37 variables; iteration 20; function evaluation 30; phase 2
Function value 1.3773042e+03; maximum gradient component mag 2.5764e+03
Var    Value     Gradient |Var    Value     Gradient |Var    Value     Gradient
  1  0.09948  5.54531e+02 |  2 -0.39678  2.57641e+03 |  3 -0.04398 -5.44044e+00
  4 -0.03631  9.12820e+00 |  5  0.07607  2.43951e+01 |  6 -0.06716 -1.64884e+00
  7  0.02580  1.07489e+01 |  8  0.06724  2.58660e+01 |  9 -0.00828  1.95000e+01
 10 -0.08508  1.90009e+01 | 11 -0.06843  8.79961e+00 | 12  0.10098  1.05681e+01
 13  0.03338  1.59931e+01 | 14  0.00062  1.82330e+01 | 15  0.11251  6.93338e+01
 16 -0.01278  1.00118e+01 | 17 -0.05418  4.81978e+00 | 18 -0.07917  1.57717e+01
 19 -0.02534  2.81227e+01 | 20  0.03262  3.26144e+01 | 21 -0.03536  2.14238e+01
 22 -0.11489 -2.53720e+00 | 23  0.02124 -8.77714e+00 | 24 -0.12052 -4.32668e+01
 25 -0.09434 -4.57299e+01 | 26  0.21214  1.54008e+02 | 27 -0.24855 -7.73142e+01
 28 -0.27301 -5.54884e+01 | 29  0.13903 -3.68511e+01 | 30  0.07678 -2.76322e+01
 31 -0.04573 -1.62926e+01 | 32 -0.05836 -3.22079e+00 | 33  0.03459 -1.51662e+00
 34  0.17943  7.67114e+01 | 35 -0.61986 -4.32967e+00 | 36  0.12379  9.03382e+02
 37 -0.20861 -2.63554e+02 |
37 variables; iteration 40; function evaluation 59; phase 2
Function value 1.3210291e+03; maximum gradient component mag -1.1091e+03
Var    Value     Gradient |Var    Value     Gradient |Var    Value     Gradient
  1  0.09116 -5.83405e+01 |  2 -0.39489 -1.10908e+03 |  3 -0.01729  1.83437e+01
  4 -0.02444 -4.72562e+00 |  5  0.04775 -3.52808e+01 |  6 -0.02745 -1.57183e+01
  7  0.03239 -3.38757e+01 |  8  0.04551 -4.48603e+01 |  9  0.00116 -1.10228e+01
 10 -0.07029  1.27857e+01 | 11 -0.06131 -6.45317e+00 | 12  0.09191 -6.97328e+01
 13  0.04532 -5.71983e+01 | 14 -0.01368 -4.88029e+01 | 15  0.08996 -7.15389e+01
 16  0.01040 -1.22014e+01 | 17 -0.05500  9.98447e+00 | 18 -0.07792  2.17057e+01
 19 -0.03102  1.58263e+01 | 20  0.01869  4.20258e+00 | 21 -0.05732  1.17361e+01
 22 -0.08084  1.10510e+01 | 23 -0.03826  6.58310e+00 | 24 -0.06470  7.17574e+00
 25  0.00662 -3.37432e+00 | 26  0.12774  1.19895e+01 | 27  0.00638 -1.18419e+01
 28 -0.09706 -1.05515e+01 | 29  0.05794 -2.04439e+01 | 30  0.08717  6.57408e+00
 31 -0.02747  8.81640e+00 | 32 -0.01946  1.62490e+01 | 33  0.01611 -8.75481e+00
 34  0.17797  2.41416e+01 | 35 -0.66916 -2.06857e+00 | 36  0.06643 -1.13900e+02
 37 -0.19274 -3.04579e+01 |

 - final statistics:
37 variables; iteration 52; function evaluation 72
Function value 1.3176e+03; maximum gradient component mag -7.1139e-01
Exit code = 1;  converg criter 1.0000e+01
Var    Value     Gradient |Var    Value     Gradient |Var    Value     Gradient
  1  0.09121  9.01007e-02 |  2 -0.39512  5.36425e-01 |  3 -0.03984  4.17164e-02
  4 -0.03429  4.59419e-01 |  5  0.06680  2.54506e-01 |  6 -0.04230  1.30374e-01
  7  0.02624  2.49059e-01 |  8  0.06844  1.68745e-01 |  9 -0.00827  5.73651e-02
 10 -0.10580 -1.75023e-01 | 11 -0.06834 -2.83863e-02 | 12  0.10737 -5.94820e-01
 13  0.02404 -2.97882e-01 | 14  0.02741 -2.23930e-01 | 15  0.08685 -7.11386e-01
 16  0.01372 -1.45016e-01 | 17 -0.05567 -1.45902e-02 | 18 -0.09490  1.10479e-02
 19 -0.03330  2.50135e-01 | 20  0.03097  7.37484e-02 | 21 -0.06741  3.17116e-01
 22 -0.08023  5.05813e-02 | 23 -0.02936 -7.35569e-02 | 24 -0.07675 -1.98717e-01
 25  0.02734  1.06647e-01 | 26  0.12719 -3.02119e-01 | 27  0.02361 -1.47481e-01
 28 -0.08399  8.67817e-02 | 29  0.07779 -5.22857e-02 | 30  0.08886  1.93836e-01
 31 -0.02603  1.64486e-02 | 32 -0.04812  1.54658e-03 | 33  0.04747  9.72488e-03
 34  0.17140 -3.93004e-02 | 35 -0.68228  4.64737e-02 | 36  0.07210  2.46397e-01
 37 -0.19031  1.50182e-01 |

Initial statistics: 39 variables; iteration 0; function evaluation 0; phase 3
Function value 1.3176413e+03; maximum gradient component mag -5.0419e+01
Var    Value     Gradient |Var    Value     Gradient |Var    Value     Gradient
  1  0.09121  9.01007e-02 |  2 -0.39512  5.36425e-01 |  3 -0.03984  4.17164e-02
  4 -0.03429  4.59419e-01 |  5  0.06680  2.54506e-01 |  6 -0.04230  1.30374e-01
  7  0.02624  2.49059e-01 |  8  0.06844  1.68745e-01 |  9 -0.00827  5.73651e-02
 10 -0.10580 -1.75023e-01 | 11 -0.06834 -2.83863e-02 | 12  0.10737 -5.94820e-01
 13  0.02404 -2.97882e-01 | 14  0.02741 -2.23930e-01 | 15  0.08685 -7.11386e-01
 16  0.01372 -1.45016e-01 | 17 -0.05567 -1.45902e-02 | 18 -0.09490  1.10479e-02
 19 -0.03330  2.50135e-01 | 20  0.03097  7.37484e-02 | 21 -0.06741  3.17116e-01
 22 -0.08023  5.05813e-02 | 23 -0.02936 -7.35569e-02 | 24 -0.07675 -1.98717e-01
 25  0.02734  1.06647e-01 | 26  0.12719 -3.02119e-01 | 27  0.02361 -1.47481e-01
 28 -0.08399  8.67817e-02 | 29  0.07779 -5.22857e-02 | 30  0.08886  1.93836e-01
 31 -0.02603  1.64486e-02 | 32 -0.04812  1.54658e-03 | 33  0.04747  9.72488e-03
 34  0.17140 -3.93004e-02 | 35 -0.68228  4.64737e-02 | 36  0.07210  2.46397e-01
 37 -0.24091 -5.04189e+01 | 38 -0.19031  1.50182e-01 | 39 -0.57014  3.65577e+01

Intermediate statistics: 39 variables; iteration 20; function evaluation 27; phase 3
Function value 1.3172471e+03; maximum gradient component mag 2.3121e+02
Var    Value     Gradient |Var    Value     Gradient |Var    Value     Gradient
  1  0.09129  4.90853e+00 |  2 -0.39512  2.31206e+02 |  3 -0.03874  3.87963e+00
  4 -0.03424  4.30738e+00 |  5  0.06742  9.01065e+00 |  6 -0.04200  3.72750e+00
  7  0.02492  5.93991e+00 |  8  0.06963  8.12186e+00 |  9 -0.00930  4.46309e+00
 10 -0.10551  2.28367e+00 | 11 -0.06795  3.17429e+00 | 12  0.10757  1.21040e+01
 13  0.02277  6.42115e+00 | 14  0.02950  6.47080e+00 | 15  0.08627  7.95311e+00
 16  0.01317  3.79438e+00 | 17 -0.05561  1.49953e+00 | 18 -0.09511  7.08882e-01
 19 -0.03532  1.04819e+00 | 20  0.03117  1.42441e+00 | 21 -0.06911  5.11240e-01
 22 -0.08267  5.67242e-01 | 23 -0.02923  1.45459e+00 | 24 -0.07894 -4.66618e-01
 25  0.02403 -1.25215e+00 | 26  0.12563 -1.94465e+00 | 27  0.01968 -1.37499e+00
 28 -0.08872 -2.36854e-01 | 29  0.07644  1.58891e+00 | 30  0.08267 -4.93634e-01
 31 -0.03036 -3.38644e-01 | 32 -0.05161 -2.11747e-01 | 33  0.04357 -4.30239e-01
 34  0.17265  7.45326e+00 | 35 -0.67294  1.79421e+00 | 36  0.07307 -2.89049e+01
 37 -0.23487 -7.18044e+00 | 38 -0.19432 -1.08410e+01 | 39 -0.57850  2.43900e+01
39 variables; iteration 40; function evaluation 58; phase 3
Function value 1.3169848e+03; maximum gradient component mag 3.3054e+00
Var    Value     Gradient |Var    Value     Gradient |Var    Value     Gradient
  1  0.09100  4.74627e-02 |  2 -0.39536  3.30539e+00 |  3 -0.03813  1.37863e-01
  4 -0.03517 -2.17962e-01 |  5  0.06801  1.78185e-01 |  6 -0.04242  5.64177e-02
  7  0.02437 -1.53516e-02 |  8  0.07090  1.24149e-01 |  9 -0.01025  5.71036e-02
 10 -0.10595 -4.51685e-02 | 11 -0.06720  2.45320e-02 | 12  0.10751  1.24050e-01
 13  0.02183  1.82646e-02 | 14  0.03040  1.01895e-01 | 15  0.08608  1.05094e-01
 16  0.01263  3.10532e-02 | 17 -0.05459  5.62174e-02 | 18 -0.09512 -4.59912e-02
 19 -0.03582  7.16991e-02 | 20  0.03200 -2.04164e-02 | 21 -0.06974  9.71735e-02
 22 -0.08215 -6.94432e-02 | 23 -0.02982  6.24308e-02 | 24 -0.07807 -1.12432e-01
 25  0.02414  4.70183e-02 | 26  0.12606 -6.35024e-02 | 27  0.01960  1.40762e-02
 28 -0.08824 -6.02253e-02 | 29  0.07596 -4.83959e-03 | 30  0.08188  1.93764e-02
 31 -0.03085 -8.81781e-02 | 32 -0.05033  1.53945e-01 | 33  0.04530  4.88031e-02
 34  0.17269  3.40425e-02 | 35 -0.67456 -1.60864e-02 | 36  0.08027  1.17877e-01
 37 -0.22774 -6.15809e-02 | 38 -0.19637  8.38928e-03 | 39 -0.58792 -1.88045e-02

 - final statistics:
39 variables; iteration 45; function evaluation 65
Function value 1.3170e+03; maximum gradient component mag 7.7225e-01
Exit code = 1;  converg criter 1.0000e+00
Var    Value     Gradient |Var    Value     Gradient |Var    Value     Gradient
  1  0.09099  9.93624e-03 |  2 -0.39536  7.72246e-01 |  3 -0.03835  3.56514e-02
  4 -0.03456 -6.01215e-02 |  5  0.06779  4.46526e-02 |  6 -0.04239  1.31325e-02
  7  0.02452 -7.13992e-03 |  8  0.07081  2.95650e-02 |  9 -0.01023  1.51892e-02
 10 -0.10584 -1.54551e-02 | 11 -0.06718  9.66601e-03 | 12  0.10746  2.55958e-02
 13  0.02198  9.15944e-03 | 14  0.03029  2.35109e-02 | 15  0.08609  2.26654e-02
 16  0.01268  1.28468e-02 | 17 -0.05472  2.17580e-03 | 18 -0.09495 -7.78362e-03
 19 -0.03595  2.17836e-02 | 20  0.03208 -1.22867e-02 | 21 -0.06992  3.77185e-02
 22 -0.08203 -3.29508e-02 | 23 -0.02993  2.04444e-02 | 24 -0.07787 -3.87530e-02
 25  0.02403  1.52216e-02 | 26  0.12609 -1.91010e-02 | 27  0.01950 -1.09403e-03
 28 -0.08812 -1.65793e-02 | 29  0.07594 -4.08769e-03 | 30  0.08183  5.69010e-03
 31 -0.03071 -3.09764e-02 | 32 -0.05068  2.41350e-02 | 33  0.04535  6.61274e-02
 34  0.17270  9.88900e-03 | 35 -0.67448  4.06711e-03 | 36  0.08028  2.62988e-02
 37 -0.22772 -1.48160e-02 | 38 -0.19636  7.41611e-04 | 39 -0.58790 -3.33467e-03

Initial statistics: 44 variables; iteration 0; function evaluation 0; phase 4
Function value 1.3169846e+03; maximum gradient component mag 1.7087e+02
Var    Value     Gradient |Var    Value     Gradient |Var    Value     Gradient
  1  0.09099  9.93624e-03 |  2  0.17139  1.70867e+02 |  3 -0.01721 -1.40853e+01
  4  0.11616 -6.56964e+01 |  5  0.08642  1.18122e+01 |  6 -0.39536  7.72246e-01
  7  0.02268  3.42107e-01 |  8 -0.03835  3.56514e-02 |  9 -0.03456 -6.01215e-02
 10  0.06779  4.46526e-02 | 11 -0.04239  1.31325e-02 | 12  0.02452 -7.13992e-03
 13  0.07081  2.95650e-02 | 14 -0.01023  1.51892e-02 | 15 -0.10584 -1.54551e-02
 16 -0.06718  9.66601e-03 | 17  0.10746  2.55958e-02 | 18  0.02198  9.15944e-03
 19  0.03029  2.35109e-02 | 20  0.08609  2.26654e-02 | 21  0.01268  1.28468e-02
 22 -0.05472  2.17580e-03 | 23 -0.09495 -7.78362e-03 | 24 -0.03595  2.17836e-02
 25  0.03208 -1.22867e-02 | 26 -0.06992  3.77185e-02 | 27 -0.08203 -3.29508e-02
 28 -0.02993  2.04444e-02 | 29 -0.07787 -3.87530e-02 | 30  0.02403  1.52216e-02
 31  0.12609 -1.91010e-02 | 32  0.01950 -1.09403e-03 | 33 -0.08812 -1.65793e-02
 34  0.07594 -4.08769e-03 | 35  0.08183  5.69010e-03 | 36 -0.03071 -3.09764e-02
 37 -0.05068  2.41350e-02 | 38  0.04535  6.61274e-02 | 39  0.17270  9.88900e-03
 40 -0.67448  4.06711e-03 | 41  0.08028  2.62988e-02 | 42 -0.22772 -1.48160e-02
 43 -0.19636  7.41611e-04 | 44 -0.58790 -3.33467e-03 |

Intermediate statistics: 44 variables; iteration 20; function evaluation 24; phase 4
Function value 1.3161243e+03; maximum gradient component mag 4.3499e+02
Var    Value     Gradient |Var    Value     Gradient |Var    Value     Gradient
  1  0.08675 -3.43206e+01 |  2  0.16555  1.21119e+02 |  3 -0.00191 -5.42031e+00
  4  0.11753  6.84825e+00 |  5  0.08904  1.13469e+01 |  6 -0.39502  4.34992e+02
  7 -0.01182 -6.95980e-01 |  8 -0.04311  4.42499e+00 |  9 -0.03351  4.35799e+00
 10  0.06657  1.02843e+01 | 11 -0.04055  5.21712e+00 | 12  0.02249  7.07253e+00
 13  0.07014  9.80632e+00 | 14 -0.01114  5.60179e+00 | 15 -0.10543  3.23941e+00
 16 -0.06658  3.98566e+00 | 17  0.10650  1.40646e+01 | 18  0.02232  7.80096e+00
 19  0.03096  7.81663e+00 | 20  0.08646  9.63780e+00 | 21  0.01215  4.12088e+00
 22 -0.05299  2.15734e+00 | 23 -0.09303  1.09606e+00 | 24 -0.03556  2.19567e-01
 25  0.03389 -4.17238e-01 | 26 -0.06870 -4.74825e-01 | 27 -0.07862 -4.00903e-01
 28 -0.02917 -3.28379e+00 | 29 -0.07560 -1.78166e+00 | 30  0.02737 -2.31795e+00
 31  0.12920 -6.29381e+00 | 32  0.02098 -4.33116e-01 | 33 -0.08265  7.04497e-01
 34  0.07962  9.56411e-01 | 35  0.08621  1.73725e+00 | 36 -0.02886  2.31160e-01
 37 -0.04852 -1.52163e-02 | 38  0.04626 -2.00105e-01 | 39  0.17274  1.66454e+00
 40 -0.67072  4.46325e-01 | 41  0.08101  1.47044e+01 | 42 -0.22370  7.12831e+00
 43 -0.19910 -1.52352e+01 | 44 -0.59116  7.44408e+00 |
44 variables; iteration 40; function evaluation 50; phase 4
Function value 1.3157187e+03; maximum gradient component mag -2.3816e+01
Var    Value     Gradient |Var    Value     Gradient |Var    Value     Gradient
  1  0.08821 -8.49897e-01 |  2  0.15969 -2.72631e+00 |  3  0.00663 -7.86124e-01
  4  0.11914 -1.34093e+00 |  5  0.08282 -8.11830e-01 |  6 -0.39501 -2.38159e+01
  7  0.00232 -1.86399e-01 |  8 -0.04349 -8.95150e-01 |  9 -0.02980  1.24752e+00
 10  0.06607 -9.10657e-01 | 11 -0.04298 -9.60049e-01 | 12  0.02280 -9.30776e-01
 13  0.07161 -5.33893e-01 | 14 -0.01153 -8.69909e-01 | 15 -0.10950 -1.54339e+00
 16 -0.06623  1.38039e-01 | 17  0.10789 -1.85690e-01 | 18  0.01747 -1.49001e+00
 19  0.03464  4.85448e-01 | 20  0.08425 -5.25640e-01 | 21  0.01448 -2.56514e-01
 22 -0.05674 -1.07663e+00 | 23 -0.09075  1.05063e+00 | 24 -0.03616 -3.34757e-02
 25  0.03314 -7.75801e-01 | 26 -0.07023 -1.40212e-01 | 27 -0.07702  1.58249e+00
 28 -0.03015 -6.45819e-01 | 29 -0.07678 -1.51171e-01 | 30  0.02807  1.02199e+00
 31  0.12774 -1.64604e-01 | 32  0.02355  1.62300e+00 | 33 -0.08726 -7.81400e-01
 34  0.07810 -1.15092e-01 | 35  0.08662  1.52820e+00 | 36 -0.03131 -1.08663e+00
 37 -0.04940 -4.77890e-01 | 38  0.04603 -3.05300e-01 | 39  0.17214 -8.90178e-01
 40 -0.67851 -1.69083e+00 | 41  0.08228 -7.75112e-01 | 42 -0.22440  6.71355e-04
 43 -0.19768  2.65480e-01 | 44 -0.59022  2.17612e-01 |

 - final statistics:
44 variables; iteration 53; function evaluation 69
Function value 1.3157e+03; maximum gradient component mag 8.0916e-05
Exit code = 1;  converg criter 1.0000e-04
Var    Value     Gradient |Var    Value     Gradient |Var    Value     Gradient
  1  0.08809  2.83051e-06 |  2  0.15971  5.23766e-06 |  3  0.00679  1.95171e-06
  4  0.11904  5.18550e-06 |  5  0.08333  1.49910e-06 |  6 -0.39503  8.09157e-05
  7  0.00434  3.55159e-07 |  8 -0.04172 -6.14462e-08 |  9 -0.03389  1.76145e-06
 10  0.06715  6.89046e-07 | 11 -0.04250  1.50756e-07 | 12  0.02304  2.46739e-06
 13  0.07095  6.36731e-06 | 14 -0.01142  1.15178e-06 | 15 -0.10611  3.06076e-06
 16 -0.06703  1.32742e-06 | 17  0.10662  3.57434e-06 | 18  0.02178  2.41162e-06
 19  0.03039  1.71683e-06 | 20  0.08594  6.82969e-07 | 21  0.01207  5.34841e-07
 22 -0.05387 -1.95405e-06 | 23 -0.09411  5.13495e-07 | 24 -0.03609 -3.52619e-07
 25  0.03261  6.38965e-08 | 26 -0.06943  7.39709e-07 | 27 -0.08076  5.40150e-07
 28 -0.02951  4.58701e-07 | 29 -0.07724  4.36476e-07 | 30  0.02558  7.25178e-07
 31  0.12769 -6.87673e-07 | 32  0.01975 -3.01070e-07 | 33 -0.08585  1.05360e-07
 34  0.07749  4.06369e-07 | 35  0.08339 -4.06069e-07 | 36 -0.03005  1.03560e-07
 37 -0.04983  2.31008e-07 | 38  0.04568 -3.68948e-07 | 39  0.17269  1.93490e-06
 40 -0.67323  1.39678e-07 | 41  0.08235  3.15372e-06 | 42 -0.22404 -3.27008e-07
 43 -0.19786 -7.24378e-07 | 44 -0.59056  2.28103e-07 |

 - final statistics:
54 variables; iteration 0; function evaluation 0
Function value 1.3157e+03; maximum gradient component mag 8.0916e-05
Exit code = 0;  converg criter 1.0000e-04
Var    Value     Gradient |Var    Value     Gradient |Var    Value     Gradient
  1  0.08809  2.83052e-06 |  2  0.15971  5.23770e-06 |  3  0.00679  1.95173e-06
  4  0.11904  5.18553e-06 |  5  0.08333  1.49911e-06 |  6 -0.39503  8.09161e-05
  7  0.00434  3.55159e-07 |  8 -0.04172 -6.14402e-08 |  9 -0.03389  1.76145e-06
 10  0.06715  6.89058e-07 | 11 -0.04250  1.50761e-07 | 12  0.02304  2.46740e-06
 13  0.07095  6.36733e-06 | 14 -0.01142  1.15179e-06 | 15 -0.10611  3.06076e-06
 16 -0.06703  1.32743e-06 | 17  0.10662  3.57435e-06 | 18  0.02178  2.41163e-06
 19  0.03039  1.71684e-06 | 20  0.08594  6.82980e-07 | 21  0.01207  5.34846e-07
 22 -0.05387 -1.95405e-06 | 23 -0.09411  5.13495e-07 | 24 -0.03609 -3.52618e-07
 25  0.03261  6.38977e-08 | 26 -0.06943  7.39709e-07 | 27 -0.08076  5.40150e-07
 28 -0.02951  4.58701e-07 | 29 -0.07724  4.36475e-07 | 30  0.02558  7.25176e-07
 31  0.12769 -6.87676e-07 | 32  0.01975 -3.01072e-07 | 33 -0.08585  1.05359e-07
 34  0.07749  4.06367e-07 | 35  0.08339 -4.06070e-07 | 36 -0.03005  1.03560e-07
 37 -0.04983  2.31008e-07 | 38  0.04568 -3.68948e-07 | 39  0.00000  0.00000e+00
 40  0.00000  0.00000e+00 | 41  0.00000  0.00000e+00 | 42  0.00000  0.00000e+00
 43  0.00000  0.00000e+00 | 44  0.00000  0.00000e+00 | 45  0.00000  0.00000e+00
 46  0.00000  0.00000e+00 | 47  0.00000  0.00000e+00 | 48  0.00000  0.00000e+00
 49  0.17269  1.93490e-06 | 50 -0.67323  1.39679e-07 | 51  0.08235  3.15374e-06
 52 -0.22404 -3.27015e-07 | 53 -0.19786 -7.24376e-07 | 54 -0.59056  2.28106e-07
Estimating row 1 out of 54 for hessian
Estimating row 2 out of 54 for hessian
Estimating row 3 out of 54 for hessian
Estimating row 4 out of 54 for hessian
Estimating row 5 out of 54 for hessian
Estimating row 6 out of 54 for hessian
Estimating row 7 out of 54 for hessian
Estimating row 8 out of 54 for hessian
Estimating row 9 out of 54 for hessian
Estimating row 10 out of 54 for hessian
Estimating row 11 out of 54 for hessian
Estimating row 12 out of 54 for hessian
Estimating row 13 out of 54 for hessian
Estimating row 14 out of 54 for hessian
Estimating row 15 out of 54 for hessian
Estimating row 16 out of 54 for hessian
Estimating row 17 out of 54 for hessian
Estimating row 18 out of 54 for hessian
Estimating row 19 out of 54 for hessian
Estimating row 20 out of 54 for hessian
Estimating row 21 out of 54 for hessian
Estimating row 22 out of 54 for hessian
Estimating row 23 out of 54 for hessian
Estimating row 24 out of 54 for hessian
Estimating row 25 out of 54 for hessian
Estimating row 26 out of 54 for hessian
Estimating row 27 out of 54 for hessian
Estimating row 28 out of 54 for hessian
Estimating row 29 out of 54 for hessian
Estimating row 30 out of 54 for hessian
Estimating row 31 out of 54 for hessian
Estimating row 32 out of 54 for hessian
Estimating row 33 out of 54 for hessian
Estimating row 34 out of 54 for hessian
Estimating row 35 out of 54 for hessian
Estimating row 36 out of 54 for hessian
Estimating row 37 out of 54 for hessian
Estimating row 38 out of 54 for hessian
Estimating row 39 out of 54 for hessian
Estimating row 40 out of 54 for hessian
Estimating row 41 out of 54 for hessian
Estimating row 42 out of 54 for hessian
Estimating row 43 out of 54 for hessian
Estimating row 44 out of 54 for hessian
Estimating row 45 out of 54 for hessian
Estimating row 46 out of 54 for hessian
Estimating row 47 out of 54 for hessian
Estimating row 48 out of 54 for hessian
Estimating row 49 out of 54 for hessian
Estimating row 50 out of 54 for hessian
Estimating row 51 out of 54 for hessian
Estimating row 52 out of 54 for hessian
Estimating row 53 out of 54 for hessian
Estimating row 54 out of 54 for hessian
size of file gradfil1.tmp = 0
size of file gradfil2.tmp = 0
size of file varssave.tmp = 0
size of file cmpdiff.tmp = 0
