
Initial statistics: 3 variables; iteration 0; function evaluation 0; phase 1
Function value 1.6794711e+03; maximum gradient component mag -2.3438e+05
Var    Value     Gradient |Var    Value     Gradient |Var    Value     Gradient
  1 -0.39753 -2.34381e+05 |  2  0.16262 -5.85750e+02 |  3 -0.77468 -8.45187e+01

 - final statistics:
3 variables; iteration 13; function evaluation 17
Function value 1.4802e+03; maximum gradient component mag -3.2240e+00
Exit code = 1;  converg criter 1.0000e+01
Var    Value     Gradient |Var    Value     Gradient |Var    Value     Gradient
  1 -0.39304 -3.22403e+00 |  2  0.17641 -1.02287e-02 |  3 -0.66964 -5.04790e-03

Initial statistics: 37 variables; iteration 0; function evaluation 0; phase 2
Function value 1.4802342e+03; maximum gradient component mag 4.6129e+02
Var    Value     Gradient |Var    Value     Gradient |Var    Value     Gradient
  1  0.09652 -5.24460e+01 |  2 -0.39304 -3.22403e+00 |  3  0.00000  7.94684e+01
  4  0.00000  3.01577e+01 |  5  0.00000 -3.31654e+01 |  6  0.00000 -4.17098e+01
  7  0.00000 -8.56946e+01 |  8  0.00000 -7.99926e+01 |  9  0.00000  8.87790e+00
 10  0.00000  9.44419e+01 | 11  0.00000 -4.45429e+01 | 12  0.00000 -2.72574e+02
 13  0.00000 -3.55795e+02 | 14  0.00000 -3.69344e+02 | 15  0.00000 -3.36521e+02
 16  0.00000 -1.24341e+02 | 17  0.00000  1.72510e+02 | 18  0.00000  3.45895e+02
 19  0.00000  3.21113e+02 | 20  0.00000  2.80314e+02 | 21  0.00000  3.73531e+02
 22  0.00000  4.36217e+02 | 23  0.00000  3.30724e+02 | 24  0.00000  1.51841e+02
 25  0.00000 -1.83099e+02 | 26  0.00000 -3.96496e+02 | 27  0.00000 -1.96737e+02
 28  0.00000 -2.64171e+01 | 29  0.00000 -8.64815e+01 | 30  0.00000 -8.04549e+01
 31  0.00000  2.92811e+01 | 32  0.00000  5.45425e+01 | 33  0.00000  4.45021e+00
 34  0.17641 -1.02287e-02 | 35 -0.66964 -5.04790e-03 | 36  0.08670  4.61287e+02
 37 -0.19914 -8.71574e+01 |

Intermediate statistics: 37 variables; iteration 20; function evaluation 34; phase 2
Function value 1.3365271e+03; maximum gradient component mag 2.3809e+03
Var    Value     Gradient |Var    Value     Gradient |Var    Value     Gradient
  1  0.10181  5.50384e+02 |  2 -0.39225  2.38087e+03 |  3 -0.03311  2.58069e+01
  4 -0.01123  3.79024e+01 |  5  0.03736  2.47810e+01 |  6 -0.02280  1.08836e+01
  7  0.01555  7.10786e+00 |  8  0.05100  2.54795e+01 |  9 -0.00955  3.90223e+01
 10 -0.05954  5.44795e+01 | 11 -0.02331  5.70505e+01 | 12  0.07544  3.62236e+01
 13  0.05055  3.41523e+00 | 14 -0.01230 -1.96763e+01 | 15  0.08938 -2.03598e+00
 16  0.01016  1.21095e+01 | 17 -0.04116  1.54061e+01 | 18 -0.06867 -4.65158e-01
 19 -0.07935 -4.04498e+01 | 20  0.04224 -4.97629e+01 | 21 -0.09644 -1.75387e+01
 22 -0.05607  3.75994e+01 | 23 -0.01251  8.62616e+01 | 24 -0.02643  6.75903e+01
 25 -0.00038  9.09197e+00 | 26  0.14582 -7.67233e+00 | 27 -0.02640 -6.23843e+01
 28 -0.06399 -2.19915e+01 | 29  0.07654 -2.47512e+01 | 30  0.08124 -2.56965e+01
 31 -0.03331 -1.94288e+01 | 32 -0.04428 -1.00405e+01 | 33  0.05281 -8.79628e+00
 34  0.17105  1.06145e+02 | 35 -0.68419  1.58624e+01 | 36  0.04328 -3.15534e+02
 37 -0.18337  1.77053e+02 |
37 variables; iteration 40; function evaluation 66; phase 2
Function value 1.3178943e+03; maximum gradient component mag 3.5877e+02
Var    Value     Gradient |Var    Value     Gradient |Var    Value     Gradient
  1  0.09116  4.85491e+00 |  2 -0.39516  3.58765e+02 |  3 -0.03950  2.34306e+00
  4 -0.02207  4.63209e+00 |  5  0.05678  1.68304e+00 |  6 -0.02726  5.15737e+00
  7  0.02659  3.99796e+00 |  8  0.06480  2.23980e+00 |  9 -0.00811  3.44972e+00
 10 -0.09617  5.26850e+00 | 11 -0.05529  6.29183e+00 | 12  0.10005  8.17486e+00
 13  0.03450  1.00571e+01 | 14  0.02802  7.89013e+00 | 15  0.08575  4.48974e+00
 16  0.01270 -5.46800e-01 | 17 -0.05138 -1.25902e-01 | 18 -0.09667 -3.93646e+00
 19 -0.03494 -6.10775e+00 | 20  0.03142 -6.15402e+00 | 21 -0.06586 -3.90999e+00
 22 -0.08174 -6.11463e+00 | 23 -0.03032 -6.89615e+00 | 24 -0.07260 -3.88155e+00
 25  0.02543 -6.91388e+00 | 26  0.12865 -6.09712e+00 | 27  0.02504 -3.78441e+00
 28 -0.08776 -4.57129e+00 | 29  0.08175 -1.73477e+00 | 30  0.08663 -3.32155e+00
 31 -0.01453  1.75309e+00 | 32 -0.05460 -5.39229e+00 | 33  0.05113 -2.10883e+00
 34  0.17107  2.80678e+00 | 35 -0.68407  4.40130e-01 | 36  0.07265  1.90497e+01
 37 -0.18996  1.52193e-01 |

 - final statistics:
37 variables; iteration 46; function evaluation 73
Function value 1.3177e+03; maximum gradient component mag 8.1107e+00
Exit code = 1;  converg criter 1.0000e+01
Var    Value     Gradient |Var    Value     Gradient |Var    Value     Gradient
  1  0.09110  3.10342e-01 |  2 -0.39525  8.11072e+00 |  3 -0.03818  7.94342e-02
  4 -0.03395 -1.85430e-01 |  5  0.06703  4.04447e-01 |  6 -0.04084 -5.33345e-02
  7  0.02661  3.68480e-02 |  8  0.06890  2.00312e-01 |  9 -0.00807 -4.70804e-02
 10 -0.10381 -9.31306e-02 | 11 -0.06652  1.59703e-02 | 12  0.10729  5.77935e-01
 13  0.02588  2.71298e-01 | 14  0.02772  9.71678e-02 | 15  0.08756  2.08968e-01
 16  0.01458  3.62215e-02 | 17 -0.05481 -1.41398e-01 | 18 -0.09325 -1.00754e-01
 19 -0.03246 -1.11951e-01 | 20  0.03230 -4.77461e-02 | 21 -0.06634 -9.89864e-02
 22 -0.07797 -1.41808e-01 | 23 -0.02809 -1.81597e-01 | 24 -0.07355 -9.02304e-02
 25  0.02899 -1.09544e-01 | 26  0.12964 -6.60771e-02 | 27  0.02628 -5.14482e-02
 28 -0.08074 -1.23761e-01 | 29  0.08061 -8.48137e-02 | 30  0.09150 -1.04659e-01
 31 -0.02262 -1.35598e-01 | 32 -0.04445 -1.30827e-01 | 33  0.05152 -5.47714e-02
 34  0.17044  4.90171e-02 | 35 -0.68885  3.00804e-04 | 36  0.07280  1.04305e-01
 37 -0.18981  7.96649e-02 |

Initial statistics: 39 variables; iteration 0; function evaluation 0; phase 3
Function value 1.3176678e+03; maximum gradient component mag -4.8465e+01
Var    Value     Gradient |Var    Value     Gradient |Var    Value     Gradient
  1  0.09110  3.10342e-01 |  2 -0.39525  8.11072e+00 |  3 -0.03818  8.66078e-02
  4 -0.03395 -1.78253e-01 |  5  0.06703  4.11594e-01 |  6 -0.04084 -4.61628e-02
  7  0.02661  4.40283e-02 |  8  0.06890  2.07456e-01 |  9 -0.00807 -3.98944e-02
 10 -0.10381 -8.60394e-02 | 11 -0.06652  2.31177e-02 | 12  0.10729  5.85019e-01
 13  0.02588  2.78479e-01 | 14  0.02772  1.04347e-01 | 15  0.08756  2.16087e-01
 16  0.01458  4.34062e-02 | 17 -0.05481 -1.34238e-01 | 18 -0.09325 -9.36442e-02
 19 -0.03246 -1.04773e-01 | 20  0.03230 -4.05689e-02 | 21 -0.06634 -9.18389e-02
 22 -0.07797 -1.34675e-01 | 23 -0.02809 -1.74417e-01 | 24 -0.07355 -8.30918e-02
 25  0.02899 -1.02365e-01 | 26  0.12964 -5.90390e-02 | 27  0.02628 -4.42678e-02
 28 -0.08074 -1.16632e-01 | 29  0.08061 -7.76847e-02 | 30  0.09150 -9.75464e-02
 31 -0.02262 -1.28416e-01 | 32 -0.04445 -1.23658e-01 | 33  0.05152 -4.76084e-02
 34  0.17044  4.90171e-02 | 35 -0.68885  3.00804e-04 | 36  0.07280  1.04305e-01
 37 -0.24091 -4.84647e+01 | 38 -0.18981  7.96649e-02 | 39 -0.57014  3.59120e+01

Intermediate statistics: 39 variables; iteration 20; function evaluation 27; phase 3
Function value 1.3171386e+03; maximum gradient component mag 6.8117e+01
Var    Value     Gradient |Var    Value     Gradient |Var    Value     Gradient
  1  0.09090 -1.10082e+00 |  2 -0.39540  6.81170e+01 |  3 -0.03751  4.49171e-01
  4 -0.03134  6.70950e-01 |  5  0.06618  1.62148e+00 |  6 -0.03807  1.31862e+00
  7  0.02541  1.86755e+00 |  8  0.07070  2.75842e+00 |  9 -0.00929  1.13437e+00
 10 -0.10320  6.53875e-01 | 11 -0.06450  1.04059e+00 | 12  0.10730  3.68264e+00
 13  0.02453  1.82567e+00 | 14  0.03115  2.07676e+00 | 15  0.08652  2.69054e+00
 16  0.01527  1.57592e+00 | 17 -0.05432  3.78189e-01 | 18 -0.09282  2.66361e-01
 19 -0.03324  7.90275e-01 | 20  0.03331  1.41629e+00 | 21 -0.06687  4.65158e-01
 22 -0.07821  4.53036e-01 | 23 -0.02784  1.60920e-01 | 24 -0.07355 -1.95213e-01
 25  0.02774 -4.00566e-01 | 26  0.12972 -8.85358e-01 | 27  0.02456 -3.07808e-01
 28 -0.08185 -4.48829e-02 | 29  0.08028  6.87155e-01 | 30  0.08838  8.70405e-01
 31 -0.02410  4.25253e-01 | 32 -0.04451  1.69158e-01 | 33  0.05166  8.52691e-02
 34  0.17087  2.25762e+00 | 35 -0.68560  5.89242e-01 | 36  0.07739 -1.17143e+01
 37 -0.23248 -6.50163e+00 | 38 -0.19410 -9.12619e+00 | 39 -0.58145  1.54701e+01
39 variables; iteration 40; function evaluation 60; phase 3
Function value 1.3170614e+03; maximum gradient component mag -2.3122e+00
Var    Value     Gradient |Var    Value     Gradient |Var    Value     Gradient
  1  0.09077  1.45757e-02 |  2 -0.39555 -2.31219e+00 |  3 -0.03654 -2.05751e-02
  4 -0.03090 -3.61719e-02 |  5  0.06675 -2.43483e-02 |  6 -0.03906 -6.64385e-03
  7  0.02586 -1.18491e-02 |  8  0.07082 -3.46492e-02 |  9 -0.00901 -1.08666e-02
 10 -0.10322 -7.90728e-02 | 11 -0.06394 -9.38148e-02 | 12  0.10709 -5.38538e-02
 13  0.02479  3.70477e-02 | 14  0.03145 -4.91098e-02 | 15  0.08655 -5.39646e-02
 16  0.01462  1.70440e-04 | 17 -0.05339  8.07583e-03 | 18 -0.09260  6.18469e-02
 19 -0.03380  2.90707e-02 | 20  0.03367  1.21637e-03 | 21 -0.06747 -1.09364e-01
 22 -0.07829  8.98969e-02 | 23 -0.02772  1.31760e-01 | 24 -0.07337  2.06405e-02
 25  0.02721 -9.95166e-02 | 26  0.12999  1.04162e-01 | 27  0.02377  7.11971e-02
 28 -0.08183  2.78191e-02 | 29  0.08032  8.98645e-04 | 30  0.08673  3.23733e-02
 31 -0.02491 -3.41120e-02 | 32 -0.04453 -4.11615e-02 | 33  0.05169 -1.81145e-02
 34  0.17111 -2.68297e-02 | 35 -0.68490  8.89239e-02 | 36  0.08101 -7.04381e-02
 37 -0.22852  9.94958e-02 | 38 -0.19527  8.71450e-02 | 39 -0.58718 -8.34951e-02

 - final statistics:
39 variables; iteration 44; function evaluation 67
Function value 1.3171e+03; maximum gradient component mag -7.7577e-01
Exit code = 1;  converg criter 1.0000e+00
Var    Value     Gradient |Var    Value     Gradient |Var    Value     Gradient
  1  0.09077  6.11669e-03 |  2 -0.39555 -7.75772e-01 |  3 -0.03656 -7.63728e-03
  4 -0.03086 -3.75914e-03 |  5  0.06673 -9.16204e-03 |  6 -0.03909 -9.92376e-03
  7  0.02587  4.01323e-03 |  8  0.07083 -1.44126e-02 |  9 -0.00908 -6.19044e-03
 10 -0.10310 -1.10921e-02 | 11 -0.06389 -3.58641e-02 | 12  0.10708 -1.74161e-02
 13  0.02471  1.26663e-02 | 14  0.03151 -1.37226e-02 | 15  0.08653 -1.77716e-02
 16  0.01460 -3.30489e-04 | 17 -0.05335  9.41729e-03 | 18 -0.09270  1.38994e-02
 19 -0.03374  1.71214e-02 | 20  0.03359 -3.72022e-03 | 21 -0.06728 -2.64626e-02
 22 -0.07841  2.46495e-02 | 23 -0.02774  5.34980e-02 | 24 -0.07344 -1.01836e-02
 25  0.02731 -2.33908e-02 | 26  0.12994  3.04794e-02 | 27  0.02381  3.88459e-02
 28 -0.08195 -2.33572e-02 | 29  0.08037  1.20886e-02 | 30  0.08668  6.03614e-03
 31 -0.02484  1.41269e-03 | 32 -0.04446 -9.98338e-03 | 33  0.05166 -3.35952e-02
 34  0.17111 -9.98937e-03 | 35 -0.68499  3.90255e-02 | 36  0.08099 -2.37368e-02
 37 -0.22854  3.49089e-02 | 38 -0.19527  3.08119e-02 | 39 -0.58717 -2.87852e-02

Initial statistics: 44 variables; iteration 0; function evaluation 0; phase 4
Function value 1.3170613e+03; maximum gradient component mag 1.6542e+02
Var    Value     Gradient |Var    Value     Gradient |Var    Value     Gradient
  1  0.09077  6.11669e-03 |  2  0.17139  1.65423e+02 |  3 -0.01721 -1.50779e+01
  4  0.11616 -6.75737e+01 |  5  0.08642  1.26734e+01 |  6 -0.39555 -7.75772e-01
  7  0.02268  2.77274e+00 |  8 -0.03656 -5.89589e-03 |  9 -0.03086 -2.01692e-03
 10  0.06673 -7.42735e-03 | 11 -0.03909 -8.18278e-03 | 12  0.02587  5.75606e-03
 13  0.07083 -1.26791e-02 | 14 -0.00908 -4.44635e-03 | 15 -0.10310 -9.37066e-03
 16 -0.06389 -3.41286e-02 | 17  0.10708 -1.56964e-02 | 18  0.02471  1.44092e-02
 19  0.03151 -1.19805e-02 | 20  0.08653 -1.60434e-02 | 21  0.01460  1.41332e-03
 22 -0.05335  1.11554e-02 | 23 -0.09270  1.56252e-02 | 24 -0.03374  1.88632e-02
 25  0.03359 -1.97838e-03 | 26 -0.06728 -2.47281e-02 | 27 -0.07841  2.63805e-02
 28 -0.02774  5.52406e-02 | 29 -0.07344 -8.45092e-03 | 30  0.02731 -2.16481e-02
 31  0.12994  3.21874e-02 | 32  0.02381  4.05889e-02 | 33 -0.08195 -2.16274e-02
 34  0.08037  1.38190e-02 | 35  0.08668  7.76427e-03 | 36 -0.02484  3.15563e-03
 37 -0.04446 -8.24337e-03 | 38  0.05166 -3.18566e-02 | 39  0.17111 -9.98937e-03
 40 -0.68499  3.90255e-02 | 41  0.08099 -2.37368e-02 | 42 -0.22854  3.49089e-02
 43 -0.19527  3.08119e-02 | 44 -0.58717 -2.87852e-02 |

Intermediate statistics: 44 variables; iteration 20; function evaluation 28; phase 4
Function value 1.3160052e+03; maximum gradient component mag 3.0909e+02
Var    Value     Gradient |Var    Value     Gradient |Var    Value     Gradient
  1  0.08814 -3.96330e+01 |  2  0.16118  7.86752e+01 |  3  0.00646  2.40984e+01
  4  0.11659 -1.26855e+02 |  5  0.08216 -4.52107e+01 |  6 -0.39502  3.09094e+02
  7 -0.02276  7.87414e-01 |  8 -0.03846  2.49375e+00 |  9 -0.03360  3.34624e-02
 10  0.06664  5.00819e+00 | 11 -0.04084  4.73080e-01 | 12  0.02425  4.09541e+00
 13  0.07067  6.95327e+00 | 14 -0.01007  2.20039e+00 | 15 -0.10499 -1.14836e+00
 16 -0.06622 -7.01556e-01 | 17  0.10711  8.18753e+00 | 18  0.02329  2.19448e+00
 19  0.03126  1.60079e+00 | 20  0.08678  3.00334e+00 | 21  0.01361 -1.51782e-01
 22 -0.05229 -1.66192e+00 | 23 -0.09177 -1.69682e+00 | 24 -0.03300  1.40111e+00
 25  0.03598  5.38722e+00 | 26 -0.06613 -1.11196e+00 | 27 -0.07739 -2.62738e+00
 28 -0.02654 -4.38247e+00 | 29 -0.07308 -4.87676e+00 | 30  0.03007 -7.88211e+00
 31  0.13082 -1.27409e+01 | 32  0.02541 -4.91737e+00 | 33 -0.08210 -4.31328e+00
 34  0.08179 -4.74135e+00 | 35  0.08913 -3.45401e+00 | 36 -0.02476 -2.86377e+00
 37 -0.04542 -3.40566e+00 | 38  0.05004 -3.52356e+00 | 39  0.17213 -2.77473e-02
 40 -0.67083  1.98259e+00 | 41  0.08300  3.27460e+00 | 42 -0.22332  7.47775e-01
 43 -0.19828 -1.77563e+01 | 44 -0.58864  1.02007e+01 |
44 variables; iteration 40; function evaluation 58; phase 4
Function value 1.3157172e+03; maximum gradient component mag -3.3962e+00
Var    Value     Gradient |Var    Value     Gradient |Var    Value     Gradient
  1  0.08818 -2.05413e-03 |  2  0.15977  1.45967e-01 |  3  0.00659  1.59639e-02
  4  0.11907 -4.49945e-01 |  5  0.08316 -9.24715e-02 |  6 -0.39509 -3.39623e+00
  7 -0.02646  5.70234e-02 |  8 -0.04104  3.24673e-02 |  9 -0.03256  7.14950e-02
 10  0.06671 -1.58616e-01 | 11 -0.04164 -2.62561e-01 | 12  0.02352 -2.04671e-01
 13  0.07078 -1.70735e-01 | 14 -0.01066  5.40980e-02 | 15 -0.10482  3.40965e-02
 16 -0.06674 -3.48955e-01 | 17  0.10712  1.25222e-01 | 18  0.02258 -4.24527e-03
 19  0.03186  1.08073e-01 | 20  0.08676  3.10387e-02 | 21  0.01416  1.39735e-01
 22 -0.05230 -7.83639e-02 | 23 -0.09170  5.90437e-04 | 24 -0.03345  7.55345e-02
 25  0.03548 -7.70218e-05 | 26 -0.06626 -9.60436e-02 | 27 -0.07703  1.06918e-01
 28 -0.02548  2.64669e-01 | 29 -0.07272  1.67256e-01 | 30  0.02999 -3.05620e-03
 31  0.13253  1.88353e-01 | 32  0.02519  3.09740e-01 | 33 -0.08139 -1.40699e-01
 34  0.08308  1.33186e-01 | 35  0.08963  4.26673e-01 | 36 -0.02527 -3.20585e-01
 37 -0.04550 -3.61432e-01 | 38  0.05003 -1.79622e-01 | 39  0.17260 -1.00233e-01
 40 -0.67366 -2.18588e-01 | 41  0.08255 -2.54359e-01 | 42 -0.22396  1.73250e-01
 43 -0.19781 -1.31507e-01 | 44 -0.59045 -1.77960e-02 |

 - final statistics:
44 variables; iteration 52; function evaluation 75
Function value 1.3157e+03; maximum gradient component mag 6.4783e-05
Exit code = 1;  converg criter 1.0000e-04
Var    Value     Gradient |Var    Value     Gradient |Var    Value     Gradient
  1  0.08816  4.67242e-06 |  2  0.15975  1.53417e-06 |  3  0.00664  2.16144e-06
  4  0.11908  7.74155e-06 |  5  0.08318  2.43858e-06 |  6 -0.39509  6.47830e-05
  7 -0.02672 -1.63612e-06 |  8 -0.04108  1.17212e-06 |  9 -0.03274 -4.29008e-06
 10  0.06666 -1.21992e-06 | 11 -0.04120  6.42108e-06 | 12  0.02333 -8.42672e-07
 13  0.07093 -7.46120e-07 | 14 -0.01096  2.50017e-06 | 15 -0.10507 -7.32360e-06
 16 -0.06571  2.21534e-06 | 17  0.10675  4.73507e-06 | 18  0.02308 -3.02373e-06
 19  0.03140  1.91825e-06 | 20  0.08698  4.16610e-06 | 21  0.01375 -4.14264e-06
 22 -0.05204  4.04323e-06 | 23 -0.09178 -4.32335e-07 | 24 -0.03357 -3.52660e-06
 25  0.03535 -1.18835e-08 | 26 -0.06609 -7.06751e-06 | 27 -0.07726  3.56591e-06
 28 -0.02565 -2.28790e-06 | 29 -0.07306  3.34189e-07 | 30  0.02998  9.45435e-07
 31  0.13239 -4.36303e-06 | 32  0.02464  4.86511e-06 | 33 -0.08099 -1.84685e-05
 34  0.08300  3.40594e-06 | 35  0.08898 -2.86528e-06 | 36 -0.02478 -1.30855e-06
 37 -0.04484 -5.75309e-06 | 38  0.05042  2.62663e-05 | 39  0.17273  4.56761e-06
 40 -0.67294 -4.85582e-06 | 41  0.08255  8.22071e-06 | 42 -0.22391 -6.52900e-06
 43 -0.19780  2.77718e-06 | 44 -0.59047 -2.04358e-06 |

 - final statistics:
54 variables; iteration 0; function evaluation 0
Function value 1.3157e+03; maximum gradient component mag 6.4783e-05
Exit code = 0;  converg criter 1.0000e-04
Var    Value     Gradient |Var    Value     Gradient |Var    Value     Gradient
  1  0.08816  4.67241e-06 |  2  0.15975  1.53418e-06 |  3  0.00664  2.16144e-06
  4  0.11908  7.74157e-06 |  5  0.08318  2.43859e-06 |  6 -0.39509  6.47835e-05
  7 -0.02672 -1.63612e-06 |  8 -0.04108  1.21356e-06 |  9 -0.03274 -4.24861e-06
 10  0.06666 -1.17862e-06 | 11 -0.04120  6.46251e-06 | 12  0.02333 -8.01176e-07
 13  0.07093 -7.04849e-07 | 14 -0.01096  2.54169e-06 | 15 -0.10507 -7.28264e-06
 16 -0.06571  2.25664e-06 | 17  0.10675  4.77602e-06 | 18  0.02308 -2.98224e-06
 19  0.03140  1.95972e-06 | 20  0.08698  4.20724e-06 | 21  0.01375 -4.10113e-06
 22 -0.05204  4.08461e-06 | 23 -0.09178 -3.91249e-07 | 24 -0.03357 -3.48514e-06
 25  0.03535  2.95708e-08 | 26 -0.06609 -7.02621e-06 | 27 -0.07726  3.60712e-06
 28 -0.02565 -2.24642e-06 | 29 -0.07306  3.75430e-07 | 30  0.02998  9.86902e-07
 31  0.13239 -4.32241e-06 | 32  0.02464  4.90659e-06 | 33 -0.08099 -1.84273e-05
 34  0.08300  3.44710e-06 | 35  0.08898 -2.82417e-06 | 36 -0.02478 -1.26707e-06
 37 -0.04484 -5.71168e-06 | 38  0.05042  2.63077e-05 | 39  0.00000  0.00000e+00
 40  0.00000  0.00000e+00 | 41  0.00000  0.00000e+00 | 42  0.00000  0.00000e+00
 43  0.00000  0.00000e+00 | 44  0.00000  0.00000e+00 | 45  0.00000  0.00000e+00
 46  0.00000  0.00000e+00 | 47  0.00000  0.00000e+00 | 48  0.00000  0.00000e+00
 49  0.17273  4.56762e-06 | 50 -0.67294 -4.85582e-06 | 51  0.08255  8.22073e-06
 52 -0.22391 -6.52901e-06 | 53 -0.19780  2.77718e-06 | 54 -0.59047 -2.04358e-06
Estimating row 1 out of 54 for hessian
Estimating row 2 out of 54 for hessian
Estimating row 3 out of 54 for hessian
Estimating row 4 out of 54 for hessian
Estimating row 5 out of 54 for hessian
Estimating row 6 out of 54 for hessian
Estimating row 7 out of 54 for hessian
Estimating row 8 out of 54 for hessian
Estimating row 9 out of 54 for hessian
Estimating row 10 out of 54 for hessian
Estimating row 11 out of 54 for hessian
Estimating row 12 out of 54 for hessian
Estimating row 13 out of 54 for hessian
Estimating row 14 out of 54 for hessian
Estimating row 15 out of 54 for hessian
Estimating row 16 out of 54 for hessian
Estimating row 17 out of 54 for hessian
Estimating row 18 out of 54 for hessian
Estimating row 19 out of 54 for hessian
Estimating row 20 out of 54 for hessian
Estimating row 21 out of 54 for hessian
Estimating row 22 out of 54 for hessian
Estimating row 23 out of 54 for hessian
Estimating row 24 out of 54 for hessian
Estimating row 25 out of 54 for hessian
Estimating row 26 out of 54 for hessian
Estimating row 27 out of 54 for hessian
Estimating row 28 out of 54 for hessian
Estimating row 29 out of 54 for hessian
Estimating row 30 out of 54 for hessian
Estimating row 31 out of 54 for hessian
Estimating row 32 out of 54 for hessian
Estimating row 33 out of 54 for hessian
Estimating row 34 out of 54 for hessian
Estimating row 35 out of 54 for hessian
Estimating row 36 out of 54 for hessian
Estimating row 37 out of 54 for hessian
Estimating row 38 out of 54 for hessian
Estimating row 39 out of 54 for hessian
Estimating row 40 out of 54 for hessian
Estimating row 41 out of 54 for hessian
Estimating row 42 out of 54 for hessian
Estimating row 43 out of 54 for hessian
Estimating row 44 out of 54 for hessian
Estimating row 45 out of 54 for hessian
Estimating row 46 out of 54 for hessian
Estimating row 47 out of 54 for hessian
Estimating row 48 out of 54 for hessian
Estimating row 49 out of 54 for hessian
Estimating row 50 out of 54 for hessian
Estimating row 51 out of 54 for hessian
Estimating row 52 out of 54 for hessian
Estimating row 53 out of 54 for hessian
Estimating row 54 out of 54 for hessian
size of file gradfil1.tmp = 0
size of file gradfil2.tmp = 0
size of file varssave.tmp = 0
size of file cmpdiff.tmp = 0
