
Initial statistics: 3 variables; iteration 0; function evaluation 0; phase 1
Function value 1.7625679e+03; maximum gradient component mag -4.4917e+05
Var    Value     Gradient |Var    Value     Gradient |Var    Value     Gradient
  1 -0.39753 -4.49166e+05 |  2  0.16262 -4.51546e+02 |  3 -0.77468 -7.77142e+01

 - final statistics:
3 variables; iteration 13; function evaluation 18
Function value 1.4120e+03; maximum gradient component mag -2.9566e+00
Exit code = 1;  converg criter 1.0000e+01
Var    Value     Gradient |Var    Value     Gradient |Var    Value     Gradient
  1 -0.39191 -2.95660e+00 |  2  0.14845 -9.28903e-04 |  3 -0.71705 -6.58684e-02

Initial statistics: 37 variables; iteration 0; function evaluation 0; phase 2
Function value 1.4120328e+03; maximum gradient component mag -3.3166e+02
Var    Value     Gradient |Var    Value     Gradient |Var    Value     Gradient
  1  0.09652 -2.30964e+02 |  2 -0.39191 -2.95660e+00 |  3  0.00000  2.32959e+02
  4  0.00000  2.14248e+02 |  5  0.00000  1.26534e+02 |  6  0.00000 -5.87891e+01
  7  0.00000 -2.80644e+02 |  8  0.00000 -3.31656e+02 |  9  0.00000 -1.67332e+02
 10  0.00000 -4.10538e+01 | 11  0.00000  2.10178e+01 | 12  0.00000  4.13297e+01
 13  0.00000  8.87403e+01 | 14  0.00000  1.66634e+02 | 15  0.00000  1.42572e+02
 16  0.00000 -2.70238e+01 | 17  0.00000 -2.14739e+02 | 18  0.00000 -2.77116e+02
 19  0.00000 -1.83916e+02 | 20  0.00000 -8.85695e+01 | 21  0.00000  8.71878e+01
 22  0.00000  1.54791e+02 | 23  0.00000  9.48997e+01 | 24  0.00000 -3.51468e+00
 25  0.00000 -6.17146e+01 | 26  0.00000 -1.96794e+01 | 27  0.00000  1.51913e+01
 28  0.00000  3.97392e+01 | 29  0.00000  3.94372e+01 | 30  0.00000  7.83577e+01
 31  0.00000  1.36571e+02 | 32  0.00000  4.16525e+01 | 33  0.00000  3.38851e+01
 34  0.14845 -9.28903e-04 | 35 -0.71705 -6.58684e-02 | 36  0.08670  1.21291e+02
 37 -0.19914  2.03274e+02 |

Intermediate statistics: 37 variables; iteration 20; function evaluation 32; phase 2
Function value 1.3330437e+03; maximum gradient component mag 3.7689e+03
Var    Value     Gradient |Var    Value     Gradient |Var    Value     Gradient
  1  0.08575 -6.69575e+02 |  2 -0.39258  3.76889e+03 |  3 -0.03654  1.05081e+02
  4 -0.04415  7.17981e+01 |  5 -0.04028  3.95657e+01 |  6 -0.04167  5.80282e+00
  7  0.06696  2.52624e+01 |  8  0.12394  6.24128e+01 |  9 -0.06026  2.76122e+00
 10 -0.00504 -1.27880e+00 | 11 -0.00796  1.82207e+01 | 12  0.02098  4.39521e+01
 13  0.01353  5.26239e+01 | 14 -0.02053  5.63615e+01 | 15 -0.03577  2.88286e+01
 16  0.00907 -5.37950e+00 | 17  0.02863 -1.54234e+01 | 18  0.10198 -7.55074e+00
 19 -0.08452 -2.26609e+01 | 20  0.08141 -2.92855e+00 | 21 -0.01881  2.60948e+01
 22  0.00079  1.82711e+01 | 23 -0.00593 -1.42173e+01 | 24  0.04250 -4.01912e+01
 25  0.05280 -6.28535e+01 | 26  0.00548 -6.55509e+01 | 27  0.04657 -1.94686e+01
 28 -0.03968 -4.29343e+01 | 29  0.06614 -3.47048e+01 | 30 -0.01386 -2.54794e+01
 31 -0.19523 -3.71128e+01 | 32  0.00533 -3.30711e+01 | 33 -0.01487 -1.61284e+01
 34  0.11991 -7.61148e+01 | 35 -0.73386  5.89453e+00 | 36  0.09189  3.34107e+02
 37 -0.19997  1.80834e+02 |
37 variables; iteration 40; function evaluation 61; phase 2
Function value 1.3160759e+03; maximum gradient component mag 1.5315e+03
Var    Value     Gradient |Var    Value     Gradient |Var    Value     Gradient
  1  0.10164 -8.08660e+00 |  2 -0.39458  1.53148e+03 |  3 -0.06799  1.49496e+01
  4 -0.06761  1.53656e+01 |  5 -0.03752  1.79495e+01 |  6 -0.00520  1.61084e+01
  7  0.06501  2.32761e+01 |  8  0.12328  3.90373e+01 |  9 -0.02482  1.60925e+01
 10  0.00644  1.57299e+01 | 11 -0.00368  1.60078e+01 | 12  0.01633  1.85388e+01
 13  0.02562  2.56427e+01 | 14 -0.04402  1.43567e+01 | 15 -0.03771  1.15053e+01
 16  0.01414 -1.37998e+00 | 17  0.03396 -1.11601e+01 | 18  0.08814 -1.51113e+01
 19 -0.04582 -1.25715e+01 | 20  0.07206 -1.86563e+01 | 21 -0.03910 -5.96492e+00
 22 -0.02109 -1.16130e+01 | 23 -0.00562 -1.15283e+01 | 24  0.02932 -1.51808e+01
 25  0.05135 -1.51800e+01 | 26 -0.00085 -1.86950e+01 | 27  0.02191 -1.85745e+01
 28 -0.01201 -2.01582e+01 | 29  0.02707 -1.86863e+01 | 30 -0.00056 -8.82064e+00
 31 -0.14889 -1.48838e+01 | 32  0.00289 -1.24985e+01 | 33 -0.01534 -1.38011e+01
 34  0.14218  2.74159e+01 | 35 -0.70035  9.52555e+00 | 36  0.08538  7.42347e+01
 37 -0.21208  2.81830e+01 |

 - final statistics:
37 variables; iteration 48; function evaluation 70
Function value 1.3150e+03; maximum gradient component mag 2.2524e+00
Exit code = 1;  converg criter 1.0000e+01
Var    Value     Gradient |Var    Value     Gradient |Var    Value     Gradient
  1  0.10174 -1.45779e+00 |  2 -0.39472  2.25242e+00 |  3 -0.07789 -1.66326e-01
  4 -0.07696 -1.06606e-01 |  5 -0.04340  6.43084e-02 |  6 -0.00211  8.03529e-02
  7  0.06067  2.55782e-01 |  8  0.13285  4.14229e-01 |  9 -0.05818  6.56871e-02
 10  0.01865  4.07014e-02 | 11 -0.01293 -1.34427e-01 | 12  0.02031 -4.93853e-02
 13  0.02569 -9.15509e-02 | 14 -0.04915 -1.39981e-01 | 15 -0.05045 -1.96828e-01
 16  0.02357  1.03078e-01 | 17  0.03390  1.84473e-01 | 18  0.09206  3.24338e-01
 19 -0.05325  1.32733e-01 | 20  0.08151  2.16732e-01 | 21 -0.05721  1.01989e-01
 22 -0.01055 -7.78670e-02 | 23 -0.00779 -1.62618e-01 | 24  0.03615 -2.57143e-01
 25  0.04992 -1.86575e-01 | 26  0.00625 -9.49759e-02 | 27  0.02396  4.15432e-02
 28 -0.00633 -4.26451e-02 | 29  0.03510 -2.10117e-02 | 30 -0.00713  2.87015e-02
 31 -0.13315 -1.20238e-01 | 32  0.00669 -3.67672e-02 | 33 -0.00077 -2.57092e-02
 34  0.13950 -3.57561e-01 | 35 -0.73116  9.66146e-02 | 36  0.08561  3.69359e-01
 37 -0.21248  2.98566e-01 |

Initial statistics: 39 variables; iteration 0; function evaluation 0; phase 3
Function value 1.3149740e+03; maximum gradient component mag -3.5776e+01
Var    Value     Gradient |Var    Value     Gradient |Var    Value     Gradient
  1  0.10174 -1.45779e+00 |  2 -0.39472  2.25242e+00 |  3 -0.07789 -1.71267e-01
  4 -0.07696 -1.11547e-01 |  5 -0.04340  5.93424e-02 |  6 -0.00211  7.53753e-02
  7  0.06067  2.50827e-01 |  8  0.13285  4.09359e-01 |  9 -0.05818  6.07303e-02
 10  0.01865  3.57259e-02 | 11 -0.01293 -1.39403e-01 | 12  0.02031 -5.43604e-02
 13  0.02569 -9.65245e-02 | 14 -0.04915 -1.44943e-01 | 15 -0.05045 -2.01790e-01
 16  0.02356  9.81037e-02 | 17  0.03390  1.79502e-01 | 18  0.09206  3.19412e-01
 19 -0.05325  1.27772e-01 | 20  0.08151  2.11795e-01 | 21 -0.05721  9.70312e-02
 22 -0.01055 -8.28439e-02 | 23 -0.00779 -1.67596e-01 | 24  0.03614 -2.62113e-01
 25  0.04992 -1.91537e-01 | 26  0.00625 -9.99533e-02 | 27  0.02396  3.65691e-02
 28 -0.00633 -4.76225e-02 | 29  0.03510 -2.59818e-02 | 30 -0.00713  2.37241e-02
 31 -0.13315 -1.25108e-01 | 32  0.00669 -4.17445e-02 | 33 -0.00077 -3.06868e-02
 34  0.13950 -3.57561e-01 | 35 -0.73116  9.66146e-02 | 36  0.08561  3.69359e-01
 37 -0.24091 -3.57756e+01 | 38 -0.21248  2.98566e-01 | 39 -0.57014 -1.82648e+01

Intermediate statistics: 39 variables; iteration 20; function evaluation 24; phase 3
Function value 1.3148070e+03; maximum gradient component mag -2.1647e+01
Var    Value     Gradient |Var    Value     Gradient |Var    Value     Gradient
  1  0.10168 -1.67335e+01 |  2 -0.39502 -7.57665e+00 |  3 -0.07896 -1.56081e-01
  4 -0.07314  6.00217e-01 |  5 -0.04392 -1.03098e-01 |  6 -0.00323  3.77941e-01
  7  0.06409  2.30131e+00 |  8  0.13198  4.13219e+00 |  9 -0.05281  1.99189e+00
 10  0.01845  2.21952e+00 | 11 -0.01077  1.94747e+00 | 12  0.02017  1.10788e+00
 13  0.02656  1.75890e-01 | 14 -0.04893  1.97551e-01 | 15 -0.05160  2.01642e-01
 16  0.02676  1.33701e+00 | 17  0.03131 -6.42062e-01 | 18  0.09255 -8.28428e-01
 19 -0.05169 -4.61752e-02 | 20  0.08033 -1.66534e-01 | 21 -0.05447  4.17264e-01
 22 -0.01194 -7.95305e-01 | 23 -0.00879  3.39037e-01 | 24  0.03764  1.71215e+00
 25  0.04789  3.79130e-01 | 26  0.00813  5.36804e-01 | 27  0.02142 -2.37164e-01
 28 -0.00511 -4.25292e-01 | 29  0.03300 -1.34811e+00 | 30 -0.00817 -1.71510e+00
 31 -0.13626 -2.02630e+00 | 32  0.00406 -1.89986e+00 | 33 -0.00435 -1.10963e+00
 34  0.14139  6.32726e+00 | 35 -0.72514  5.38845e-01 | 36  0.08827 -3.92485e+00
 37 -0.23724 -2.16473e+01 | 38 -0.20947  6.58531e+00 | 39 -0.56199 -6.87448e+00
39 variables; iteration 40; function evaluation 53; phase 3
Function value 1.3147014e+03; maximum gradient component mag 1.9299e+00
Var    Value     Gradient |Var    Value     Gradient |Var    Value     Gradient
  1  0.10257  4.45808e-02 |  2 -0.39504  1.92986e+00 |  3 -0.07829  4.88901e-02
  4 -0.07536 -7.35473e-02 |  5 -0.04349 -6.27498e-02 |  6 -0.00152  1.25969e-01
  7  0.06156 -2.51088e-04 |  8  0.13286  6.15459e-02 |  9 -0.05658  1.84228e-01
 10  0.01979  6.71225e-02 | 11 -0.01362 -1.42343e-01 | 12  0.02054  8.52507e-02
 13  0.02732  1.03073e-01 | 14 -0.05083 -2.55499e-01 | 15 -0.04960  1.61738e-01
 16  0.02536  1.71480e-02 | 17  0.03164 -8.94300e-02 | 18  0.09310  7.61625e-02
 19 -0.05299 -8.55420e-02 | 20  0.08065 -5.35352e-02 | 21 -0.05550  2.57217e-01
 22 -0.01073 -1.72960e-01 | 23 -0.00907  3.92372e-02 | 24  0.03677 -3.78581e-02
 25  0.04856 -4.36979e-02 | 26  0.00815 -3.60631e-02 | 27  0.02124 -3.04787e-02
 28 -0.00454 -6.46484e-02 | 29  0.03201  2.54140e-02 | 30 -0.00701 -7.95540e-02
 31 -0.13253  2.73201e-03 | 32  0.00409 -4.46250e-02 | 33 -0.00191  8.73089e-02
 34  0.14073  2.72051e-02 | 35 -0.72785 -9.26590e-02 | 36  0.09230  6.40503e-02
 37 -0.23139 -6.38040e-02 | 38 -0.20913  1.06441e-02 | 39 -0.55854 -3.56599e-03

 - final statistics:
39 variables; iteration 43; function evaluation 59
Function value 1.3147e+03; maximum gradient component mag 9.9981e-01
Exit code = 1;  converg criter 1.0000e+00
Var    Value     Gradient |Var    Value     Gradient |Var    Value     Gradient
  1  0.10257  2.69754e-02 |  2 -0.39504  9.99812e-01 |  3 -0.07829  4.27267e-02
  4 -0.07542 -7.52903e-02 |  5 -0.04327 -1.28330e-02 |  6 -0.00170  6.94781e-02
  7  0.06160 -1.67793e-02 |  8  0.13293  3.58640e-02 |  9 -0.05691  7.47912e-02
 10  0.01975  3.56430e-02 | 11 -0.01333 -5.49998e-02 | 12  0.02043  3.13851e-02
 13  0.02722  6.59840e-02 | 14 -0.05038 -1.37613e-01 | 15 -0.05000  6.35166e-02
 16  0.02548  2.84540e-02 | 17  0.03167 -6.29738e-02 | 18  0.09306  5.76778e-02
 19 -0.05288 -4.40577e-02 | 20  0.08070 -3.43280e-02 | 21 -0.05579  1.69997e-01
 22 -0.01055 -1.14592e-01 | 23 -0.00912  4.28916e-02 | 24  0.03678 -2.93756e-02
 25  0.04861 -1.26990e-02 | 26  0.00816 -1.90595e-02 | 27  0.02124 -1.44586e-02
 28 -0.00444 -2.51773e-02 | 29  0.03196  1.29875e-02 | 30 -0.00690 -3.25814e-02
 31 -0.13253  7.21509e-03 | 32  0.00419 -9.43388e-03 | 33 -0.00221  5.31275e-04
 34  0.14072  9.85337e-03 | 35 -0.72778 -5.76013e-02 | 36  0.09231  3.49205e-02
 37 -0.23139 -2.73380e-02 | 38 -0.20911  3.28200e-03 | 39 -0.55854  2.97432e-03

Initial statistics: 44 variables; iteration 0; function evaluation 0; phase 4
Function value 1.3147010e+03; maximum gradient component mag 1.8618e+02
Var    Value     Gradient |Var    Value     Gradient |Var    Value     Gradient
  1  0.10257  2.69754e-02 |  2  0.17139  1.86176e+02 |  3 -0.01721  8.29760e+01
  4  0.11616 -1.24404e+02 |  5  0.08642 -1.24920e+02 |  6 -0.39504  9.99812e-01
  7  0.02268 -1.29625e+01 |  8 -0.07829  4.13060e-02 |  9 -0.07542 -7.67118e-02
 10 -0.04327 -1.42611e-02 | 11 -0.00170  6.80466e-02 | 12  0.06160 -1.82041e-02
 13  0.13293  3.44636e-02 | 14 -0.05691  7.33655e-02 | 15  0.01975  3.42122e-02
 16 -0.01333 -5.64310e-02 | 17  0.02043  2.99544e-02 | 18  0.02722  6.45539e-02
 19 -0.05038 -1.39040e-01 | 20 -0.05000  6.20895e-02 | 21  0.02548  2.70237e-02
 22  0.03167 -6.44035e-02 | 23  0.09306  5.62616e-02 | 24 -0.05288 -4.54843e-02
 25  0.08070 -3.57480e-02 | 26 -0.05579  1.68571e-01 | 27 -0.01055 -1.16024e-01
 28 -0.00912  4.14603e-02 | 29  0.03678 -3.08047e-02 | 30  0.04861 -1.41263e-02
 31  0.00816 -2.04909e-02 | 32  0.02124 -1.58892e-02 | 33 -0.00444 -2.66088e-02
 34  0.03196  1.15578e-02 | 35 -0.00690 -3.40128e-02 | 36 -0.13253  5.81453e-03
 37  0.00419 -1.08653e-02 | 38 -0.00221 -9.00192e-04 | 39  0.14072  9.85337e-03
 40 -0.72778 -5.76013e-02 | 41  0.09231  3.49205e-02 | 42 -0.23139 -2.73380e-02
 43 -0.20911  3.28200e-03 | 44 -0.55854  2.97432e-03 |

Intermediate statistics: 44 variables; iteration 20; function evaluation 28; phase 4
Function value 1.3125374e+03; maximum gradient component mag 2.0368e+02
Var    Value     Gradient |Var    Value     Gradient |Var    Value     Gradient
  1  0.09718 -3.89293e+01 |  2  0.17228  1.83197e+02 |  3 -0.01549  5.61240e+01
  4  0.11324 -8.89520e+01 |  5  0.10328 -8.84080e+01 |  6 -0.39518  2.03683e+02
  7  0.16970 -6.01978e+00 |  8 -0.07055  1.03896e+01 |  9 -0.07070  5.40599e+00
 10 -0.04559  3.93090e+00 | 11 -0.00096  6.78349e+00 | 12  0.06729  1.11155e+01
 13  0.13137  1.48634e+01 | 14 -0.04878  7.16072e+00 | 15  0.02021  1.10892e+01
 16 -0.00922  8.61099e+00 | 17  0.01964  8.34583e+00 | 18  0.02787  7.67467e+00
 19 -0.05104  4.18043e+00 | 20 -0.04843  3.76252e+00 | 21  0.02247  2.07543e+00
 22  0.03294 -9.86136e-01 | 23  0.08687 -7.59749e+00 | 24 -0.04455 -2.17603e+00
 25  0.07053 -1.54154e+01 | 26 -0.05637  1.38333e+00 | 27 -0.01294  9.28385e+00
 28 -0.01388  7.93885e+00 | 29  0.02960  5.29698e+00 | 30  0.04446  1.62554e+00
 31  0.00217 -6.56222e+00 | 32  0.01769  4.85397e+00 | 33 -0.00709  3.86050e+00
 34  0.03204  9.95842e+00 | 35 -0.00324  9.76039e+00 | 36 -0.12718  4.59587e+00
 37  0.00374  1.01079e+00 | 38  0.00517  3.19270e+00 | 39  0.13390 -5.97596e+00
 40 -0.77787 -1.60704e+00 | 41  0.09453 -1.49291e+00 | 42 -0.23019  2.20651e+01
 43 -0.20829 -1.11136e+01 | 44 -0.56057  4.39931e+00 |
44 variables; iteration 40; function evaluation 54; phase 4
Function value 1.3107887e+03; maximum gradient component mag -7.5785e+01
Var    Value     Gradient |Var    Value     Gradient |Var    Value     Gradient
  1  0.08967 -5.24390e+00 |  2  0.16605 -1.95748e+01 |  3 -0.00327 -6.81986e+00
  4  0.10806  3.07100e+00 |  5  0.13578  3.74385e+00 |  6 -0.39529 -7.57850e+01
  7  0.30344 -1.73129e+00 |  8 -0.08115  1.09363e-01 |  9 -0.06254  1.36133e+00
 10 -0.03954  8.88383e-01 | 11 -0.00128 -4.96728e-03 | 12  0.06651 -1.28535e+00
 13  0.13231 -2.54418e+00 | 14 -0.04450  2.58434e-01 | 15  0.01804 -7.33693e-02
 16 -0.00592 -9.79818e-01 | 17  0.01776 -1.09517e+00 | 18  0.02892  4.87451e-01
 19 -0.05027 -1.69913e-01 | 20 -0.04803 -3.25199e-01 | 21  0.02091 -6.71927e-01
 22  0.03471 -1.86331e+00 | 23  0.08344 -3.94315e+00 | 24 -0.04242 -3.54563e-01
 25  0.07075 -3.10326e+00 | 26 -0.05811 -1.30884e+00 | 27 -0.02232 -1.49072e+00
 28 -0.01790 -1.58417e-01 | 29  0.02614 -1.23244e-01 | 30  0.03559  3.73469e-01
 31  0.01279  2.43390e+00 | 32  0.01048  1.29377e+00 | 33 -0.00645 -6.55338e-01
 34  0.02930 -5.41242e-01 | 35 -0.00586  1.45120e+00 | 36 -0.12455  7.80777e-01
 37  0.01145 -8.34624e-01 | 38  0.01158  4.74544e-01 | 39  0.13010 -6.96363e+00
 40 -0.80248  6.32479e-01 | 41  0.09741  4.72506e+00 | 42 -0.23032 -6.78591e+00
 43 -0.20721  4.50649e+00 | 44 -0.56321  2.53332e-01 |
  ic > imax  in fminim is answer attained ?
Var    Value     Gradient |Var    Value     Gradient |Var    Value     Gradient
  1  0.08969 -1.07816e-05 |  2  0.16666 -1.41182e-05 |  3 -0.00391 -4.83677e-06
  4  0.10840 -9.95413e-06 |  5  0.13423 -5.40335e-06 |  6 -0.39522 -1.71200e-04
  7  0.42644 -1.10798e-06 |  8 -0.07850 -3.78014e-07 |  9 -0.06363  1.85207e-06
 10 -0.03940  7.81009e-07 | 11 -0.00069  3.75797e-07 | 12  0.06751 -2.28718e-06
 13  0.13276 -4.70802e-06 | 14 -0.04382  8.91174e-07 | 15  0.01755 -9.11243e-07
 16 -0.00462 -7.03160e-07 | 17  0.01920 -1.41607e-06 | 18  0.02714  8.97019e-07
 19 -0.04846  8.09486e-07 | 20 -0.04743  8.36485e-07 | 21  0.01988 -2.60135e-08
 22  0.03492 -8.43765e-07 | 23  0.08335 -4.32843e-06 | 24 -0.04370 -8.62700e-07
 25  0.06920 -4.96424e-06 | 26 -0.05873 -1.74358e-06 | 27 -0.02426 -9.66933e-07
 28 -0.02079 -5.08292e-07 | 29  0.02344 -8.88212e-08 | 30  0.03445  8.35739e-08
 31  0.01046  2.74671e-06 | 32  0.00924  2.53838e-06 | 33 -0.00535  7.40259e-07
 34  0.03050  1.54261e-06 | 35 -0.00681  2.89453e-06 | 36 -0.12319  1.97441e-06
 37  0.01604  2.23715e-07 | 38  0.01391  1.30895e-06 | 39  0.12738 -8.27807e-06
 40 -0.83411 -2.11933e-06 | 41  0.09710  1.23242e-07 | 42 -0.23166 -3.74267e-06
 43 -0.20642  3.65408e-06 | 44 -0.56321  6.45104e-07 |
Function minimizer not making progress ... is minimum attained?
Minimprove criterion = 0.0000e+00

 - final statistics:
44 variables; iteration 59; function evaluation 109
Function value 1.3107e+03; maximum gradient component mag -1.7120e-04
Exit code = 1;  converg criter 1.0000e-04
Var    Value     Gradient |Var    Value     Gradient |Var    Value     Gradient
  1  0.08969 -1.07816e-05 |  2  0.16666 -1.41182e-05 |  3 -0.00391 -4.83677e-06
  4  0.10840 -9.95413e-06 |  5  0.13423 -5.40335e-06 |  6 -0.39522 -1.71200e-04
  7  0.42644 -1.10798e-06 |  8 -0.07850 -3.78014e-07 |  9 -0.06363  1.85207e-06
 10 -0.03940  7.81009e-07 | 11 -0.00069  3.75797e-07 | 12  0.06751 -2.28718e-06
 13  0.13276 -4.70802e-06 | 14 -0.04382  8.91174e-07 | 15  0.01755 -9.11243e-07
 16 -0.00462 -7.03160e-07 | 17  0.01920 -1.41607e-06 | 18  0.02714  8.97019e-07
 19 -0.04846  8.09486e-07 | 20 -0.04743  8.36485e-07 | 21  0.01988 -2.60135e-08
 22  0.03492 -8.43765e-07 | 23  0.08335 -4.32843e-06 | 24 -0.04370 -8.62700e-07
 25  0.06920 -4.96424e-06 | 26 -0.05873 -1.74358e-06 | 27 -0.02426 -9.66933e-07
 28 -0.02079 -5.08292e-07 | 29  0.02344 -8.88212e-08 | 30  0.03445  8.35739e-08
 31  0.01046  2.74671e-06 | 32  0.00924  2.53838e-06 | 33 -0.00535  7.40259e-07
 34  0.03050  1.54261e-06 | 35 -0.00681  2.89453e-06 | 36 -0.12319  1.97441e-06
 37  0.01604  2.23715e-07 | 38  0.01391  1.30895e-06 | 39  0.12738 -8.27807e-06
 40 -0.83411 -2.11933e-06 | 41  0.09710  1.23242e-07 | 42 -0.23166 -3.74267e-06
 43 -0.20642  3.65408e-06 | 44 -0.56321  6.45104e-07 |

Initial statistics: 54 variables; iteration 0; function evaluation 0; phase 5
Function value 1.3106896e+03; maximum gradient component mag -1.6540e-04
Var    Value     Gradient |Var    Value     Gradient |Var    Value     Gradient
  1  0.08969 -1.04337e-05 |  2  0.16666 -1.36670e-05 |  3 -0.00391 -4.68038e-06
  4  0.10840 -9.64510e-06 |  5  0.13423 -5.24128e-06 |  6 -0.39522 -1.65404e-04
  7  0.42644 -1.07042e-06 |  8 -0.07850 -2.32599e-07 |  9 -0.06363  1.93106e-06
 10 -0.03940  8.94143e-07 | 11 -0.00069  5.03383e-07 | 12  0.06751 -2.07607e-06
 13  0.13276 -4.41394e-06 | 14 -0.04382  1.00053e-06 | 15  0.01755 -7.43565e-07
 16 -0.00462 -5.46649e-07 | 17  0.01920 -1.23748e-06 | 18  0.02714  1.00541e-06
 19 -0.04846  9.17363e-07 | 20 -0.04743  9.48319e-07 | 21  0.01988  1.16298e-07
 22  0.03492 -6.78119e-07 | 23  0.08335 -4.04738e-06 | 24 -0.04370 -6.93738e-07
 25  0.06920 -4.66135e-06 | 26 -0.05873 -1.55359e-06 | 27 -0.02426 -7.97589e-07
 28 -0.02079 -3.49867e-07 | 29  0.02344  5.10743e-08 | 30  0.03445  2.13591e-07
 31  0.01046  2.79430e-06 | 32  0.00924  2.58526e-06 | 33 -0.00535  8.44026e-07
 34  0.03050  1.62227e-06 | 35 -0.00681  2.93760e-06 | 36 -0.12319  2.04408e-06
 37  0.01604  3.45687e-07 | 38  0.01391  1.40051e-06 | 39  0.00000  0.00000e+00
 40  0.00000  0.00000e+00 | 41  0.00000  0.00000e+00 | 42  0.00000  0.00000e+00
 43  0.00000  0.00000e+00 | 44  0.00000  0.00000e+00 | 45  0.00000  0.00000e+00
 46  0.00000  0.00000e+00 | 47  0.00000  0.00000e+00 | 48  0.00000  0.00000e+00
 49  0.12738 -7.97608e-06 | 50 -0.83411 -2.05535e-06 | 51  0.09710  9.61499e-08
 52 -0.23166 -3.60023e-06 | 53 -0.20642  3.52378e-06 | 54 -0.56321  6.31306e-07

 - final statistics:
54 variables; iteration 1; function evaluation 2
Function value 1.3107e+03; maximum gradient component mag 9.8880e-06
Exit code = 1;  converg criter 1.0000e-04
Var    Value     Gradient |Var    Value     Gradient |Var    Value     Gradient
  1  0.08969 -8.12420e-06 |  2  0.16666 -2.80229e-06 |  3 -0.00391 -1.56020e-06
  4  0.10840  1.74965e-06 |  5  0.13423 -2.62431e-06 |  6 -0.39522  1.70209e-06
  7  0.42644 -1.27929e-06 |  8 -0.07850 -5.87863e-08 |  9 -0.06363  2.33671e-06
 10 -0.03940  1.69723e-06 | 11 -0.00069  2.09098e-06 | 12  0.06751  1.56269e-06
 13  0.13276  2.42604e-06 | 14 -0.04382  1.88854e-06 | 15  0.01755  1.40665e-06
 16 -0.00462  1.01865e-06 | 17  0.01920  7.71661e-07 | 18  0.02714  3.03733e-06
 19 -0.04846  1.35746e-06 | 20 -0.04743  1.17392e-06 | 21  0.01988  8.70367e-07
 22  0.03492 -1.78130e-07 | 23  0.08335 -3.57533e-06 | 24 -0.04370 -1.55802e-06
 25  0.06920 -5.63271e-06 | 26 -0.05873 -2.85796e-06 | 27 -0.02426 -2.36789e-06
 28 -0.02079 -2.07274e-06 | 29  0.02344 -2.10911e-06 | 30  0.03445 -2.22376e-06
 31  0.01046  5.87553e-07 | 32  0.00924  4.22032e-07 | 33 -0.00535 -1.11437e-06
 34  0.03050 -3.39787e-07 | 35 -0.00681  1.34863e-06 | 36 -0.12319  7.95753e-07
 37  0.01604 -9.48012e-07 | 38  0.01391  2.21966e-07 | 39  0.00000  0.00000e+00
 40  0.00000  0.00000e+00 | 41  0.00000  0.00000e+00 | 42  0.00000  0.00000e+00
 43  0.00000  0.00000e+00 | 44  0.00000  0.00000e+00 | 45  0.00000  0.00000e+00
 46  0.00000  0.00000e+00 | 47  0.00000  0.00000e+00 | 48  0.00000  0.00000e+00
 49  0.12738 -5.42323e-06 | 50 -0.83411 -1.95919e-06 | 51  0.09710  9.88796e-06
 52 -0.23166 -8.18977e-06 | 53 -0.20642  5.01683e-06 | 54 -0.56321  5.74766e-07
Estimating row 1 out of 54 for hessian
Estimating row 2 out of 54 for hessian
Estimating row 3 out of 54 for hessian
Estimating row 4 out of 54 for hessian
Estimating row 5 out of 54 for hessian
Estimating row 6 out of 54 for hessian
Estimating row 7 out of 54 for hessian
Estimating row 8 out of 54 for hessian
Estimating row 9 out of 54 for hessian
Estimating row 10 out of 54 for hessian
Estimating row 11 out of 54 for hessian
Estimating row 12 out of 54 for hessian
Estimating row 13 out of 54 for hessian
Estimating row 14 out of 54 for hessian
Estimating row 15 out of 54 for hessian
Estimating row 16 out of 54 for hessian
Estimating row 17 out of 54 for hessian
Estimating row 18 out of 54 for hessian
Estimating row 19 out of 54 for hessian
Estimating row 20 out of 54 for hessian
Estimating row 21 out of 54 for hessian
Estimating row 22 out of 54 for hessian
Estimating row 23 out of 54 for hessian
Estimating row 24 out of 54 for hessian
Estimating row 25 out of 54 for hessian
Estimating row 26 out of 54 for hessian
Estimating row 27 out of 54 for hessian
Estimating row 28 out of 54 for hessian
Estimating row 29 out of 54 for hessian
Estimating row 30 out of 54 for hessian
Estimating row 31 out of 54 for hessian
Estimating row 32 out of 54 for hessian
Estimating row 33 out of 54 for hessian
Estimating row 34 out of 54 for hessian
Estimating row 35 out of 54 for hessian
Estimating row 36 out of 54 for hessian
Estimating row 37 out of 54 for hessian
Estimating row 38 out of 54 for hessian
Estimating row 39 out of 54 for hessian
Estimating row 40 out of 54 for hessian
Estimating row 41 out of 54 for hessian
Estimating row 42 out of 54 for hessian
Estimating row 43 out of 54 for hessian
Estimating row 44 out of 54 for hessian
Estimating row 45 out of 54 for hessian
Estimating row 46 out of 54 for hessian
Estimating row 47 out of 54 for hessian
Estimating row 48 out of 54 for hessian
Estimating row 49 out of 54 for hessian
Estimating row 50 out of 54 for hessian
Estimating row 51 out of 54 for hessian
Estimating row 52 out of 54 for hessian
Estimating row 53 out of 54 for hessian
Estimating row 54 out of 54 for hessian
size of file gradfil1.tmp = 0
size of file gradfil2.tmp = 0
size of file varssave.tmp = 0
size of file cmpdiff.tmp = 0
