
Initial statistics: 3 variables; iteration 0; function evaluation 0; phase 1
Function value 1.8717147e+03; maximum gradient component mag -3.2312e+05
Var    Value     Gradient |Var    Value     Gradient |Var    Value     Gradient
  1 -0.39753 -3.23123e+05 |  2  0.16262 -6.89575e+02 |  3 -0.77468 -5.38868e+01

 - final statistics:
3 variables; iteration 14; function evaluation 19
Function value 1.5486e+03; maximum gradient component mag 6.9344e+00
Exit code = 1;  converg criter 1.0000e+01
Var    Value     Gradient |Var    Value     Gradient |Var    Value     Gradient
  1 -0.39165  6.93437e+00 |  2  0.17928  1.62291e-02 |  3 -0.79279  4.59865e-02

Initial statistics: 37 variables; iteration 0; function evaluation 0; phase 2
Function value 1.5485601e+03; maximum gradient component mag -3.5397e+02
Var    Value     Gradient |Var    Value     Gradient |Var    Value     Gradient
  1  0.09652 -3.22000e+02 |  2 -0.39165  6.93437e+00 |  3  0.00000  1.70888e+02
  4  0.00000  1.30598e+02 |  5  0.00000  5.46607e+01 |  6  0.00000 -1.43367e+02
  7  0.00000 -3.16804e+02 |  8  0.00000 -1.85862e+02 |  9  0.00000  9.93978e+01
 10  0.00000  2.21839e+02 | 11  0.00000  1.09410e+02 | 12  0.00000 -1.60851e+02
 13  0.00000 -3.53965e+02 | 14  0.00000 -2.34521e+02 | 15  0.00000  5.66469e+01
 16  0.00000  2.69456e+02 | 17  0.00000  2.51199e+02 | 18  0.00000  8.30283e+01
 19  0.00000 -1.77613e+02 | 20  0.00000 -2.70400e+02 | 21  0.00000 -2.58286e+02
 22  0.00000 -2.50572e+02 | 23  0.00000 -1.56952e+02 | 24  0.00000  4.44181e+01
 25  0.00000  1.20778e+02 | 26  0.00000  1.26276e+02 | 27  0.00000  3.25594e+02
 28  0.00000  2.77549e+02 | 29  0.00000  1.46237e+02 | 30  0.00000  1.96064e+01
 31  0.00000 -3.72497e+01 | 32  0.00000 -8.75330e-01 | 33  0.00000  3.97354e+01
 34  0.17928  1.62291e-02 | 35 -0.79279  4.59865e-02 | 36  0.08670  1.47394e+02
 37 -0.19914  2.27112e+02 |

Intermediate statistics: 37 variables; iteration 20; function evaluation 31; phase 2
Function value 1.4246457e+03; maximum gradient component mag 5.8043e+03
Var    Value     Gradient |Var    Value     Gradient |Var    Value     Gradient
  1  0.07170 -1.21105e+03 |  2 -0.39274  5.80427e+03 |  3 -0.01470  1.11181e+02
  4 -0.00878  6.95989e+01 |  5 -0.03810  2.91708e+01 |  6 -0.03159 -7.85124e+00
  7  0.12468 -2.36440e+01 |  8  0.01811  2.05965e+01 |  9 -0.05091  5.96980e+01
 10 -0.04168  8.82101e+01 | 11 -0.04435  4.82082e+01 | 12  0.00524  1.50238e+01
 13  0.11481 -5.63107e+00 | 14  0.03856  6.78249e+00 | 15 -0.02458  3.95305e+01
 16 -0.03077  6.60446e+01 | 17 -0.00286  6.22499e+01 | 18 -0.03130  2.31718e+00
 19  0.06299 -2.80978e+01 | 20  0.10561 -6.16119e+01 | 21 -0.18036 -6.54110e+01
 22  0.10407 -5.74668e+01 | 23  0.08615 -2.97421e+01 | 24 -0.12545 -5.72307e+01
 25  0.02629 -5.69573e+01 | 26  0.04625 -7.15511e+01 | 27 -0.07368  2.42799e+00
 28 -0.04049 -6.31314e+01 | 29 -0.18841 -9.42813e+01 | 30  0.09040 -7.05448e+01
 31  0.07027 -5.53438e+01 | 32  0.04887 -3.85970e+01 | 33 -0.02260 -3.25370e+01
 34  0.16477  5.90568e+01 | 35 -0.81972  7.70448e+00 | 36  0.09443  4.90381e+02
 37 -0.18588  2.08086e+02 |
37 variables; iteration 40; function evaluation 59; phase 2
Function value 1.3789830e+03; maximum gradient component mag 2.6667e+03
Var    Value     Gradient |Var    Value     Gradient |Var    Value     Gradient
  1  0.10370  1.59542e+02 |  2 -0.39724  2.66673e+03 |  3 -0.01883  2.08955e+01
  4 -0.02157  1.13308e+01 |  5 -0.03255  2.29536e+01 |  6  0.01103  4.31295e+01
  7  0.13808  7.79676e+01 |  8  0.05575  4.42430e+01 |  9 -0.08443  7.82141e+00
 10 -0.06522  1.91907e+01 | 11 -0.06542  5.33232e+00 | 12  0.01723  2.26588e+01
 13  0.13321  6.34244e+01 | 14  0.04879  1.94928e+01 | 15 -0.02466  1.26284e+01
 16 -0.05847  1.33220e+01 | 17 -0.01569  1.72991e+01 | 18 -0.00529  2.99127e-01
 19  0.03134 -3.76637e+01 | 20  0.10507 -3.93773e+01 | 21 -0.13348 -5.41665e+01
 22  0.09431 -4.01583e+01 | 23  0.04081 -3.65899e+01 | 24 -0.02360 -1.13297e+01
 25 -0.01907 -2.33251e+01 | 26  0.04484 -2.85696e+01 | 27 -0.12813 -3.36526e+01
 28 -0.08047 -4.40318e+01 | 29 -0.05683 -5.37294e+01 | 30  0.03131 -4.48813e+01
 31  0.05624 -3.81805e+01 | 32  0.03412 -3.05419e+01 | 33 -0.01158 -2.77042e+01
 34  0.18065  6.13856e+01 | 35 -0.79765  2.18712e-01 | 36  0.08942  1.69410e+02
 37 -0.20466  4.21909e+01 |

 - final statistics:
37 variables; iteration 51; function evaluation 71
Function value 1.3722e+03; maximum gradient component mag 7.1123e+00
Exit code = 1;  converg criter 1.0000e+01
Var    Value     Gradient |Var    Value     Gradient |Var    Value     Gradient
  1  0.09994 -5.04731e+00 |  2 -0.39715  7.11228e+00 |  3 -0.05241  3.85866e-02
  4  0.01159 -5.57384e-02 |  5 -0.05166  7.05412e-02 |  6 -0.04896 -2.20546e-01
  7  0.16215  5.25160e-01 |  8  0.03139 -4.71168e-01 |  9 -0.09074  3.17073e-01
 10 -0.08235  8.55731e-01 | 11 -0.05915 -6.03796e-01 | 12  0.01186 -5.06300e-01
 13  0.13336 -2.17172e-01 | 14  0.05816 -8.27425e-01 | 15 -0.03682 -7.85342e-01
 16 -0.07262 -7.87971e-01 | 17 -0.01116 -1.12411e+00 | 18 -0.04628  2.98045e-01
 19  0.07885  4.55294e+00 | 20  0.05520  2.81191e+00 | 21  0.02019  2.37551e-01
 22  0.05258  8.99957e-01 | 23  0.07302 -1.54754e+00 | 24 -0.05995 -8.02493e-01
 25 -0.01263 -9.58634e-01 | 26  0.04413 -1.01354e+00 | 27 -0.12518  1.62972e+00
 28 -0.07340  1.63669e+00 | 29 -0.03206  4.95988e-01 | 30  0.03008  1.04861e+00
 31  0.06256  2.69028e-01 | 32  0.03849  6.57524e-02 | 33 -0.00667  1.51229e-01
 34  0.17616  7.54753e-01 | 35 -0.79091  5.01233e-01 | 36  0.08691 -2.22951e+00
 37 -0.20472 -7.78842e-01 |

Initial statistics: 39 variables; iteration 0; function evaluation 0; phase 3
Function value 1.3721690e+03; maximum gradient component mag -3.0221e+01
Var    Value     Gradient |Var    Value     Gradient |Var    Value     Gradient
  1  0.09994 -5.04731e+00 |  2 -0.39715  7.11228e+00 |  3 -0.05242 -1.56610e-01
  4  0.01158 -2.51566e-01 |  5 -0.05167 -1.24674e-01 |  6 -0.04897 -4.15827e-01
  7  0.16215  3.35619e-01 |  8  0.03139 -6.66790e-01 |  9 -0.09075  1.23199e-01
 10 -0.08235  6.61506e-01 | 11 -0.05916 -7.98811e-01 | 12  0.01186 -7.02126e-01
 13  0.13335 -4.08751e-01 | 14  0.05816 -1.02247e+00 | 15 -0.03683 -9.80874e-01
 16 -0.07263 -9.82557e-01 | 17 -0.01116 -1.31994e+00 | 18 -0.04629  1.02702e-01
 19  0.07884  4.35859e+00 | 20  0.05519  2.61679e+00 | 21  0.02019  4.17898e-02
 22  0.05257  7.04765e-01 | 23  0.07301 -1.74211e+00 | 24 -0.05995 -9.97485e-01
 25 -0.01263 -1.15446e+00 | 26  0.04413 -1.20893e+00 | 27 -0.12519  1.43764e+00
 28 -0.07340  1.44213e+00 | 29 -0.03206  3.00376e-01 | 30  0.03008  8.52969e-01
 31  0.06255  7.41124e-02 | 32  0.03849 -1.29750e-01 | 33 -0.00668 -4.46202e-02
 34  0.17616  7.54753e-01 | 35 -0.79091  5.01233e-01 | 36  0.08691 -2.22951e+00
 37 -0.24091 -2.17682e+01 | 38 -0.20472 -7.78842e-01 | 39 -0.57014 -3.02214e+01

Intermediate statistics: 39 variables; iteration 20; function evaluation 24; phase 3
Function value 1.3719450e+03; maximum gradient component mag -2.6752e+02
Var    Value     Gradient |Var    Value     Gradient |Var    Value     Gradient
  1  0.10035 -4.22420e+00 |  2 -0.39747 -2.67523e+02 |  3 -0.05575 -3.06494e+00
  4  0.01500 -3.32253e+00 |  5 -0.05365 -2.26965e+00 |  6 -0.04787 -2.24807e+00
  7  0.16302 -1.19599e+01 |  8  0.03159 -5.12249e+00 |  9 -0.09030 -1.84846e+00
 10 -0.08275 -2.09072e+00 | 11 -0.05645 -3.02976e+00 | 12  0.00822 -5.46867e+00
 13  0.13644 -1.29598e+01 | 14  0.05383 -8.50440e+00 | 15 -0.03264 -3.40004e+00
 16 -0.07229 -2.62107e+00 | 17 -0.01244 -2.53569e+00 | 18 -0.04452  1.22343e+00
 19  0.08008  9.21388e+00 | 20  0.05366  7.96615e+00 | 21  0.02411  4.70032e+00
 22  0.05107  2.24065e+00 | 23  0.07306 -2.11207e-02 | 24 -0.05889 -2.80610e-02
 25 -0.01288 -8.28946e-01 | 26  0.04408 -9.43199e-01 | 27 -0.12796  2.96350e-01
 28 -0.07263  9.40084e-01 | 29 -0.03346 -5.68491e-01 | 30  0.02798 -6.67700e-01
 31  0.06356 -1.74332e+00 | 32  0.03558 -1.48795e+00 | 33 -0.00663 -1.92118e-01
 34  0.17767  2.52044e+00 | 35 -0.78812  2.34326e-03 | 36  0.08848 -1.80139e+01
 37 -0.23907 -1.05497e+01 | 38 -0.20004  1.87563e+01 | 39 -0.55956 -1.99807e+01

 - final statistics:
39 variables; iteration 38; function evaluation 50
Function value 1.3718e+03; maximum gradient component mag -9.2276e-01
Exit code = 1;  converg criter 1.0000e+00
Var    Value     Gradient |Var    Value     Gradient |Var    Value     Gradient
  1  0.10108  2.57190e-01 |  2 -0.39749 -9.22759e-01 |  3 -0.05576  2.13680e-02
  4  0.01462  1.13553e-02 |  5 -0.05297 -1.01482e-02 |  6 -0.04878 -1.57787e-01
  7  0.16302 -8.74659e-02 |  8  0.03202  1.33185e-01 |  9 -0.09007  1.12037e-01
 10 -0.08290 -6.58482e-02 | 11 -0.05784  3.30242e-02 | 12  0.01067  2.57284e-01
 13  0.13549 -6.44352e-03 | 14  0.05588  1.08153e-01 | 15 -0.03351  2.66752e-01
 16 -0.07169  1.03264e-02 | 17 -0.01207 -8.73640e-02 | 18 -0.04438 -2.56486e-02
 19  0.07921 -4.54155e-02 | 20  0.05202 -1.23676e-01 | 21  0.02442 -3.11282e-02
 22  0.05073  7.57028e-02 | 23  0.07327 -3.36953e-02 | 24 -0.05817  1.46105e-01
 25 -0.01326 -9.10245e-02 | 26  0.04508  9.70361e-02 | 27 -0.12814  1.47649e-01
 28 -0.07341 -7.70409e-02 | 29 -0.03361  4.52670e-02 | 30  0.02823  6.73223e-02
 31  0.06397  5.30123e-03 | 32  0.03596  2.06478e-01 | 33 -0.00657  1.26069e-02
 34  0.17725 -1.23808e-01 | 35 -0.78945 -1.95078e-01 | 36  0.09207 -1.12206e-02
 37 -0.23429  2.55889e-01 | 38 -0.19942  4.69785e-02 | 39 -0.55065  5.04032e-02

Initial statistics: 44 variables; iteration 0; function evaluation 0; phase 4
Function value 1.3717887e+03; maximum gradient component mag 2.1697e+02
Var    Value     Gradient |Var    Value     Gradient |Var    Value     Gradient
  1  0.10108  2.57190e-01 |  2  0.17139  2.16969e+02 |  3 -0.01721  1.15853e+02
  4  0.11616  2.91819e+01 |  5  0.08642 -2.82821e+01 |  6 -0.39749 -9.22759e-01
  7  0.02268 -9.76700e+00 |  8 -0.05576 -8.05165e-03 |  9  0.01462 -1.81698e-02
 10 -0.05297 -3.95788e-02 | 11 -0.04879 -1.87233e-01 | 12  0.16302 -1.16036e-01
 13  0.03201  1.03690e-01 | 14 -0.09007  8.27996e-02 | 15 -0.08290 -9.51310e-02
 16 -0.05784  3.61322e-03 | 17  0.01067  2.27755e-01 | 18  0.13549 -3.53100e-02
 19  0.05588  7.87340e-02 | 20 -0.03351  2.37260e-01 | 21 -0.07169 -1.90193e-02
 22 -0.01207 -1.16892e-01 | 23 -0.04438 -5.51097e-02 | 24  0.07921 -7.47200e-02
 25  0.05202 -1.53110e-01 | 26  0.02442 -6.06393e-02 | 27  0.05073  4.62637e-02
 28  0.07326 -6.30328e-02 | 29 -0.05817  1.16695e-01 | 30 -0.01327 -1.20551e-01
 31  0.04508  6.75773e-02 | 32 -0.12814  1.18712e-01 | 33 -0.07341 -1.06378e-01
 34 -0.03361  1.57753e-02 | 35  0.02823  3.78185e-02 | 36  0.06397 -2.40827e-02
 37  0.03596  1.76992e-01 | 38 -0.00657 -1.69243e-02 | 39  0.17725 -1.23808e-01
 40 -0.78945 -1.95078e-01 | 41  0.09207 -1.12206e-02 | 42 -0.23429  2.55889e-01
 43 -0.19942  4.69785e-02 | 44 -0.55065  5.04032e-02 |

Intermediate statistics: 44 variables; iteration 20; function evaluation 21; phase 4
Function value 1.3701965e+03; maximum gradient component mag 7.5856e+02
Var    Value     Gradient |Var    Value     Gradient |Var    Value     Gradient
  1  0.11185  2.91674e+01 |  2  0.17266  1.69755e+02 |  3 -0.03978  7.67486e+01
  4  0.11417 -4.94567e+01 |  5  0.07048 -4.52496e+01 |  6 -0.39703  7.58564e+02
  7  0.17013 -1.75076e+00 |  8 -0.04616  7.05177e+00 |  9  0.01497  1.79132e+01
 10 -0.04945  9.69183e+00 | 11 -0.04306  8.49279e+00 | 12  0.16317  3.67580e+01
 13  0.03355  1.28930e+01 | 14 -0.08792  3.88652e+00 | 15 -0.08271  2.10170e+00
 16 -0.05841  1.66031e+00 | 17  0.00999  2.51829e+00 | 18  0.13411  3.47380e+00
 19  0.05582  4.41285e+00 | 20 -0.03544  7.99061e-01 | 21 -0.07257 -2.08128e+00
 22 -0.01753 -3.54812e+00 | 23 -0.04196 -1.28698e+00 | 24  0.07522 -9.99313e-02
 25  0.05154  1.37099e+00 | 26  0.01972  2.21850e+00 | 27  0.04845  5.78518e+00
 28  0.06808  8.61119e+00 | 29 -0.05873  1.72115e+00 | 30 -0.01636 -3.34102e-01
 31  0.03991 -2.98343e-01 | 32 -0.12503 -4.66837e+00 | 33 -0.07478 -3.49229e+00
 34 -0.03592 -3.66467e+00 | 35  0.02815 -1.95117e+00 | 36  0.06725 -2.05140e-01
 37  0.04028  4.99365e-01 | 38  0.00010  2.08698e-01 | 39  0.17118  1.35714e+01
 40 -0.83485  3.05124e+00 | 41  0.10145  1.86034e+01 | 42 -0.23056  8.95463e+00
 43 -0.19080  3.71523e+01 | 44 -0.54103 -1.60697e+01 |
44 variables; iteration 40; function evaluation 50; phase 4
Function value 1.3692599e+03; maximum gradient component mag 2.1588e+01
Var    Value     Gradient |Var    Value     Gradient |Var    Value     Gradient
  1  0.11144 -1.90154e+00 |  2  0.17141 -1.49572e+00 |  3 -0.04388 -1.53310e+00
  4  0.11361  4.97093e+00 |  5  0.07919  2.24525e+00 |  6 -0.39772  2.15880e+01
  7  0.27962 -1.05780e+00 |  8 -0.03882  9.37242e-02 |  9  0.01151  6.51755e-01
 10 -0.04784  1.88311e-01 | 11 -0.03963  4.06881e-01 | 12  0.16470  1.94291e+00
 13  0.03491  5.48198e-01 | 14 -0.08776 -2.94487e-01 | 15 -0.07719  6.68296e-01
 16 -0.05459  2.36698e-01 | 17  0.00922 -6.56608e-02 | 18  0.13847  1.07570e+00
 19  0.05328  3.71273e-01 | 20 -0.03376 -1.22987e-01 | 21 -0.06901  1.36175e-01
 22 -0.01770 -6.96160e-02 | 23 -0.04139 -5.12249e-01 | 24  0.07280 -1.08369e+00
 25  0.04895 -8.78265e-01 | 26  0.01640 -6.18055e-01 | 27  0.04499 -1.32275e+00
 28  0.06023 -1.21280e+00 | 29 -0.06113 -4.26110e-01 | 30 -0.01957 -7.65119e-01
 31  0.03264 -7.50668e-01 | 32 -0.12031 -5.44225e-01 | 33 -0.07628 -2.52278e-01
 34 -0.03642  9.35085e-02 | 35  0.02718 -5.63534e-01 | 36  0.06525 -4.41201e-01
 37  0.03914 -9.40834e-02 | 38  0.00332 -3.26066e-02 | 39  0.16832 -3.09167e+00
 40 -0.88811  5.73307e-02 | 41  0.10305  4.81939e+00 | 42 -0.23353 -3.95061e+00
 43 -0.19011  1.17706e+00 | 44 -0.53531  2.36696e-01 |

 - final statistics:
44 variables; iteration 59; function evaluation 76
Function value 1.3692e+03; maximum gradient component mag -5.5290e-06
Exit code = 1;  converg criter 1.0000e-04
Var    Value     Gradient |Var    Value     Gradient |Var    Value     Gradient
  1  0.11152 -1.24041e-07 |  2  0.17156  3.21301e-06 |  3 -0.04416  2.64390e-06
  4  0.11377 -1.70845e-06 |  5  0.07841 -1.35693e-06 |  6 -0.39773 -5.52903e-06
  7  0.34356  1.60160e-07 |  8 -0.03721  7.09731e-07 |  9  0.01097 -4.59823e-07
 10 -0.04677  5.56720e-07 | 11 -0.03909 -6.93049e-08 | 12  0.16489  3.98911e-07
 13  0.03511  6.92308e-07 | 14 -0.08556  4.02397e-07 | 15 -0.07821  2.71738e-07
 16 -0.05448  5.65715e-07 | 17  0.01053  9.89553e-08 | 18  0.13818  9.13449e-07
 19  0.05354  4.45302e-07 | 20 -0.03327  8.90992e-08 | 21 -0.06937 -5.00242e-07
 22 -0.01828 -1.89007e-07 | 23 -0.04094  5.32140e-07 | 24  0.07188 -1.12456e-07
 25  0.04867 -7.85469e-07 | 26  0.01469 -5.26269e-07 | 27  0.04441 -3.45658e-08
 28  0.05822 -8.19244e-07 | 29 -0.06220 -6.73561e-07 | 30 -0.02062 -3.04694e-08
 31  0.03124  1.31936e-07 | 32 -0.11976  3.80171e-07 | 33 -0.07637 -1.53125e-07
 34 -0.03690  9.03008e-07 | 35  0.02804  5.65853e-07 | 36  0.06612  3.53071e-07
 37  0.04009 -1.40099e-07 | 38  0.00414  1.31832e-07 | 39  0.16690 -4.81360e-06
 40 -0.91828  6.09499e-07 | 41  0.10308  3.32405e-06 | 42 -0.23425 -3.86841e-06
 43 -0.18941  3.65039e-06 | 44 -0.53496 -8.27968e-07 |
Warning: the following parameters had issues
  Q_parm[3] is within 1% of lower bound: -7.00000e+00 < -6.95063e+00 < 5.00000e+00


 - final statistics:
54 variables; iteration 0; function evaluation 0
Function value 1.3692e+03; maximum gradient component mag -5.5288e-06
Exit code = 0;  converg criter 1.0000e-04
Var    Value     Gradient |Var    Value     Gradient |Var    Value     Gradient
  1  0.11152 -1.24037e-07 |  2  0.17156  3.21304e-06 |  3 -0.04416  2.64391e-06
  4  0.11377 -1.70843e-06 |  5  0.07841 -1.35692e-06 |  6 -0.39773 -5.52876e-06
  7  0.34356  1.60160e-07 |  8 -0.03721  5.90903e-07 |  9  0.01097 -5.78836e-07
 10 -0.04677  4.38009e-07 | 11 -0.03909 -1.88113e-07 | 12  0.16489  2.83861e-07
 13  0.03511  5.73460e-07 | 14 -0.08556  2.84437e-07 | 15 -0.07821  1.53602e-07
 16 -0.05448  4.47119e-07 | 17  0.01053 -2.00588e-08 | 18  0.13818  7.97220e-07
 19  0.05354  3.26694e-07 | 20 -0.03327 -2.97707e-08 | 21 -0.06937 -6.18569e-07
 22 -0.01828 -3.07991e-07 | 23 -0.04094  4.13351e-07 | 24  0.07188 -2.30731e-07
 25  0.04867 -9.04156e-07 | 26  0.01469 -6.45271e-07 | 27  0.04441 -1.53312e-07
 28  0.05822 -9.37783e-07 | 29 -0.06220 -7.92029e-07 | 30 -0.02062 -1.49443e-07
 31  0.03124  1.30425e-08 | 32 -0.11976  2.63235e-07 | 33 -0.07637 -2.71305e-07
 34 -0.03690  7.84172e-07 | 35  0.02804  4.46932e-07 | 36  0.06612  2.34676e-07
 37  0.04009 -2.58898e-07 | 38  0.00414  1.27997e-08 | 39  0.00000  0.00000e+00
 40  0.00000  0.00000e+00 | 41  0.00000  0.00000e+00 | 42  0.00000  0.00000e+00
 43  0.00000  0.00000e+00 | 44  0.00000  0.00000e+00 | 45  0.00000  0.00000e+00
 46  0.00000  0.00000e+00 | 47  0.00000  0.00000e+00 | 48  0.00000  0.00000e+00
 49  0.16690 -4.81360e-06 | 50 -0.91828  6.09499e-07 | 51  0.10308  3.32406e-06
 52 -0.23425 -3.86842e-06 | 53 -0.18941  3.65040e-06 | 54 -0.53496 -8.27968e-07
Estimating row 1 out of 54 for hessian
Estimating row 2 out of 54 for hessian
Estimating row 3 out of 54 for hessian
Estimating row 4 out of 54 for hessian
Estimating row 5 out of 54 for hessian
Estimating row 6 out of 54 for hessian
Estimating row 7 out of 54 for hessian
Estimating row 8 out of 54 for hessian
Estimating row 9 out of 54 for hessian
Estimating row 10 out of 54 for hessian
Estimating row 11 out of 54 for hessian
Estimating row 12 out of 54 for hessian
Estimating row 13 out of 54 for hessian
Estimating row 14 out of 54 for hessian
Estimating row 15 out of 54 for hessian
Estimating row 16 out of 54 for hessian
Estimating row 17 out of 54 for hessian
Estimating row 18 out of 54 for hessian
Estimating row 19 out of 54 for hessian
Estimating row 20 out of 54 for hessian
Estimating row 21 out of 54 for hessian
Estimating row 22 out of 54 for hessian
Estimating row 23 out of 54 for hessian
Estimating row 24 out of 54 for hessian
Estimating row 25 out of 54 for hessian
Estimating row 26 out of 54 for hessian
Estimating row 27 out of 54 for hessian
Estimating row 28 out of 54 for hessian
Estimating row 29 out of 54 for hessian
Estimating row 30 out of 54 for hessian
Estimating row 31 out of 54 for hessian
Estimating row 32 out of 54 for hessian
Estimating row 33 out of 54 for hessian
Estimating row 34 out of 54 for hessian
Estimating row 35 out of 54 for hessian
Estimating row 36 out of 54 for hessian
Estimating row 37 out of 54 for hessian
Estimating row 38 out of 54 for hessian
Estimating row 39 out of 54 for hessian
Estimating row 40 out of 54 for hessian
Estimating row 41 out of 54 for hessian
Estimating row 42 out of 54 for hessian
Estimating row 43 out of 54 for hessian
Estimating row 44 out of 54 for hessian
Estimating row 45 out of 54 for hessian
Estimating row 46 out of 54 for hessian
Estimating row 47 out of 54 for hessian
Estimating row 48 out of 54 for hessian
Estimating row 49 out of 54 for hessian
Estimating row 50 out of 54 for hessian
Estimating row 51 out of 54 for hessian
Estimating row 52 out of 54 for hessian
Estimating row 53 out of 54 for hessian
Estimating row 54 out of 54 for hessian
size of file gradfil1.tmp = 0
size of file gradfil2.tmp = 0
size of file varssave.tmp = 0
size of file cmpdiff.tmp = 0
