
Initial statistics: 3 variables; iteration 0; function evaluation 0; phase 1
Function value 1.7055592e+03; maximum gradient component mag -2.0709e+05
Var    Value     Gradient |Var    Value     Gradient |Var    Value     Gradient
  1 -0.39753 -2.07087e+05 |  2  0.16262 -4.70573e+02 |  3 -0.77468 -5.15798e+01

 - final statistics:
3 variables; iteration 10; function evaluation 16
Function value 1.5902e+03; maximum gradient component mag -3.1841e+00
Exit code = 1;  converg criter 1.0000e+01
Var    Value     Gradient |Var    Value     Gradient |Var    Value     Gradient
  1 -0.39562 -3.18409e+00 |  2  0.18883 -7.29984e-03 |  3 -0.69887 -4.44664e-02

Initial statistics: 37 variables; iteration 0; function evaluation 0; phase 2
Function value 1.5902282e+03; maximum gradient component mag -8.2698e+02
Var    Value     Gradient |Var    Value     Gradient |Var    Value     Gradient
  1  0.09652 -2.02281e+02 |  2 -0.39562 -3.18409e+00 |  3  0.00000  2.85782e+02
  4  0.00000  3.24218e+02 |  5  0.00000  3.24469e+02 |  6  0.00000  2.58209e+02
  7  0.00000  1.22810e+02 |  8  0.00000 -3.01015e+01 |  9  0.00000 -1.50773e+02
 10  0.00000 -1.13444e+02 | 11  0.00000 -5.10357e+01 | 12  0.00000 -3.60847e+01
 13  0.00000 -9.96785e+01 | 14  0.00000 -1.62976e+02 | 15  0.00000 -2.52082e+02
 16  0.00000 -1.86481e+02 | 17  0.00000 -3.75087e+01 | 18  0.00000  8.39717e+01
 19  0.00000  2.10744e+02 | 20  0.00000  2.73718e+02 | 21  0.00000  1.01506e+02
 22  0.00000 -2.05974e+02 | 23  0.00000 -6.13941e+02 | 24  0.00000 -8.26980e+02
 25  0.00000 -4.95961e+02 | 26  0.00000 -7.81095e+01 | 27  0.00000  2.04913e+02
 28  0.00000  3.03122e+02 | 29  0.00000  2.43900e+02 | 30  0.00000  2.22185e+02
 31  0.00000  2.02930e+02 | 32  0.00000  1.04549e+02 | 33  0.00000  7.41037e+01
 34  0.18883 -7.29984e-03 | 35 -0.69887 -4.44664e-02 | 36  0.08670  1.92184e+02
 37 -0.19914 -1.07294e+02 |

Intermediate statistics: 37 variables; iteration 20; function evaluation 32; phase 2
Function value 1.3666617e+03; maximum gradient component mag 3.6927e+03
Var    Value     Gradient |Var    Value     Gradient |Var    Value     Gradient
  1  0.10514  4.15639e+02 |  2 -0.39998  3.69270e+03 |  3 -0.06321  1.24740e+01
  4 -0.06529  2.37551e+01 |  5 -0.05928  2.95777e+01 |  6 -0.04306  3.56295e+01
  7 -0.00448  3.97036e+01 |  8  0.02416  2.73013e+01 |  9  0.06296 -1.64937e+01
 10  0.02349 -1.16706e+00 | 11  0.00823 -5.98887e+00 | 12 -0.01478 -1.29968e+01
 13  0.02256 -1.94924e+01 | 14  0.01048  1.27188e+01 | 15  0.07345  2.41086e+01
 16  0.04220  4.62574e+01 | 17  0.01655  4.68436e+01 | 18  0.02693  3.77505e+01
 19  0.02714  2.97224e+01 | 20 -0.09136 -6.53923e+00 | 21  0.06574 -2.28690e+01
 22 -0.05899 -4.90695e+01 | 23  0.07025 -1.83528e+00 | 24  0.24797 -5.25665e+00
 25 -0.07596 -3.25163e+01 | 26  0.06202 -4.88029e+01 | 27  0.00506 -6.87331e+01
 28 -0.08033 -5.25602e+01 | 29  0.03916 -4.04550e+01 | 30 -0.04162 -3.63729e+01
 31 -0.11732 -2.74234e+01 | 32 -0.02628 -1.56976e+01 | 33 -0.08453 -1.99163e+01
 34  0.16467 -8.81405e+01 | 35 -0.73552 -6.81104e+00 | 36  0.14073  9.43539e+02
 37 -0.19884 -1.08255e+01 |
37 variables; iteration 40; function evaluation 64; phase 2
Function value 1.3389667e+03; maximum gradient component mag 1.7533e+03
Var    Value     Gradient |Var    Value     Gradient |Var    Value     Gradient
  1  0.09733  2.94696e+01 |  2 -0.39847  1.75327e+03 |  3 -0.07259  2.44726e+00
  4 -0.06745  6.81310e+00 |  5 -0.06352  5.45342e+00 |  6 -0.06006  3.09123e+00
  7 -0.00098  1.61573e+01 |  8  0.00769  2.16935e+01 |  9  0.08929  3.20889e+01
 10  0.01183  2.06165e+01 | 11  0.01390  1.61836e+01 | 12 -0.01098  1.27223e+01
 13  0.03870  1.38485e+01 | 14 -0.00482  1.42278e+01 | 15  0.08358  1.58034e+01
 16  0.03437  1.06059e+01 | 17  0.00424  4.79081e+00 | 18  0.02946  1.85579e+00
 19  0.01491 -2.51080e+00 | 20 -0.07148 -6.41479e+00 | 21  0.03509 -7.26910e+00
 22  0.02579 -1.05824e+01 | 23  0.01947 -1.05197e+01 | 24  0.23670 -1.50294e+01
 25 -0.04027 -1.48434e+01 | 26  0.04579 -1.65328e+01 | 27  0.00051 -1.77197e+01
 28 -0.04735 -1.83807e+01 | 29  0.00903 -1.97003e+01 | 30 -0.03296 -1.84436e+01
 31 -0.10540 -1.68318e+01 | 32 -0.04210 -1.61974e+01 | 33 -0.07592 -1.49409e+01
 34  0.17554  1.31492e+01 | 35 -0.72858  1.59360e+00 | 36  0.09044  5.43679e+01
 37 -0.19523  4.95042e+00 |

 - final statistics:
37 variables; iteration 48; function evaluation 75
Function value 1.3382e+03; maximum gradient component mag 6.3409e+00
Exit code = 1;  converg criter 1.0000e+01
Var    Value     Gradient |Var    Value     Gradient |Var    Value     Gradient
  1  0.09754  5.06259e-03 |  2 -0.39894  6.34085e+00 |  3 -0.06814 -3.68951e-01
  4 -0.07266 -1.69867e-01 |  5 -0.06472 -2.11966e-01 |  6 -0.05560 -3.55405e-01
  7  0.00586  3.32273e-01 |  8 -0.01713  7.58915e-01 |  9  0.10764  1.22406e+00
 10 -0.01567  4.97227e-01 | 11  0.02987  3.30411e-01 | 12 -0.03264 -6.80495e-03
 13  0.05803 -2.29277e-01 | 14 -0.04348 -5.40691e-01 | 15  0.09944 -7.99501e-01
 16  0.02216 -3.86826e-01 | 17  0.00771 -8.73403e-02 | 18  0.03034  8.53702e-02
 19  0.01720 -2.51535e-01 | 20 -0.07833 -4.30749e-01 | 21  0.03719  1.19113e-01
 22  0.02725  3.24154e-01 | 23  0.01964  9.63898e-01 | 24  0.23749  1.22183e+00
 25 -0.03230  7.07602e-01 | 26  0.04571 -1.91303e-01 | 27  0.00283 -2.72148e-01
 28 -0.04231 -3.66359e-01 | 29  0.01125 -4.37761e-01 | 30 -0.02928 -3.41257e-01
 31 -0.09908 -2.59073e-01 | 32 -0.03583 -1.33745e-01 | 33 -0.06714 -1.50994e-01
 34  0.17568  3.62781e-02 | 35 -0.73527  4.48918e-02 | 36  0.09221  6.26886e-02
 37 -0.19478  7.31882e-02 |

Initial statistics: 39 variables; iteration 0; function evaluation 0; phase 3
Function value 1.3381965e+03; maximum gradient component mag 9.1519e+01
Var    Value     Gradient |Var    Value     Gradient |Var    Value     Gradient
  1  0.09754  5.06259e-03 |  2 -0.39894  6.34085e+00 |  3 -0.06814 -3.90012e-01
  4 -0.07266 -1.90912e-01 |  5 -0.06472 -2.33039e-01 |  6 -0.05560 -3.76507e-01
  7  0.00585  3.11091e-01 |  8 -0.01714  7.37740e-01 |  9  0.10764  1.20318e+00
 10 -0.01568  4.76051e-01 | 11  0.02987  3.09252e-01 | 12 -0.03265 -2.79599e-02
 13  0.05803 -2.50372e-01 | 14 -0.04348 -5.61824e-01 | 15  0.09944 -8.20426e-01
 16  0.02216 -4.07996e-01 | 17  0.00771 -1.08522e-01 | 18  0.03034  6.42114e-02
 19  0.01720 -2.72710e-01 | 20 -0.07833 -4.51771e-01 | 21  0.03719  9.79662e-02
 22  0.02725  3.02990e-01 | 23  0.01964  9.42725e-01 | 24  0.23749  1.20211e+00
 25 -0.03230  6.86447e-01 | 26  0.04571 -2.12431e-01 | 27  0.00283 -2.93331e-01
 28 -0.04231 -3.87495e-01 | 29  0.01125 -4.58940e-01 | 30 -0.02929 -3.62418e-01
 31 -0.09909 -2.80000e-01 | 32 -0.03583 -1.54894e-01 | 33 -0.06714 -1.72059e-01
 34  0.17568  3.62781e-02 | 35 -0.73527  4.48918e-02 | 36  0.09221  6.26886e-02
 37 -0.24091  9.15192e+01 | 38 -0.19478  7.31882e-02 | 39 -0.57014  4.04275e+01

Intermediate statistics: 39 variables; iteration 20; function evaluation 26; phase 3
Function value 1.3370933e+03; maximum gradient component mag -2.0310e+02
Var    Value     Gradient |Var    Value     Gradient |Var    Value     Gradient
  1  0.09821  5.55992e+01 |  2 -0.39839 -2.03100e+02 |  3 -0.06539 -1.40317e-01
  4 -0.07841 -8.35112e-01 |  5 -0.06562 -1.01861e+00 |  6 -0.05733 -1.44739e+00
  7  0.00344 -3.00366e+00 |  8 -0.01822 -2.39968e+00 |  9  0.10693 -1.32365e+01
 10 -0.02660 -4.19333e+00 | 11  0.03452 -4.78584e+00 | 12 -0.03806 -2.88770e+00
 13  0.05488 -7.07265e+00 | 14 -0.03987 -1.53535e+00 | 15  0.09786 -1.00223e+01
 16  0.01707 -2.39622e+00 | 17  0.01410  4.69391e-01 | 18  0.02459 -6.25347e-01
 19  0.01877  2.25028e+00 | 20 -0.07769  2.71374e+00 | 21  0.03677  4.76677e+00
 22  0.02749  5.92200e+00 | 23  0.02477  3.87934e+00 | 24  0.23768 -9.02289e+00
 25 -0.03304  8.55170e-01 | 26  0.04528  1.69656e+00 | 27  0.00846  2.86100e+00
 28 -0.04354  4.42623e+00 | 29  0.01666  7.62419e+00 | 30 -0.02652  5.93990e+00
 31 -0.09708  4.81523e+00 | 32 -0.03057  4.83142e+00 | 33 -0.06632  2.56691e+00
 34  0.17146 -1.69328e+01 | 35 -0.74602 -5.48536e-01 | 36  0.08495  1.07063e+01
 37 -0.25177  4.27020e+01 | 38 -0.20277 -2.78818e+01 | 39 -0.58929  1.87934e+01
39 variables; iteration 40; function evaluation 57; phase 3
Function value 1.3365804e+03; maximum gradient component mag -4.8983e+01
Var    Value     Gradient |Var    Value     Gradient |Var    Value     Gradient
  1  0.09575  1.50072e-01 |  2 -0.39822 -4.89833e+01 |  3 -0.06664 -2.67835e-02
  4 -0.07742  1.20133e-01 |  5 -0.06576  1.29893e-02 |  6 -0.05756 -4.15163e-01
  7  0.00357 -5.75779e-01 |  8 -0.01626 -9.81614e-02 |  9  0.10575 -1.54772e+00
 10 -0.02164 -4.44326e-01 | 11  0.03315 -3.58529e-01 | 12 -0.03638 -4.39719e-01
 13  0.05480 -9.55329e-01 | 14 -0.03835  8.34881e-02 | 15  0.09770 -9.64415e-01
 16  0.01873 -3.89469e-01 | 17  0.01085 -2.63632e-01 | 18  0.02709  1.95350e-01
 19  0.01628 -1.99302e-01 | 20 -0.07611  1.84539e-01 | 21  0.03661  4.85568e-01
 22  0.02645  2.37985e-01 | 23  0.02568  4.26822e-01 | 24  0.23840  5.94976e-01
 25 -0.03451  3.60372e-01 | 26  0.04480  4.53527e-01 | 27  0.00866  5.56962e-01
 28 -0.04476  3.88081e-01 | 29  0.01687  5.77348e-01 | 30 -0.02839  4.05501e-01
 31 -0.09876  3.44646e-01 | 32 -0.03083  5.36440e-01 | 33 -0.06679  4.40615e-01
 34  0.17289 -6.22034e-01 | 35 -0.74432  1.88040e-01 | 36  0.07599 -1.92506e+00
 37 -0.26367  1.42808e+00 | 38 -0.20251 -3.73704e-01 | 39 -0.59697  1.29390e-01

 - final statistics:
39 variables; iteration 45; function evaluation 66
Function value 1.3366e+03; maximum gradient component mag 5.0701e-01
Exit code = 1;  converg criter 1.0000e+00
Var    Value     Gradient |Var    Value     Gradient |Var    Value     Gradient
  1  0.09572  1.08465e-02 |  2 -0.39821  5.07012e-01 |  3 -0.06663  2.33151e-04
  4 -0.07768 -2.08131e-04 |  5 -0.06618  3.33578e-04 |  6 -0.05701  2.10145e-03
  7  0.00377  4.83763e-03 |  8 -0.01710  2.38946e-03 |  9  0.10587  1.63317e-02
 10 -0.02096  3.58140e-03 | 11  0.03233  6.51895e-03 | 12 -0.03561  3.66946e-03
 13  0.05496  8.85191e-03 | 14 -0.03927  6.53212e-04 | 15  0.09795  1.17008e-02
 16  0.01836  2.45339e-03 | 17  0.01153  3.07863e-03 | 18  0.02630  1.14333e-03
 19  0.01690 -9.54619e-05 | 20 -0.07603 -2.83624e-03 | 21  0.03619 -2.34448e-03
 22  0.02701 -3.77127e-03 | 23  0.02542 -4.66838e-03 | 24  0.23845 -8.23620e-03
 25 -0.03431 -4.86689e-03 | 26  0.04484 -5.46215e-03 | 27  0.00860 -5.28960e-03
 28 -0.04452 -5.05160e-03 | 29  0.01682 -5.51287e-03 | 30 -0.02822 -5.14789e-03
 31 -0.09849 -4.54468e-03 | 32 -0.03108 -4.34755e-03 | 33 -0.06698 -4.08688e-03
 34  0.17287  5.20891e-03 | 35 -0.74529  7.24200e-04 | 36  0.07585  1.90699e-02
 37 -0.26385 -7.55078e-03 | 38 -0.20245  1.22269e-03 | 39 -0.59694  1.18422e-04

Initial statistics: 44 variables; iteration 0; function evaluation 0; phase 4
Function value 1.3365790e+03; maximum gradient component mag -1.3023e+02
Var    Value     Gradient |Var    Value     Gradient |Var    Value     Gradient
  1  0.09572  1.08465e-02 |  2  0.17139 -1.30226e+02 |  3 -0.01721 -1.11198e+02
  4  0.11616 -1.21240e+02 |  5  0.08642  6.10745e+01 |  6 -0.39821  5.07012e-01
  7  0.02268 -1.80648e+01 |  8 -0.06663  1.98767e-04 |  9 -0.07768 -2.42447e-04
 10 -0.06618  2.99191e-04 | 11 -0.05701  2.06701e-03 | 12  0.00377  4.80306e-03
 13 -0.01710  2.35490e-03 | 14  0.10587  1.62976e-02 | 15 -0.02096  3.54685e-03
 16  0.03233  6.48442e-03 | 17 -0.03561  3.63494e-03 | 18  0.05496  8.81746e-03
 19 -0.03927  6.18704e-04 | 20  0.09795  1.16666e-02 | 21  0.01836  2.41883e-03
 22  0.01153  3.04406e-03 | 23  0.02630  1.10879e-03 | 24  0.01690 -1.30023e-04
 25 -0.07603 -2.87057e-03 | 26  0.03619 -2.37899e-03 | 27  0.02701 -3.80581e-03
 28  0.02542 -4.70292e-03 | 29  0.23845 -8.26838e-03 | 30 -0.03431 -4.90142e-03
 31  0.04484 -5.49664e-03 | 32  0.00860 -5.32417e-03 | 33 -0.04452 -5.08609e-03
 34  0.01682 -5.54743e-03 | 35 -0.02822 -5.18243e-03 | 36 -0.09849 -4.57884e-03
 37 -0.03108 -4.38208e-03 | 38 -0.06698 -4.12126e-03 | 39  0.17287  5.20891e-03
 40 -0.74529  7.24200e-04 | 41  0.07585  1.90699e-02 | 42 -0.26385 -7.55078e-03
 43 -0.20245  1.22269e-03 | 44 -0.59694  1.18422e-04 |

Intermediate statistics: 44 variables; iteration 20; function evaluation 24; phase 4
Function value 1.3334544e+03; maximum gradient component mag -3.7203e+02
Var    Value     Gradient |Var    Value     Gradient |Var    Value     Gradient
  1  0.09403  4.94864e+01 |  2  0.16851 -6.17901e+01 |  3 -0.00139 -5.48396e+00
  4  0.12154 -1.81023e+02 |  5  0.06973 -7.77561e+00 |  6 -0.39865 -3.72030e+02
  7  0.16516 -7.90422e+00 |  8 -0.06268  7.06728e+00 |  9 -0.07416  9.11736e+00
 10 -0.06370  1.05343e+01 | 11 -0.05161  1.07144e+01 | 12  0.00288  5.34277e+00
 13 -0.00038  5.94782e-01 | 14  0.09276 -2.63954e+01 | 15  0.00046 -2.08407e+00
 16  0.02278 -2.05885e+00 | 17 -0.02386  9.33717e+00 | 18  0.05139  1.12054e+01
 19 -0.02686  1.28805e+01 | 20  0.09173  1.05705e+01 | 21  0.02111  6.88254e+00
 22  0.00191  4.56175e+00 | 23  0.02414  1.01930e+01 | 24  0.01211  1.06587e+01
 25 -0.07711  7.33890e+00 | 26  0.02238  3.20067e+00 | 27  0.02038  8.89451e+00
 28  0.02902  1.51327e+01 | 29  0.22596  3.10055e+01 | 30 -0.02403  1.43952e+01
 31  0.04056  1.84518e+01 | 32 -0.00153  7.25096e+00 | 33 -0.04631  8.89671e+00
 34  0.01527  7.98842e+00 | 35 -0.03049  5.50144e+00 | 36 -0.09766  6.16336e+00
 37 -0.02722  7.20537e+00 | 38 -0.05681  1.03133e+01 | 39  0.16761  9.39476e+00
 40 -0.82356 -2.73434e+00 | 41  0.07109  6.59139e+00 | 42 -0.27689 -4.61545e+01
 43 -0.19659  7.05886e+00 | 44 -0.59070  4.13808e+00 |
44 variables; iteration 40; function evaluation 53; phase 4
Function value 1.3318580e+03; maximum gradient component mag -5.7148e+02
Var    Value     Gradient |Var    Value     Gradient |Var    Value     Gradient
  1  0.08861 -2.01545e+01 |  2  0.17103 -2.32084e+01 |  3  0.00103 -8.53209e+00
  4  0.12956 -1.44941e+01 |  5  0.06258 -5.82517e+00 |  6 -0.39940 -5.71480e+02
  7  0.29973 -4.65697e+00 |  8 -0.06349 -3.61188e+00 |  9 -0.07000 -6.11868e-01
 10 -0.05859  1.12250e+00 | 11 -0.05452 -1.96382e+00 | 12  0.00423 -7.98520e+00
 13 -0.00067 -5.31720e+00 | 14  0.09934 -1.68610e+01 | 15 -0.00263 -3.84898e+00
 16  0.03012 -8.11199e+00 | 17 -0.03049 -4.03406e+00 | 18  0.05057 -8.50619e+00
 19 -0.02271 -2.46203e+00 | 20  0.08539 -1.17268e+01 | 21  0.02336 -2.74520e+00
 22  0.00333 -2.28762e+00 | 23  0.01825 -1.97396e+00 | 24  0.00143  8.99601e-01
 25 -0.06078  8.45328e+00 | 26  0.00962  1.90689e+00 | 27  0.01590  3.84300e+00
 28  0.02648  3.91624e+00 | 29  0.21289  8.17611e-02 | 30 -0.02627  2.77538e+00
 31  0.03265  4.76270e+00 | 32 -0.00951  3.68136e+00 | 33 -0.04797  4.62753e+00
 34  0.01024  3.96833e+00 | 35 -0.02490  6.57660e+00 | 36 -0.08754  4.99698e+00
 37 -0.01565  4.17618e+00 | 38 -0.04478  5.40257e+00 | 39  0.16131 -1.18899e+01
 40 -0.87341 -9.01281e-01 | 41  0.06906 -1.52324e+01 | 42 -0.27832  6.24378e+00
 43 -0.19598  1.64997e+00 | 44 -0.59790 -7.78207e-01 |
44 variables; iteration 60; function evaluation 79; phase 4
Function value 1.3315403e+03; maximum gradient component mag 4.3109e+00
Var    Value     Gradient |Var    Value     Gradient |Var    Value     Gradient
  1  0.08978  7.80406e-02 |  2  0.17157  2.21538e-01 |  3 -0.00208  7.19033e-02
  4  0.12966  2.35396e-01 |  5  0.06032  6.41410e-02 |  6 -0.39951  4.31085e+00
  7  0.46884  2.95060e-03 |  8 -0.05490  3.79172e-03 |  9 -0.06861 -4.46275e-03
 10 -0.06255  7.11444e-03 | 11 -0.05187  1.47206e-02 | 12  0.00821  4.71286e-02
 13 -0.00179  3.96159e-02 | 14  0.10114  1.48979e-01 | 15 -0.00301  4.86456e-02
 16  0.03026  6.22913e-02 | 17 -0.02615  2.34472e-02 | 18  0.04885  6.40273e-02
 19 -0.02218  9.23711e-03 | 20  0.08551  6.96339e-02 | 21  0.01956  1.17068e-02
 22  0.00421 -5.81931e-03 | 23  0.01436 -1.14167e-02 | 24  0.00286 -2.32579e-02
 25 -0.07482 -3.14035e-02 | 26  0.01050 -3.29468e-02 | 27  0.00859 -3.52375e-02
 28  0.02418 -3.47774e-02 | 29  0.20603 -5.01869e-02 | 30 -0.02207 -3.84031e-02
 31  0.02640 -3.76923e-02 | 32 -0.01068 -3.81107e-02 | 33 -0.04923 -3.70225e-02
 34  0.01352 -3.78619e-02 | 35 -0.02254 -3.83587e-02 | 36 -0.08089 -3.31011e-02
 37 -0.00712 -3.56503e-02 | 38 -0.04227 -3.23689e-02 | 39  0.15629  1.82048e-02
 40 -0.99662  2.69439e-03 | 41  0.06943  1.77350e-01 | 42 -0.28094 -7.20496e-02
 43 -0.19381  2.21923e-02 | 44 -0.59511 -2.99285e-03 |

 - final statistics:
44 variables; iteration 67; function evaluation 86
Function value 1.3315e+03; maximum gradient component mag -9.7468e-05
Exit code = 1;  converg criter 1.0000e-04
Var    Value     Gradient |Var    Value     Gradient |Var    Value     Gradient
  1  0.08978 -9.64418e-07 |  2  0.17157 -5.01856e-06 |  3 -0.00208 -1.74803e-06
  4  0.12966 -4.65204e-06 |  5  0.06032 -1.54306e-06 |  6 -0.39952 -9.74683e-05
  7  0.46879  3.47613e-07 |  8 -0.05490 -7.04248e-07 |  9 -0.06859  3.65175e-08
 10 -0.06256 -1.03298e-06 | 11 -0.05187 -4.27047e-07 | 12  0.00821 -1.10436e-06
 13 -0.00177 -1.21220e-06 | 14  0.10114 -2.80960e-06 | 15 -0.00302 -1.37431e-06
 16  0.03026 -2.02359e-06 | 17 -0.02614 -1.55913e-08 | 18  0.04884 -1.73207e-06
 19 -0.02215 -1.13601e-07 | 20  0.08550 -2.69141e-06 | 21  0.01957 -9.89672e-07
 22  0.00421  3.54365e-07 | 23  0.01436  5.26185e-07 | 24  0.00286  1.00061e-06
 25 -0.07482  3.91823e-07 | 26  0.01050  5.81781e-07 | 27  0.00859  1.16234e-06
 28  0.02418  1.51122e-06 | 29  0.20602  2.58257e-06 | 30 -0.02207  8.65894e-07
 31  0.02639  1.17538e-06 | 32 -0.01068  6.92001e-07 | 33 -0.04924  3.69391e-07
 34  0.01351  4.71059e-07 | 35 -0.02254  7.57226e-07 | 36 -0.08090  9.03956e-07
 37 -0.00712  8.96116e-07 | 38 -0.04227  4.68419e-07 | 39  0.15630  1.48003e-06
 40 -0.99953  5.80083e-08 | 41  0.06944 -5.24816e-06 | 42 -0.28093  2.78612e-06
 43 -0.19381 -9.11182e-07 | 44 -0.59511 -3.13342e-08 |
Warning: the following parameters had issues
  Q_parm[3] is within 0.1% of lower bound: -7.00000e+00 < -7.00000e+00 < 5.00000e+00


 - final statistics:
54 variables; iteration 0; function evaluation 0
Function value 1.3315e+03; maximum gradient component mag -9.7468e-05
Exit code = 0;  converg criter 1.0000e-04
Var    Value     Gradient |Var    Value     Gradient |Var    Value     Gradient
  1  0.08978 -9.64413e-07 |  2  0.17157 -5.01854e-06 |  3 -0.00208 -1.74803e-06
  4  0.12966 -4.65202e-06 |  5  0.06032 -1.54305e-06 |  6 -0.39952 -9.74677e-05
  7  0.46879  3.47613e-07 |  8 -0.05490 -6.58781e-07 |  9 -0.06859  8.18887e-08
 10 -0.06256 -9.87561e-07 | 11 -0.05187 -3.81562e-07 | 12  0.00821 -1.05872e-06
 13 -0.00177 -1.16656e-06 | 14  0.10114 -2.76453e-06 | 15 -0.00302 -1.32867e-06
 16  0.03026 -1.97800e-06 | 17 -0.02614  3.00084e-08 | 18  0.04884 -1.68656e-06
 19 -0.02215 -6.79908e-08 | 20  0.08550 -2.64618e-06 | 21  0.01957 -9.44056e-07
 22  0.00421  4.00000e-07 | 23  0.01436  5.71808e-07 | 24  0.00286  1.04624e-06
 25 -0.07482  4.37141e-07 | 26  0.01050  6.27405e-07 | 27  0.00859  1.20797e-06
 28  0.02418  1.55681e-06 | 29  0.20602  2.62583e-06 | 30 -0.02207  9.11496e-07
 31  0.02639  1.22097e-06 | 32 -0.01068  7.37624e-07 | 33 -0.04924  4.14884e-07
 34  0.01351  5.16678e-07 | 35 -0.02254  8.02827e-07 | 36 -0.08090  9.49218e-07
 37 -0.00712  9.41744e-07 | 38 -0.04227  5.13949e-07 | 39  0.00000  0.00000e+00
 40  0.00000  0.00000e+00 | 41  0.00000  0.00000e+00 | 42  0.00000  0.00000e+00
 43  0.00000  0.00000e+00 | 44  0.00000  0.00000e+00 | 45  0.00000  0.00000e+00
 46  0.00000  0.00000e+00 | 47  0.00000  0.00000e+00 | 48  0.00000  0.00000e+00
 49  0.15630  1.48003e-06 | 50 -0.99953  5.80086e-08 | 51  0.06944 -5.24813e-06
 52 -0.28093  2.78611e-06 | 53 -0.19381 -9.11178e-07 | 54 -0.59511 -3.13311e-08
Estimating row 1 out of 54 for hessian
Estimating row 2 out of 54 for hessian
Estimating row 3 out of 54 for hessian
Estimating row 4 out of 54 for hessian
Estimating row 5 out of 54 for hessian
Estimating row 6 out of 54 for hessian
Estimating row 7 out of 54 for hessian
Estimating row 8 out of 54 for hessian
Estimating row 9 out of 54 for hessian
Estimating row 10 out of 54 for hessian
Estimating row 11 out of 54 for hessian
Estimating row 12 out of 54 for hessian
Estimating row 13 out of 54 for hessian
Estimating row 14 out of 54 for hessian
Estimating row 15 out of 54 for hessian
Estimating row 16 out of 54 for hessian
Estimating row 17 out of 54 for hessian
Estimating row 18 out of 54 for hessian
Estimating row 19 out of 54 for hessian
Estimating row 20 out of 54 for hessian
Estimating row 21 out of 54 for hessian
Estimating row 22 out of 54 for hessian
Estimating row 23 out of 54 for hessian
Estimating row 24 out of 54 for hessian
Estimating row 25 out of 54 for hessian
Estimating row 26 out of 54 for hessian
Estimating row 27 out of 54 for hessian
Estimating row 28 out of 54 for hessian
Estimating row 29 out of 54 for hessian
Estimating row 30 out of 54 for hessian
Estimating row 31 out of 54 for hessian
Estimating row 32 out of 54 for hessian
Estimating row 33 out of 54 for hessian
Estimating row 34 out of 54 for hessian
Estimating row 35 out of 54 for hessian
Estimating row 36 out of 54 for hessian
Estimating row 37 out of 54 for hessian
Estimating row 38 out of 54 for hessian
Estimating row 39 out of 54 for hessian
Estimating row 40 out of 54 for hessian
Estimating row 41 out of 54 for hessian
Estimating row 42 out of 54 for hessian
Estimating row 43 out of 54 for hessian
Estimating row 44 out of 54 for hessian
Estimating row 45 out of 54 for hessian
Estimating row 46 out of 54 for hessian
Estimating row 47 out of 54 for hessian
Estimating row 48 out of 54 for hessian
Estimating row 49 out of 54 for hessian
Estimating row 50 out of 54 for hessian
Estimating row 51 out of 54 for hessian
Estimating row 52 out of 54 for hessian
Estimating row 53 out of 54 for hessian
Estimating row 54 out of 54 for hessian
size of file gradfil1.tmp = 0
size of file gradfil2.tmp = 0
size of file varssave.tmp = 0
size of file cmpdiff.tmp = 0
