
Initial statistics: 3 variables; iteration 0; function evaluation 0; phase 1
Function value 2.2354947e+03; maximum gradient component mag 1.7294e+05
Var    Value     Gradient |Var    Value     Gradient |Var    Value     Gradient
  1 -0.39753  1.72944e+05 |  2  0.16262  6.48627e+02 |  3 -0.77468  1.18664e+02
  ic > imax  in fminim is answer attained ?
Var    Value     Gradient |Var    Value     Gradient |Var    Value     Gradient
  1 -0.39979  1.72944e+05 |  2  0.16261  6.48627e+02 |  3 -0.77468  1.18664e+02
Function minimizer not making progress ... is minimum attained?
Minimprove criterion = 0.0000e+00

 - final statistics:
3 variables; iteration 1; function evaluation 30
Function value 1.4133e+03; maximum gradient component mag 1.7294e+05
Exit code = 1;  converg criter 1.0000e+01
Var    Value     Gradient |Var    Value     Gradient |Var    Value     Gradient
  1 -0.39979  1.72944e+05 |  2  0.16261  6.48627e+02 |  3 -0.77468  1.18664e+02

Initial statistics: 37 variables; iteration 0; function evaluation 0; phase 2
Function value 1.4109617e+03; maximum gradient component mag -2.7509e+06
Var    Value     Gradient |Var    Value     Gradient |Var    Value     Gradient
  1  0.09652 -5.55158e+04 |  2 -0.39979 -2.75095e+06 |  3  0.00000 -1.48816e+04
  4  0.00000 -1.63128e+04 |  5  0.00000 -1.75792e+04 |  6  0.00000 -1.86409e+04
  7  0.00000 -1.95746e+04 |  8  0.00000 -2.02892e+04 |  9  0.00000 -2.07197e+04
 10  0.00000 -2.08376e+04 | 11  0.00000 -2.05901e+04 | 12  0.00000 -1.98475e+04
 13  0.00000 -1.83672e+04 | 14  0.00000 -1.62066e+04 | 15  0.00000 -1.36592e+04
 16  0.00000 -1.09013e+04 | 17  0.00000 -7.65272e+03 | 18  0.00000 -3.98155e+03
 19  0.00000 -1.22864e+02 | 20  0.00000  3.87032e+03 | 21  0.00000  7.68661e+03
 22  0.00000  1.12614e+04 | 23  0.00000  1.46633e+04 | 24  0.00000  1.74881e+04
 25  0.00000  1.90579e+04 | 26  0.00000  2.04277e+04 | 27  0.00000  2.11101e+04
 28  0.00000  2.24643e+04 | 29  0.00000  2.37711e+04 | 30  0.00000  2.43799e+04
 31  0.00000  2.45775e+04 | 32  0.00000  2.46998e+04 | 33  0.00000  2.47067e+04
 34  0.16261 -6.38101e+01 | 35 -0.77468  1.60916e+01 | 36  0.08670 -6.60201e+04
 37 -0.19914  1.45273e+02 |

Intermediate statistics: 37 variables; iteration 20; function evaluation 35; phase 2
Function value 1.3296346e+03; maximum gradient component mag 7.4760e+05
Var    Value     Gradient |Var    Value     Gradient |Var    Value     Gradient
  1  0.09417  1.63942e+04 |  2 -0.40096  7.47597e+05 |  3 -0.00379  4.02376e+03
  4 -0.00164  4.59877e+03 |  5 -0.00366  4.80820e+03 |  6 -0.00368  5.15359e+03
  7 -0.00022  5.74128e+03 |  8  0.00311  6.20737e+03 |  9 -0.00155  5.77037e+03
 10 -0.00606  5.25153e+03 | 11 -0.00641  5.00795e+03 | 12 -0.00121  5.20537e+03
 13  0.00136  5.10440e+03 | 14 -0.00416  4.05902e+03 | 15  0.00602  4.09025e+03
 16  0.01711  3.78877e+03 | 17  0.01036  1.97721e+03 | 18  0.01611  1.18213e+03
 19  0.02112  2.06681e+02 | 20  0.03421 -6.39565e+02 | 21  0.03006 -2.32374e+03
 22  0.01448 -3.87643e+03 | 23  0.02522 -4.32080e+03 | 24  0.04233 -4.54363e+03
 25  0.04276 -4.98386e+03 | 26 -0.03162 -5.95152e+03 | 27  0.07756 -5.87843e+03
 28  0.00767 -6.40517e+03 | 29  0.08457 -6.45804e+03 | 30  0.00699 -6.67003e+03
 31  0.00490 -6.75342e+03 | 32 -0.18245 -6.41077e+03 | 33 -0.20847 -6.32901e+03
 34  0.16991 -2.97008e+01 | 35 -0.79795 -4.94514e+00 | 36  0.08429  1.78867e+04
 37 -0.21358 -1.59748e+02 |
37 variables; iteration 40; function evaluation 66; phase 2
Function value 1.3088807e+03; maximum gradient component mag 3.5227e+05
Var    Value     Gradient |Var    Value     Gradient |Var    Value     Gradient
  1  0.08891  7.46742e+03 |  2 -0.40107  3.52267e+05 |  3 -0.00791  1.80471e+03
  4 -0.00166  2.24087e+03 |  5 -0.00669  2.23187e+03 |  6 -0.00797  2.36518e+03
  7 -0.00440  2.64968e+03 |  8  0.00303  3.04909e+03 |  9 -0.00379  2.71606e+03
 10 -0.00714  2.48439e+03 | 11 -0.01055  2.19534e+03 | 12  0.00209  2.59943e+03
 13 -0.00124  2.33412e+03 | 14 -0.01079  1.72468e+03 | 15  0.00979  2.14130e+03
 16  0.02317  1.94742e+03 | 17  0.00932  7.43516e+02 | 18  0.01254  3.34949e+02
 19  0.03084  2.80494e+02 | 20  0.04642 -9.93471e+01 | 21  0.05160 -9.05125e+02
 22  0.01567 -2.04621e+03 | 23  0.03025 -2.21405e+03 | 24  0.04844 -2.28053e+03
 25  0.04837 -2.52650e+03 | 26 -0.05071 -2.90047e+03 | 27  0.12626 -2.42478e+03
 28 -0.04272 -2.97188e+03 | 29  0.13511 -2.66046e+03 | 30 -0.01411 -3.07327e+03
 31  0.12080 -3.04737e+03 | 32 -0.31664 -2.79858e+03 | 33 -0.23963 -2.94673e+03
 34  0.17528 -1.53511e+01 | 35 -0.71132  1.41878e+01 | 36  0.09243  9.01946e+03
 37 -0.19476 -4.51934e+01 |
37 variables; iteration 60; function evaluation 90; phase 2
Function value 1.2852823e+03; maximum gradient component mag 6.2511e+05
Var    Value     Gradient |Var    Value     Gradient |Var    Value     Gradient
  1  0.09569  1.39134e+04 |  2 -0.39974  6.25108e+05 |  3 -0.00985  3.46734e+03
  4 -0.00986  3.79720e+03 |  5 -0.01437  3.79559e+03 |  6 -0.01852  3.78467e+03
  7 -0.00811  4.79596e+03 |  8 -0.00775  4.94133e+03 |  9 -0.01317  4.52858e+03
 10 -0.02294  3.71035e+03 | 11 -0.01550  4.06988e+03 | 12 -0.00570  4.55930e+03
 13 -0.01081  3.85686e+03 | 14 -0.02574  2.38530e+03 | 15 -0.01327  2.48093e+03
 16  0.01361  3.12976e+03 | 17  0.02068  2.30523e+03 | 18  0.02877  1.57843e+03
 19  0.02100 -1.26652e+01 | 20  0.04674 -2.92450e+02 | 21  0.04509 -1.69208e+03
 22  0.07542 -2.02259e+03 | 23  0.06852 -3.06022e+03 | 24  0.02474 -4.21207e+03
 25  0.06987 -4.19035e+03 | 26 -0.10350 -5.14287e+03 | 27  0.12054 -4.53640e+03
 28  0.04615 -5.04095e+03 | 29  0.07966 -5.20678e+03 | 30  0.03315 -5.34094e+03
 31  0.11844 -5.28809e+03 | 32 -0.14873 -5.26504e+03 | 33 -0.41570 -4.35655e+03
 34  0.17750 -8.41633e+00 | 35 -0.77846 -4.18360e+00 | 36  0.08999  1.44372e+04
 37 -0.18832 -6.57183e+00 |
Maximum number of function evaluations exceeded

 - final statistics:
37 variables; iteration 70; function evaluation 100
Function value 1.2811e+03; maximum gradient component mag 1.9457e+05
Exit code = 3;  converg criter 1.0000e+01
Var    Value     Gradient |Var    Value     Gradient |Var    Value     Gradient
  1  0.09461  4.46743e+03 |  2 -0.39914  1.94567e+05 |  3 -0.01223  1.07605e+03
  4 -0.01251  1.16879e+03 |  5 -0.01802  1.16462e+03 |  6 -0.02357  1.16305e+03
  7 -0.01017  1.56456e+03 |  8 -0.00644  1.68142e+03 |  9 -0.01398  1.46143e+03
 10 -0.02795  1.06728e+03 | 11 -0.01782  1.19625e+03 | 12 -0.00490  1.42015e+03
 13 -0.01032  1.26777e+03 | 14 -0.02737  8.16924e+02 | 15 -0.02126  7.44832e+02
 16  0.01011  9.56689e+02 | 17  0.02914  8.90163e+02 | 18  0.02732  5.25599e+02
 19  0.01577 -8.76476e+00 | 20  0.03775 -1.60321e+02 | 21  0.04727 -5.17630e+02
 22  0.07543 -6.64957e+02 | 23  0.05596 -9.80922e+02 | 24  0.02394 -1.22936e+03
 25  0.05339 -1.27836e+03 | 26 -0.05905 -1.53908e+03 | 27  0.11124 -1.50811e+03
 28  0.04583 -1.62802e+03 | 29  0.07524 -1.71608e+03 | 30  0.03672 -1.67587e+03
 31  0.10549 -1.66995e+03 | 32 -0.08574 -1.65702e+03 | 33 -0.42758 -1.37993e+03
 34  0.17814  1.62717e+00 | 35 -0.78144 -1.73606e+00 | 36  0.09018  4.20793e+03
 37 -0.18941  1.56995e+01 |

Initial statistics: 39 variables; iteration 0; function evaluation 0; phase 3
Function value 1.2811365e+03; maximum gradient component mag 1.9457e+05
Var    Value     Gradient |Var    Value     Gradient |Var    Value     Gradient
  1  0.09461  4.46743e+03 |  2 -0.39914  1.94567e+05 |  3 -0.01229  1.07372e+03
  4 -0.01256  1.16646e+03 |  5 -0.01808  1.16229e+03 |  6 -0.02363  1.16072e+03
  7 -0.01023  1.56223e+03 |  8 -0.00650  1.67909e+03 |  9 -0.01404  1.45910e+03
 10 -0.02801  1.06495e+03 | 11 -0.01788  1.19392e+03 | 12 -0.00495  1.41783e+03
 13 -0.01038  1.26544e+03 | 14 -0.02743  8.14598e+02 | 15 -0.02131  7.42506e+02
 16  0.01005  9.54366e+02 | 17  0.02908  8.87844e+02 | 18  0.02726  5.23278e+02
 19  0.01571 -1.10893e+01 | 20  0.03769 -1.62643e+02 | 21  0.04721 -5.19953e+02
 22  0.07537 -6.67273e+02 | 23  0.05590 -9.83246e+02 | 24  0.02388 -1.23169e+03
 25  0.05333 -1.28069e+03 | 26 -0.05911 -1.54138e+03 | 27  0.11118 -1.51042e+03
 28  0.04577 -1.63035e+03 | 29  0.07518 -1.71841e+03 | 30  0.03666 -1.67820e+03
 31  0.10543 -1.67227e+03 | 32 -0.08579 -1.65930e+03 | 33 -0.42766 -1.38162e+03
 34  0.17814  1.62717e+00 | 35 -0.78144 -1.73606e+00 | 36  0.09018  4.20793e+03
 37 -0.24091 -1.66632e+03 | 38 -0.18941  1.56995e+01 | 39 -0.57014 -1.46022e+01

Intermediate statistics: 39 variables; iteration 20; function evaluation 30; phase 3
Function value 1.2711243e+03; maximum gradient component mag 5.0262e+04
Var    Value     Gradient |Var    Value     Gradient |Var    Value     Gradient
  1  0.09262  1.15845e+03 |  2 -0.39791  5.02624e+04 |  3 -0.02439  2.30727e+02
  4 -0.02241  2.57967e+02 |  5 -0.02588  2.87580e+02 |  6 -0.02835  3.41090e+02
  7 -0.01796  4.42866e+02 |  8 -0.01437  4.52307e+02 |  9 -0.02029  3.67672e+02
 10 -0.03771  2.00437e+02 | 11 -0.02604  1.96268e+02 | 12 -0.00806  2.78304e+02
 13 -0.01836  2.98135e+02 | 14 -0.02959  2.82776e+02 | 15 -0.01922  3.10038e+02
 16  0.00728  2.47836e+02 | 17  0.02273  1.54876e+02 | 18  0.02851  1.71972e+02
 19  0.01738  5.30401e+01 | 20  0.03677 -2.54180e+01 | 21  0.04358 -1.79078e+02
 22  0.08556 -2.26346e+02 | 23  0.06520 -2.61973e+02 | 24 -0.00610 -3.31798e+02
 25  0.07112 -2.73527e+02 | 26 -0.06577 -3.68580e+02 | 27  0.11628 -3.03410e+02
 28  0.03350 -4.02790e+02 | 29  0.08256 -5.10512e+02 | 30 -0.00369 -4.62290e+02
 31  0.11087 -4.53388e+02 | 32 -0.04064 -4.25949e+02 | 33 -0.32986 -4.41241e+02
 34  0.17718 -4.37076e+00 | 35 -0.80043 -1.29590e+00 | 36  0.09528  1.21909e+03
 37 -0.23650 -4.80904e+02 | 38 -0.19058  1.51177e+01 | 39 -0.57726 -2.55744e+01
39 variables; iteration 40; function evaluation 61; phase 3
Function value 1.2663146e+03; maximum gradient component mag 9.8946e+05
Var    Value     Gradient |Var    Value     Gradient |Var    Value     Gradient
  1  0.09235  2.13482e+04 |  2 -0.39712  9.89459e+05 |  3 -0.02889  4.31671e+03
  4 -0.02622  5.06383e+03 |  5 -0.02990  5.14455e+03 |  6 -0.03074  5.47443e+03
  7 -0.02147  6.85863e+03 |  8 -0.01823  7.45527e+03 |  9 -0.02286  6.95358e+03
 10 -0.04011  4.93989e+03 | 11 -0.02936  5.85655e+03 | 12 -0.00925  7.84435e+03
 13 -0.02272  5.70194e+03 | 14 -0.03200  3.96491e+03 | 15 -0.02131  3.91168e+03
 16  0.00544  4.95435e+03 | 17  0.02082  4.50739e+03 | 18  0.02888  3.20891e+03
 19  0.01676  2.36664e+02 | 20  0.03248 -8.31318e+02 | 21  0.03814 -2.49469e+03
 22  0.08951 -2.02181e+03 | 23  0.06784 -4.46339e+03 | 24 -0.02776 -6.97850e+03
 25  0.07455 -6.17023e+03 | 26 -0.07438 -7.71933e+03 | 27  0.12281 -6.84553e+03
 28  0.01647 -7.87420e+03 | 29  0.10106 -7.88289e+03 | 30 -0.00147 -8.16771e+03
 31  0.11760 -8.03200e+03 | 32 -0.02231 -8.17465e+03 | 33 -0.27966 -7.47330e+03
 34  0.17699 -6.82907e-01 | 35 -0.84126 -4.97129e+00 | 36  0.09196  2.22102e+04
 37 -0.23655 -8.91327e+03 | 38 -0.19107  8.05333e+00 | 39 -0.57890 -1.91414e+01
39 variables; iteration 60; function evaluation 90; phase 3
Function value 1.2536541e+03; maximum gradient component mag 2.1077e+05
Var    Value     Gradient |Var    Value     Gradient |Var    Value     Gradient
  1  0.09058  4.44837e+03 |  2 -0.39518  2.10771e+05 |  3 -0.04468  7.01317e+02
  4 -0.03696  9.36506e+02 |  5 -0.03890  1.00263e+03 |  6 -0.04186  1.05520e+03
  7 -0.03874  1.20002e+03 |  8 -0.03367  1.34699e+03 |  9 -0.03062  1.41339e+03
 10 -0.04618  1.00466e+03 | 11 -0.02673  1.37605e+03 | 12 -0.00327  1.91554e+03
 13 -0.03181  1.13732e+03 | 14 -0.04445  7.69802e+02 | 15 -0.03309  7.95589e+02
 16  0.00219  1.10368e+03 | 17  0.02116  1.03506e+03 | 18  0.02839  8.02624e+02
 19  0.00985  6.53010e+01 | 20  0.02258 -2.17729e+02 | 21  0.03293 -5.20385e+02
 22  0.10302 -2.03724e+02 | 23  0.06735 -8.92806e+02 | 24 -0.08619 -1.54921e+03
 25  0.08463 -1.24755e+03 | 26 -0.08509 -1.61044e+03 | 27  0.12120 -1.41916e+03
 28  0.02007 -1.61718e+03 | 29  0.11298 -1.60271e+03 | 30  0.01832 -1.68672e+03
 31  0.13183 -1.65425e+03 | 32 -0.03004 -1.69491e+03 | 33 -0.12520 -1.69402e+03
 34  0.17808  1.53320e+00 | 35 -0.83061 -7.36752e-02 | 36  0.06997  4.81849e+03
 37 -0.26748 -1.78250e+03 | 38 -0.18725  5.42655e-01 | 39 -0.57448 -2.05026e+00
Maximum number of function evaluations exceeded

 - final statistics:
39 variables; iteration 70; function evaluation 100
Function value 1.2517e+03; maximum gradient component mag 9.7300e+04
Exit code = 3;  converg criter 1.0000e+00
Var    Value     Gradient |Var    Value     Gradient |Var    Value     Gradient
  1  0.09136  2.11401e+03 |  2 -0.39534  9.72996e+04 |  3 -0.04723  2.92554e+02
  4 -0.03960  3.89935e+02 |  5 -0.03727  4.73013e+02 |  6 -0.03890  5.34545e+02
  7 -0.04210  5.41286e+02 |  8 -0.03191  6.58967e+02 |  9 -0.02762  6.92163e+02
 10 -0.04544  4.56957e+02 | 11 -0.02059  6.73864e+02 | 12  0.00257  9.27910e+02
 13 -0.03112  5.37549e+02 | 14 -0.04820  3.54589e+02 | 15 -0.03247  4.21222e+02
 16  0.00048  4.82293e+02 | 17  0.02119  4.38514e+02 | 18  0.02855  3.88481e+02
 19  0.01042  5.43561e+01 | 20  0.02261 -1.05128e+02 | 21  0.02973 -2.73689e+02
 22  0.09988 -1.19507e+02 | 23  0.06474 -3.96557e+02 | 24 -0.06803 -6.97633e+02
 25  0.07994 -5.55003e+02 | 26 -0.08947 -7.41687e+02 | 27  0.12246 -6.97285e+02
 28  0.01231 -7.77666e+02 | 29  0.11737 -7.62066e+02 | 30  0.00435 -7.81405e+02
 31  0.13102 -7.62196e+02 | 32 -0.03030 -7.74012e+02 | 33 -0.11514 -7.88880e+02
 34  0.17806  3.11211e+00 | 35 -0.83070  1.09723e-01 | 36  0.07187  2.09158e+03
 37 -0.26468 -8.10079e+02 | 38 -0.18816  2.33112e+00 | 39 -0.57489  1.48327e-01

Initial statistics: 44 variables; iteration 0; function evaluation 0; phase 4
Function value 1.2517106e+03; maximum gradient component mag 9.7300e+04
Var    Value     Gradient |Var    Value     Gradient |Var    Value     Gradient
  1  0.09136  2.11401e+03 |  2  0.17139  4.14947e+03 |  3 -0.01721  1.37844e+03
  4  0.11616  4.24755e+03 |  5  0.08642  1.19012e+03 |  6 -0.39534  9.72996e+04
  7  0.02268  1.06050e+03 |  8 -0.04724  2.91930e+02 |  9 -0.03961  3.89310e+02
 10 -0.03728  4.72387e+02 | 11 -0.03891  5.33919e+02 | 12 -0.04211  5.40661e+02
 13 -0.03192  6.58341e+02 | 14 -0.02764  6.91537e+02 | 15 -0.04546  4.56332e+02
 16 -0.02060  6.73238e+02 | 17  0.00255  9.27284e+02 | 18 -0.03114  5.36923e+02
 19 -0.04822  3.53964e+02 | 20 -0.03248  4.20596e+02 | 21  0.00046  4.81667e+02
 22  0.02117  4.37889e+02 | 23  0.02853  3.87856e+02 | 24  0.01041  5.37302e+01
 25  0.02260 -1.05753e+02 | 26  0.02971 -2.74315e+02 | 27  0.09987 -1.20126e+02
 28  0.06473 -3.97181e+02 | 29 -0.06804 -6.98253e+02 | 30  0.07992 -5.55626e+02
 31 -0.08948 -7.42305e+02 | 32  0.12244 -6.97903e+02 | 33  0.01229 -7.78292e+02
 34  0.11736 -7.62685e+02 | 35  0.00433 -7.82031e+02 | 36  0.13101 -7.62813e+02
 37 -0.03031 -7.74636e+02 | 38 -0.11516 -7.89492e+02 | 39  0.17806  3.11211e+00
 40 -0.83070  1.09723e-01 | 41  0.07187  2.09158e+03 | 42 -0.26468 -8.10079e+02
 43 -0.18816  2.33112e+00 | 44 -0.57489  1.48327e-01 |

Intermediate statistics: 44 variables; iteration 20; function evaluation 27; phase 4
Function value 1.2476196e+03; maximum gradient component mag 4.4059e+04
Var    Value     Gradient |Var    Value     Gradient |Var    Value     Gradient
  1  0.09861  1.00039e+03 |  2  0.17242  1.96185e+03 |  3 -0.02879  6.64936e+02
  4  0.12205  1.82706e+03 |  5  0.06221  5.13622e+02 |  6 -0.39588  4.40594e+04
  7  0.05526  4.33327e+02 |  8 -0.03775  1.53733e+02 |  9 -0.03635  1.65982e+02
 10 -0.03604  2.02664e+02 | 11 -0.03880  2.45139e+02 | 12 -0.04159  2.54985e+02
 13 -0.03138  3.04594e+02 | 14 -0.02516  3.20109e+02 | 15 -0.04079  2.02853e+02
 16 -0.01710  2.75251e+02 | 17  0.00181  3.58939e+02 | 18 -0.03179  2.29651e+02
 19 -0.04854  1.82204e+02 | 20 -0.03529  2.21900e+02 | 21  0.00046  2.19401e+02
 22  0.02544  1.96837e+02 | 23  0.02773  1.98359e+02 | 24  0.00521  2.45775e+01
 25  0.01565 -6.81466e+01 | 26  0.03025 -1.33327e+02 | 27  0.09312 -6.81261e+01
 28  0.04776 -1.84174e+02 | 29 -0.03980 -2.97891e+02 | 30  0.05989 -2.75799e+02
 31 -0.09050 -3.43049e+02 | 32  0.11270 -3.78473e+02 | 33  0.00678 -3.74281e+02
 34  0.10151 -3.62859e+02 | 35  0.00349 -3.59367e+02 | 36  0.11478 -3.59503e+02
 37 -0.04960 -3.57257e+02 | 38 -0.04930 -3.58583e+02 | 39  0.17780  7.58093e-02
 40 -0.83966  2.77430e+00 | 41  0.07503  8.33048e+02 | 42 -0.25914 -3.17854e+02
 43 -0.18412  4.90761e+01 | 44 -0.56989 -1.48063e+01 |
44 variables; iteration 40; function evaluation 50; phase 4
Function value 1.2466221e+03; maximum gradient component mag 2.1440e+05
Var    Value     Gradient |Var    Value     Gradient |Var    Value     Gradient
  1  0.09954  4.65671e+03 |  2  0.17224  8.78687e+03 |  3 -0.03198  2.93861e+03
  4  0.12391  9.59603e+03 |  5  0.05753  2.67127e+03 |  6 -0.39601  2.14398e+05
  7  0.06189  2.32463e+03 |  8 -0.03510  8.32570e+02 |  9 -0.03530  9.15153e+02
 10 -0.03485  1.03300e+03 | 11 -0.03834  1.07236e+03 | 12 -0.04209  1.06235e+03
 13 -0.03263  1.31697e+03 | 14 -0.02505  1.51220e+03 | 15 -0.03941  1.12702e+03
 16 -0.01635  1.62570e+03 | 17  0.00110  2.02871e+03 | 18 -0.03219  1.10086e+03
 19 -0.04928  6.46868e+02 | 20 -0.03713  7.00099e+02 | 21  0.00102  1.10108e+03
 22  0.02687  1.22565e+03 | 23  0.02778  8.55435e+02 | 24  0.00385  1.88280e+01
 25  0.01462 -2.71045e+02 | 26  0.03198 -4.82775e+02 | 27  0.09374 -2.19655e+02
 28  0.04812 -9.53528e+02 | 29 -0.03846 -1.46765e+03 | 30  0.05891 -1.32655e+03
 31 -0.09123 -1.64811e+03 | 32  0.11179 -1.52268e+03 | 33  0.00694 -1.69698e+03
 34  0.09616 -1.68971e+03 | 35 -0.00053 -1.73929e+03 | 36  0.11424 -1.71279e+03
 37 -0.04402 -1.73737e+03 | 38 -0.04688 -1.74013e+03 | 39  0.17784  3.20198e-01
 40 -0.87572 -5.83282e-01 | 41  0.07720  4.75812e+03 | 42 -0.25584 -1.75033e+03
 43 -0.18399  4.03949e+01 | 44 -0.56971 -1.37352e+01 |
44 variables; iteration 60; function evaluation 80; phase 4
Function value 1.2443949e+03; maximum gradient component mag -8.5731e+04
Var    Value     Gradient |Var    Value     Gradient |Var    Value     Gradient
  1  0.10069 -1.87187e+03 |  2  0.16804 -3.47091e+03 |  3 -0.02847 -1.15247e+03
  4  0.12519 -3.92874e+03 |  5  0.05945 -1.09872e+03 |  6 -0.39621 -8.57313e+04
  7  0.07882 -9.15388e+02 |  8 -0.03579 -3.30715e+02 |  9 -0.03148 -4.21307e+02
 10 -0.03452 -4.17479e+02 | 11 -0.03892 -3.75522e+02 | 12 -0.04221 -3.66527e+02
 13 -0.03278 -4.82041e+02 | 14 -0.02717 -5.68502e+02 | 15 -0.03890 -4.88809e+02
 16 -0.01317 -7.66642e+02 | 17  0.00856 -9.99343e+02 | 18 -0.03074 -4.51628e+02
 19 -0.05349 -1.65117e+02 | 20 -0.04463 -1.29389e+02 | 21 -0.00045 -4.46250e+02
 22  0.03040 -6.16326e+02 | 23  0.02285 -2.81414e+02 | 24 -0.00074  3.21975e+01
 25  0.01287  9.65915e+01 | 26  0.03629  1.45661e+02 | 27  0.09114  8.15014e+01
 28  0.04109  4.11844e+02 | 29 -0.04125  5.92714e+02 | 30  0.05830  5.36724e+02
 31 -0.09057  6.60896e+02 | 32  0.10775  5.84288e+02 | 33  0.00113  6.72668e+02
 34  0.08520  6.74787e+02 | 35  0.00283  7.00022e+02 | 36  0.10093  6.94598e+02
 37 -0.03614  7.03632e+02 | 38 -0.00486  7.10257e+02 | 39  0.17742 -8.24813e-01
 40 -0.89958 -1.83816e-02 | 41  0.08482 -1.93198e+03 | 42 -0.24427  8.08874e+02
 43 -0.18692  1.31622e+00 | 44 -0.56854 -6.72728e-01 |
44 variables; iteration 80; function evaluation 104; phase 4
Function value 1.2432075e+03; maximum gradient component mag 1.5297e+04
Var    Value     Gradient |Var    Value     Gradient |Var    Value     Gradient
  1  0.10335  3.07958e+02 |  2  0.17365  6.30898e+02 |  3 -0.04245  1.96783e+02
  4  0.13168  7.13132e+02 |  5  0.04162  1.73689e+02 |  6 -0.39692  1.52967e+04
  7  0.09664  1.87272e+02 |  8 -0.03597  3.93486e+01 |  9 -0.02633  5.28948e+01
 10 -0.02855  7.26609e+01 | 11 -0.03943  9.11578e+01 | 12 -0.04403  9.22536e+01
 13 -0.03104  1.12143e+02 | 14 -0.02365  1.15482e+02 | 15 -0.03473  7.00996e+01
 16 -0.00687  9.49310e+01 | 17  0.01332  1.26294e+02 | 18 -0.02753  8.91910e+01
 19 -0.05798  6.24518e+01 | 20 -0.05009  8.00320e+01 | 21  0.00426  7.39039e+01
 22  0.03364  4.98299e+01 | 23  0.01945  6.63130e+01 | 24 -0.00186  1.04265e+01
 25  0.01804 -1.60945e+01 | 26  0.02744 -4.84500e+01 | 27  0.09027 -1.91022e+01
 28  0.04252 -5.87391e+01 | 29 -0.05381 -1.12548e+02 | 30  0.05856 -8.41324e+01
 31 -0.09463 -1.15642e+02 | 32  0.10390 -1.03834e+02 | 33 -0.00141 -1.21392e+02
 34  0.08204 -1.20851e+02 | 35  0.00130 -1.22617e+02 | 36  0.10055 -1.17951e+02
 37 -0.03280 -1.21422e+02 | 38 -0.00335 -1.17005e+02 | 39  0.17827  4.41962e-02
 40 -0.90632 -8.00202e-02 | 41  0.07821  3.32896e+02 | 42 -0.25548 -1.07003e+02
 43 -0.18369 -1.28241e+00 | 44 -0.56602  7.05865e-01 |
44 variables; iteration 100; function evaluation 129; phase 4
Function value 1.2429393e+03; maximum gradient component mag 1.4774e+04
Var    Value     Gradient |Var    Value     Gradient |Var    Value     Gradient
  1  0.10369  3.00573e+02 |  2  0.17362  6.05499e+02 |  3 -0.04273  1.91352e+02
  4  0.13228  6.95759e+02 |  5  0.04020  1.68454e+02 |  6 -0.39682  1.47743e+04
  7  0.09520  1.82496e+02 |  8 -0.03124  4.71794e+01 |  9 -0.02914  4.54945e+01
 10 -0.03185  6.19189e+01 | 11 -0.03889  8.83636e+01 | 12 -0.04302  9.08849e+01
 13 -0.03340  1.02051e+02 | 14 -0.02508  1.06591e+02 | 15 -0.03467  6.67113e+01
 16 -0.00818  8.98930e+01 | 17  0.01694  1.31365e+02 | 18 -0.03280  7.64844e+01
 19 -0.05572  6.47018e+01 | 20 -0.05026  7.75924e+01 | 21  0.00109  6.41719e+01
 22  0.03621  5.30738e+01 | 23  0.01862  6.57348e+01 | 24 -0.00005  1.11210e+01
 25  0.01237 -2.35291e+01 | 26  0.03270 -3.94088e+01 | 27  0.09004 -1.66590e+01
 28  0.03981 -6.08142e+01 | 29 -0.04793 -1.06391e+02 | 30  0.05772 -8.49770e+01
 31 -0.09438 -1.11273e+02 | 32  0.10440 -9.77820e+01 | 33 -0.00147 -1.14825e+02
 34  0.08410 -1.12055e+02 | 35  0.00226 -1.17145e+02 | 36  0.10200 -1.13561e+02
 37 -0.03296 -1.17106e+02 | 38 -0.00603 -1.13226e+02 | 39  0.17830  6.55111e-02
 40 -0.90043  1.11260e-01 | 41  0.07620  3.16137e+02 | 42 -0.25877 -1.19139e+02
 43 -0.18350  8.34025e-01 | 44 -0.56584 -3.37911e-01 |
44 variables; iteration 120; function evaluation 156; phase 4
Function value 1.2424093e+03; maximum gradient component mag 1.3084e+05
Var    Value     Gradient |Var    Value     Gradient |Var    Value     Gradient
  1  0.10289  2.87309e+03 |  2  0.17322  5.26712e+03 |  3 -0.04111  1.77842e+03
  4  0.13187  5.92977e+03 |  5  0.04268  1.68115e+03 |  6 -0.39679  1.30844e+05
  7  0.09003  1.41824e+03 |  8 -0.02960  5.37166e+02 |  9 -0.02701  6.23767e+02
 10 -0.02851  6.74224e+02 | 11 -0.04224  5.65486e+02 | 12 -0.04659  5.50620e+02
 13 -0.03325  7.55473e+02 | 14 -0.02412  9.02281e+02 | 15 -0.03355  7.41217e+02
 16 -0.00381  1.17553e+03 | 17  0.00950  1.36101e+03 | 18 -0.02747  7.16605e+02
 19 -0.05926  2.68476e+02 | 20 -0.05349  2.40977e+02 | 21  0.00455  7.09774e+02
 22  0.03541  8.66656e+02 | 23  0.02135  4.58175e+02 | 24 -0.00562 -5.58605e+01
 25  0.01616 -1.31023e+02 | 26  0.03327 -2.56799e+02 | 27  0.09175 -1.16469e+02
 28  0.03581 -6.24309e+02 | 29 -0.03851 -8.99705e+02 | 30  0.05662 -8.06567e+02
 31 -0.09387 -1.00561e+03 | 32  0.10558 -9.00193e+02 | 33 -0.00099 -1.02920e+03
 34  0.08677 -1.02639e+03 | 35  0.00273 -1.06343e+03 | 36  0.10430 -1.05021e+03
 37 -0.03606 -1.06638e+03 | 38 -0.01874 -1.06608e+03 | 39  0.17829  3.00001e-01
 40 -0.89094  1.58100e-01 | 41  0.07440  2.99897e+03 | 42 -0.26209 -1.11696e+03
 43 -0.18398  5.42482e-01 | 44 -0.56665 -2.38763e-01 |
44 variables; iteration 140; function evaluation 180; phase 4
Function value 1.2416992e+03; maximum gradient component mag 1.4954e+05
Var    Value     Gradient |Var    Value     Gradient |Var    Value     Gradient
  1  0.10226  3.27972e+03 |  2  0.17238  6.02297e+03 |  3 -0.03890  2.02852e+03
  4  0.13154  6.78513e+03 |  5  0.04399  1.92020e+03 |  6 -0.39657  1.49542e+05
  7  0.07308  1.62767e+03 |  8 -0.04084  4.70951e+02 |  9 -0.02092  8.30596e+02
 10 -0.03391  7.05841e+02 | 11 -0.04136  6.76664e+02 | 12 -0.04458  6.76726e+02
 13 -0.03177  9.04235e+02 | 14 -0.02863  9.63307e+02 | 15 -0.03427  8.47192e+02
 16 -0.00852  1.26779e+03 | 17  0.01369  1.67752e+03 | 18 -0.02417  8.86963e+02
 19 -0.06130  2.80790e+02 | 20 -0.05878  2.02326e+02 | 21  0.00326  7.82463e+02
 22  0.04112  1.08827e+03 | 23  0.01885  4.69882e+02 | 24 -0.00347 -6.14960e+01
 25  0.01609 -1.66985e+02 | 26  0.04030 -2.56279e+02 | 27  0.09141 -1.64471e+02
 28  0.04305 -6.95777e+02 | 29 -0.04106 -1.03571e+03 | 30  0.06159 -9.16343e+02
 31 -0.09264 -1.14838e+03 | 32  0.11012 -1.02800e+03 | 33  0.00216 -1.17654e+03
 34  0.09277 -1.17435e+03 | 35  0.00316 -1.21454e+03 | 36  0.11018 -1.19859e+03
 37 -0.04359 -1.21639e+03 | 38 -0.03674 -1.21798e+03 | 39  0.17816  2.84992e-01
 40 -0.87315  9.96669e-02 | 41  0.07449  3.41990e+03 | 42 -0.26255 -1.27397e+03
 43 -0.18481 -5.04097e-02 | 44 -0.56769  1.82223e-01 |
44 variables; iteration 160; function evaluation 204; phase 4
Function value 1.2404025e+03; maximum gradient component mag 1.9285e+05
Var    Value     Gradient |Var    Value     Gradient |Var    Value     Gradient
  1  0.09994  4.20627e+03 |  2  0.16826  7.77368e+03 |  3 -0.02812  2.59913e+03
  4  0.12711  8.78283e+03 |  5  0.05726  2.46252e+03 |  6 -0.39615  1.92850e+05
  7  0.04910  2.12759e+03 |  8 -0.03814  6.95862e+02 |  9 -0.02382  1.05444e+03
 10 -0.03610  9.01654e+02 | 11 -0.04368  8.50642e+02 | 12 -0.04853  8.16329e+02
 13 -0.03789  1.05865e+03 | 14 -0.02962  1.25188e+03 | 15 -0.03351  1.15001e+03
 16 -0.01211  1.60091e+03 | 17  0.02540  2.58833e+03 | 18 -0.03872  8.58182e+02
 19 -0.06232  3.39940e+02 | 20 -0.06065  2.20931e+02 | 21  0.00090  9.59678e+02
 22  0.04798  1.56605e+03 | 23  0.01242  4.71224e+02 | 24  0.00302 -2.46957e+01
 25  0.01685 -2.35069e+02 | 26  0.04214 -3.46551e+02 | 27  0.09668 -1.98324e+02
 28  0.04593 -9.07971e+02 | 29 -0.03774 -1.33666e+03 | 30  0.06620 -1.18350e+03
 31 -0.09072 -1.48237e+03 | 32  0.11616 -1.32307e+03 | 33  0.00565 -1.51588e+03
 34  0.10042 -1.50866e+03 | 35  0.00317 -1.56499e+03 | 36  0.11651 -1.54216e+03
 37 -0.05353 -1.56605e+03 | 38 -0.05095 -1.56816e+03 | 39  0.17771  3.09470e-01
 40 -0.85768  6.94412e-02 | 41  0.07733  4.40227e+03 | 42 -0.25820 -1.64713e+03
 43 -0.18729  3.73530e-02 | 44 -0.57087  1.41108e-03 |
44 variables; iteration 180; function evaluation 230; phase 4
Function value 1.2396044e+03; maximum gradient component mag 1.2400e+05
Var    Value     Gradient |Var    Value     Gradient |Var    Value     Gradient
  1  0.10056  2.70443e+03 |  2  0.16788  4.99955e+03 |  3 -0.02846  1.67197e+03
  4  0.12593  5.65551e+03 |  5  0.05902  1.58192e+03 |  6 -0.39617  1.23997e+05
  7  0.04128  1.36650e+03 |  8 -0.03025  5.48354e+02 |  9 -0.02844  6.16942e+02
 10 -0.02888  6.74089e+02 | 11 -0.04912  4.83675e+02 | 12 -0.05378  4.61799e+02
 13 -0.04122  6.35773e+02 | 14 -0.02765  8.36690e+02 | 15 -0.03476  7.24807e+02
 16 -0.00446  1.15824e+03 | 17  0.02477  1.64488e+03 | 18 -0.04004  5.29887e+02
 19 -0.06388  2.00137e+02 | 20 -0.06864  7.39207e+01 | 21  0.00493  6.61360e+02
 22  0.05035  1.02520e+03 | 23  0.01254  2.98669e+02 | 24 -0.00045 -5.22718e+01
 25  0.02209 -1.25091e+02 | 26  0.04106 -2.38835e+02 | 27  0.10094 -1.09213e+02
 28  0.04295 -6.01821e+02 | 29 -0.03300 -8.56703e+02 | 30  0.06763 -7.63274e+02
 31 -0.09098 -9.55370e+02 | 32  0.11870 -8.51792e+02 | 33  0.00578 -9.76554e+02
 34  0.10186 -9.71749e+02 | 35  0.00090 -1.00812e+03 | 36  0.11786 -9.93273e+02
 37 -0.06066 -1.00833e+03 | 38 -0.05475 -1.00963e+03 | 39  0.17744  1.26350e-01
 40 -0.85251  6.12554e-03 | 41  0.08062  2.82386e+03 | 42 -0.25341 -1.06762e+03
 43 -0.18830 -2.99427e-01 | 44 -0.57228  1.71185e-01 |
44 variables; iteration 200; function evaluation 256; phase 4
Function value 1.2393052e+03; maximum gradient component mag 6.3522e+04
Var    Value     Gradient |Var    Value     Gradient |Var    Value     Gradient
  1  0.10011  1.38853e+03 |  2  0.16785  2.56089e+03 |  3 -0.02796  8.57796e+02
  4  0.12489  2.89264e+03 |  5  0.06212  8.13721e+02 |  6 -0.39619  6.35225e+04
  7  0.04214  6.95023e+02 |  8 -0.03099  2.76932e+02 |  9 -0.02598  3.26816e+02
 10 -0.02767  3.50775e+02 | 11 -0.05179  2.35333e+02 | 12 -0.05423  2.36877e+02
 13 -0.03971  3.37543e+02 | 14 -0.02984  4.13783e+02 | 15 -0.03480  3.69316e+02
 16  0.00058  6.33109e+02 | 17  0.01846  7.65988e+02 | 18 -0.03041  3.36400e+02
 19 -0.06733  8.96061e+01 | 20 -0.07582  1.57328e+01 | 21  0.00698  3.51607e+02
 22  0.05171  5.27612e+02 | 23  0.01246  1.60224e+02 | 24 -0.00351 -3.87627e+01
 25  0.02360 -5.89461e+01 | 26  0.04193 -1.17966e+02 | 27  0.10003 -5.90150e+01
 28  0.04302 -3.07733e+02 | 29 -0.03210 -4.38321e+02 | 30  0.06705 -3.92434e+02
 31 -0.09039 -4.89810e+02 | 32  0.11842 -4.37429e+02 | 33  0.00565 -5.00375e+02
 34  0.10095 -4.98405e+02 | 35  0.00113 -5.17017e+02 | 36  0.11684 -5.10131e+02
 37 -0.05909 -5.17649e+02 | 38 -0.05380 -5.18657e+02 | 39  0.17741  8.98299e-02
 40 -0.85421 -8.29674e-03 | 41  0.08166  1.45017e+03 | 42 -0.25155 -5.49647e+02
 43 -0.18853  6.58224e-03 | 44 -0.57277 -1.39698e-02 |
44 variables; iteration 220; function evaluation 282; phase 4
Function value 1.2392442e+03; maximum gradient component mag 5.6497e+03
Var    Value     Gradient |Var    Value     Gradient |Var    Value     Gradient
  1  0.09937  1.34560e+02 |  2  0.16747  2.24227e+02 |  3 -0.02639  8.22390e+01
  4  0.12455  2.46476e+02 |  5  0.06371  7.95955e+01 |  6 -0.39615  5.64965e+03
  7  0.04216  5.17765e+01 |  8 -0.03805  1.91727e+01 |  9 -0.01989  2.30704e+01
 10 -0.02896  2.64460e+01 | 11 -0.05183  3.00745e+01 | 12 -0.05525  2.78955e+01
 13 -0.03889  3.56019e+01 | 14 -0.03027  4.08072e+01 | 15 -0.03496  2.92974e+01
 16  0.00069  4.55984e+01 | 17  0.01825  4.92477e+01 | 18 -0.02892  3.36497e+01
 19 -0.07020  1.49018e+01 | 20 -0.07522  2.22987e+01 | 21  0.00795  3.03113e+01
 22  0.05098  2.45566e+01 | 23  0.01230  2.84743e+01 | 24 -0.00374 -4.41351e-01
 25  0.02508 -5.06648e+00 | 26  0.03975 -1.10542e+01 | 27  0.10087 -3.79846e+00
 28  0.04265 -2.55900e+01 | 29 -0.03197 -3.85388e+01 | 30  0.06691 -3.53613e+01
 31 -0.08942 -4.34352e+01 | 32  0.11824 -4.01680e+01 | 33  0.00587 -4.49601e+01
 34  0.10081 -4.58600e+01 | 35  0.00172 -4.65190e+01 | 36  0.11666 -4.68493e+01
 37 -0.05734 -4.70097e+01 | 38 -0.05247 -4.77719e+01 | 39  0.17744  9.18659e-04
 40 -0.85566  1.81388e-03 | 41  0.08173  1.32252e+02 | 42 -0.25116 -5.13725e+01
 43 -0.18849  5.23073e-02 | 44 -0.57269 -2.70555e-02 |
44 variables; iteration 240; function evaluation 309; phase 4
Function value 1.2391716e+03; maximum gradient component mag 5.4972e+04
Var    Value     Gradient |Var    Value     Gradient |Var    Value     Gradient
  1  0.09946  1.20222e+03 |  2  0.16742  2.21511e+03 |  3 -0.02638  7.43445e+02
  4  0.12451  2.50066e+03 |  5  0.06362  7.04235e+02 |  6 -0.39616  5.49722e+04
  7  0.04249  6.01351e+02 |  8 -0.03934  1.93286e+02 |  9 -0.01599  3.44134e+02
 10 -0.03315  2.70507e+02 | 11 -0.05136  2.07411e+02 | 12 -0.05392  2.08803e+02
 13 -0.03798  3.04669e+02 | 14 -0.03160  3.47624e+02 | 15 -0.03356  3.26765e+02
 16 -0.00171  5.28864e+02 | 17  0.02093  6.85083e+02 | 18 -0.03165  2.85291e+02
 19 -0.06675  8.14320e+01 | 20 -0.07828  6.95446e+00 | 21  0.00834  3.12772e+02
 22  0.05134  4.51225e+02 | 23  0.01142  1.36022e+02 | 24 -0.00115 -2.45552e+01
 25  0.02083 -6.03700e+01 | 26  0.04427 -9.46772e+01 | 27  0.09865 -5.55319e+01
 28  0.04404 -2.64068e+02 | 29 -0.03261 -3.79473e+02 | 30  0.06685 -3.39057e+02
 31 -0.08933 -4.23491e+02 | 32  0.11815 -3.78636e+02 | 33  0.00579 -4.33017e+02
 34  0.10040 -4.31431e+02 | 35  0.00153 -4.47211e+02 | 36  0.11628 -4.41189e+02
 37 -0.05715 -4.47686e+02 | 38 -0.05195 -4.48736e+02 | 39  0.17742  1.01875e-01
 40 -0.85578  1.34594e-02 | 41  0.08226  1.25634e+03 | 42 -0.25031 -4.72471e+02
 43 -0.18855 -2.61835e-02 | 44 -0.57252  7.22749e-03 |
44 variables; iteration 260; function evaluation 336; phase 4
Function value 1.2390819e+03; maximum gradient component mag 3.6604e+04
Var    Value     Gradient |Var    Value     Gradient |Var    Value     Gradient
  1  0.10002  8.01906e+02 |  2  0.16758  1.47319e+03 |  3 -0.02727  4.95960e+02
  4  0.12455  1.65970e+03 |  5  0.06289  4.70258e+02 |  6 -0.39621  3.66038e+04
  7  0.04398  3.98182e+02 |  8 -0.03545  1.42102e+02 |  9 -0.01910  2.11002e+02
 10 -0.03293  1.77622e+02 | 11 -0.04970  1.47007e+02 | 12 -0.05341  1.43212e+02
 13 -0.03947  1.97207e+02 | 14 -0.03214  2.29381e+02 | 15 -0.03046  2.29130e+02
 16 -0.00498  3.30687e+02 | 17  0.02329  4.65439e+02 | 18 -0.03128  1.92522e+02
 19 -0.06938  4.81387e+01 | 20 -0.07559  1.68444e+01 | 21  0.00428  1.90028e+02
 22  0.05546  3.16053e+02 | 23  0.00821  8.55091e+01 | 24 -0.00123 -1.63312e+01
 25  0.02172 -3.84180e+01 | 26  0.04335 -6.37035e+01 | 27  0.09886 -3.57702e+01
 28  0.04329 -1.75893e+02 | 29 -0.03252 -2.52536e+02 | 30  0.06654 -2.25492e+02
 31 -0.08985 -2.82083e+02 | 32  0.11786 -2.52483e+02 | 33  0.00544 -2.88414e+02
 34  0.09959 -2.87490e+02 | 35  0.00141 -2.97975e+02 | 36  0.11546 -2.94038e+02
 37 -0.05617 -2.98461e+02 | 38 -0.04973 -2.99121e+02 | 39  0.17739  6.00587e-02
 40 -0.85750  8.75248e-03 | 41  0.08288  8.42447e+02 | 42 -0.24936 -3.10867e+02
 43 -0.18855 -7.12504e-02 | 44 -0.57251  2.32113e-02 |
44 variables; iteration 280; function evaluation 362; phase 4
Function value 1.2390356e+03; maximum gradient component mag 8.2231e+03
Var    Value     Gradient |Var    Value     Gradient |Var    Value     Gradient
  1  0.09995  1.86839e+02 |  2  0.16748  3.25861e+02 |  3 -0.02691  1.15344e+02
  4  0.12444  3.61185e+02 |  5  0.06331  1.10667e+02 |  6 -0.39621  8.22311e+03
  7  0.04547  8.43104e+01 |  8 -0.03356  3.31092e+01 |  9 -0.02374  3.32680e+01
 10 -0.02803  4.02178e+01 | 11 -0.05091  3.96671e+01 | 12 -0.05451  3.71244e+01
 13 -0.04001  4.69047e+01 | 14 -0.03020  5.63437e+01 | 15 -0.03266  4.61953e+01
 16 -0.00430  6.66858e+01 | 17  0.02500  9.53895e+01 | 18 -0.03394  4.23244e+01
 19 -0.06856  1.68811e+01 | 20 -0.07629  1.84560e+01 | 21  0.00487  4.07881e+01
 22  0.05507  5.49965e+01 | 23  0.00814  3.02663e+01 | 24 -0.00184 -2.20159e+00
 25  0.02257 -9.16081e+00 | 26  0.04181 -1.41028e+01 | 27  0.09911 -7.37275e+00
 28  0.04274 -3.82164e+01 | 29 -0.03262 -5.66062e+01 | 30  0.06613 -5.04534e+01
 31 -0.08989 -6.32369e+01 | 32  0.11742 -5.71449e+01 | 33  0.00529 -6.47024e+01
 34  0.09903 -6.48361e+01 | 35  0.00184 -6.70494e+01 | 36  0.11482 -6.64557e+01
 37 -0.05444 -6.74279e+01 | 38 -0.04697 -6.76306e+01 | 39  0.17740  2.15010e-03
 40 -0.85979  3.30041e-03 | 41  0.08285  1.98284e+02 | 42 -0.24929 -6.51097e+01
 43 -0.18857 -1.53734e-02 | 44 -0.57254 -2.52387e-03 |
44 variables; iteration 300; function evaluation 389; phase 4
Function value 1.2389694e+03; maximum gradient component mag 4.7577e+04
Var    Value     Gradient |Var    Value     Gradient |Var    Value     Gradient
  1  0.09957  1.04106e+03 |  2  0.16761  1.91520e+03 |  3 -0.02676  6.43305e+02
  4  0.12434  2.16017e+03 |  5  0.06397  6.10910e+02 |  6 -0.39624  4.75766e+04
  7  0.04728  5.22041e+02 |  8 -0.03770  1.72603e+02 |  9 -0.01837  2.81571e+02
 10 -0.02909  2.53525e+02 | 11 -0.05178  1.77115e+02 | 12 -0.05463  1.75479e+02
 13 -0.04016  2.49800e+02 | 14 -0.02828  3.18526e+02 | 15 -0.03522  2.72081e+02
 16 -0.00280  4.50022e+02 | 17  0.02621  6.35777e+02 | 18 -0.03775  2.14057e+02
 19 -0.06515  7.48999e+01 | 20 -0.07994  1.48425e+00 | 21  0.00821  2.70720e+02
 22  0.05255  3.98249e+02 | 23  0.00971  1.12901e+02 | 24 -0.00219 -2.38807e+01
 25  0.02199 -4.77030e+01 | 26  0.04197 -8.63354e+01 | 27  0.09867 -4.56800e+01
 28  0.04228 -2.30122e+02 | 29 -0.03229 -3.28197e+02 | 30  0.06557 -2.93414e+02
 31 -0.08934 -3.66474e+02 | 32  0.11685 -3.27110e+02 | 33  0.00515 -3.74431e+02
 34  0.09831 -3.72869e+02 | 35  0.00219 -3.86873e+02 | 36  0.11416 -3.81455e+02
 37 -0.05275 -3.87358e+02 | 38 -0.04508 -3.87935e+02 | 39  0.17744  5.91044e-02
 40 -0.86196  7.83633e-03 | 41  0.08277  1.09188e+03 | 42 -0.24924 -4.04549e+02
 43 -0.18848 -6.38086e-02 | 44 -0.57230  2.36746e-02 |
44 variables; iteration 320; function evaluation 414; phase 4
Function value 1.2387080e+03; maximum gradient component mag 8.4231e+04
Var    Value     Gradient |Var    Value     Gradient |Var    Value     Gradient
  1  0.09982  1.83551e+03 |  2  0.16844  3.39571e+03 |  3 -0.02868  1.13663e+03
  4  0.12539  3.83576e+03 |  5  0.06114  1.07544e+03 |  6 -0.39639  8.42309e+04
  7  0.05345  9.27835e+02 |  8 -0.04114  2.75283e+02 |  9 -0.00927  5.94041e+02
 10 -0.03333  4.09271e+02 | 11 -0.05148  3.02389e+02 | 12 -0.05515  2.94093e+02
 13 -0.03858  4.46483e+02 | 14 -0.03025  5.34512e+02 | 15 -0.03498  4.84134e+02
 16  0.00273  8.70372e+02 | 17  0.02258  1.08261e+03 | 18 -0.03152  4.31219e+02
 19 -0.06819  1.02056e+02 | 20 -0.08618 -4.91435e+01 | 21  0.01089  5.06413e+02
 22  0.05338  7.35746e+02 | 23  0.00805  1.77229e+02 | 24 -0.00319 -4.94573e+01
 25  0.02252 -7.80362e+01 | 26  0.04089 -1.55311e+02 | 27  0.09783 -8.12059e+01
 28  0.04093 -4.10059e+02 | 29 -0.03247 -5.81147e+02 | 30  0.06439 -5.19869e+02
 31 -0.08955 -6.49448e+02 | 32  0.11526 -5.79695e+02 | 33  0.00431 -6.63541e+02
 34  0.09620 -6.60332e+02 | 35  0.00232 -6.85313e+02 | 36  0.11245 -6.75351e+02
 37 -0.04893 -6.86180e+02 | 38 -0.03930 -6.86788e+02 | 39  0.17757  1.41949e-01
 40 -0.86762  1.02200e-02 | 41  0.08229  1.92726e+03 | 42 -0.24982 -7.19388e+02
 43 -0.18783 -7.16402e-02 | 44 -0.57182  3.01934e-02 |
44 variables; iteration 340; function evaluation 440; phase 4
Function value 1.2384914e+03; maximum gradient component mag 5.9293e+04
Var    Value     Gradient |Var    Value     Gradient |Var    Value     Gradient
  1  0.10036  1.29278e+03 |  2  0.16908  2.38953e+03 |  3 -0.03040  8.00727e+02
  4  0.12622  2.69861e+03 |  5  0.05872  7.57311e+02 |  6 -0.39650  5.92927e+04
  7  0.05694  6.53207e+02 |  8 -0.03717  2.14300e+02 |  9 -0.01213  3.94148e+02
 10 -0.02739  3.22986e+02 | 11 -0.05572  1.87572e+02 | 12 -0.05538  2.02609e+02
 13 -0.03702  3.20922e+02 | 14 -0.03240  3.58700e+02 | 15 -0.03424  3.43760e+02
 16  0.00655  6.45708e+02 | 17  0.01940  7.27133e+02 | 18 -0.02547  3.42739e+02
 19 -0.07250  4.97518e+01 | 20 -0.08908 -4.59751e+01 | 21  0.00890  3.42267e+02
 22  0.05866  5.61498e+02 | 23  0.00193  9.71312e+01 | 24 -0.00268 -3.44020e+01
 25  0.02447 -4.68605e+01 | 26  0.03829 -1.16233e+02 | 27  0.09833 -5.40746e+01
 28  0.03957 -2.90391e+02 | 29 -0.03235 -4.09129e+02 | 30  0.06385 -3.65993e+02
 31 -0.09039 -4.57503e+02 | 32  0.11447 -4.08289e+02 | 33  0.00384 -4.67391e+02
 34  0.09532 -4.64980e+02 | 35  0.00263 -4.82676e+02 | 36  0.11169 -4.75557e+02
 37 -0.04645 -4.83309e+02 | 38 -0.03637 -4.83593e+02 | 39  0.17766  9.24668e-02
 40 -0.87069  7.56676e-03 | 41  0.08153  1.35859e+03 | 42 -0.25105 -5.04322e+02
 43 -0.18741 -7.94246e-02 | 44 -0.57193  2.69013e-02 |
44 variables; iteration 360; function evaluation 467; phase 4
Function value 1.2383518e+03; maximum gradient component mag 5.3471e+04
Var    Value     Gradient |Var    Value     Gradient |Var    Value     Gradient
  1  0.10079  1.16734e+03 |  2  0.16944  2.15471e+03 |  3 -0.03146  7.22423e+02
  4  0.12662  2.43405e+03 |  5  0.05751  6.83580e+02 |  6 -0.39656  5.34710e+04
  7  0.05854  5.89376e+02 |  8 -0.03343  2.12493e+02 |  9 -0.01631  3.27469e+02
 10 -0.02292  3.17335e+02 | 11 -0.05800  1.56972e+02 | 12 -0.05534  1.81095e+02
 13 -0.03678  2.88762e+02 | 14 -0.03417  3.11350e+02 | 15 -0.03023  3.34216e+02
 16  0.00302  5.53549e+02 | 17  0.02297  6.87504e+02 | 18 -0.02743  2.96999e+02
 19 -0.07225  4.40010e+01 | 20 -0.08909 -4.28271e+01 | 21  0.00560  2.88352e+02
 22  0.06339  5.44877e+02 | 23 -0.00518  5.75663e+01 | 24  0.00113 -1.83138e+01
 25  0.02321 -4.58051e+01 | 26  0.03810 -1.05215e+02 | 27  0.09828 -4.84551e+01
 28  0.03913 -2.62396e+02 | 29 -0.03228 -3.68994e+02 | 30  0.06359 -3.30331e+02
 31 -0.09094 -4.12709e+02 | 32  0.11412 -3.68157e+02 | 33  0.00370 -4.21609e+02
 34  0.09508 -4.19370e+02 | 35  0.00302 -4.35362e+02 | 36  0.11147 -4.28975e+02
 37 -0.04509 -4.35947e+02 | 38 -0.03519 -4.36213e+02 | 39  0.17771  9.16525e-02
 40 -0.87199  9.93163e-03 | 41  0.08089  1.22364e+03 | 42 -0.25214 -4.55963e+02
 43 -0.18715  9.74559e-03 | 44 -0.57186 -8.94876e-03 |
44 variables; iteration 380; function evaluation 493; phase 4
Function value 1.2382646e+03; maximum gradient component mag 1.1634e+04
Var    Value     Gradient |Var    Value     Gradient |Var    Value     Gradient
  1  0.10101  2.51875e+02 |  2  0.16974  4.69038e+02 |  3 -0.03225  1.55876e+02
  4  0.12703  5.31014e+02 |  5  0.05634  1.47500e+02 |  6 -0.39659  1.16338e+04
  7  0.05869  1.30533e+02 |  8 -0.03386  4.67908e+01 |  9 -0.01490  6.92971e+01
 10 -0.02317  6.74430e+01 | 11 -0.05800  3.68373e+01 | 12 -0.05543  3.96865e+01
 13 -0.03765  6.11233e+01 | 14 -0.03337  6.96274e+01 | 15 -0.02847  7.52557e+01
 16 -0.00159  1.11787e+02 | 17  0.02892  1.59373e+02 | 18 -0.03373  5.75738e+01
 19 -0.06867  1.16812e+01 | 20 -0.09137 -7.40644e+00 | 21  0.00578  6.19126e+01
 22  0.06436  1.15714e+02 | 23 -0.00702  1.47622e+01 | 24  0.00247 -4.45000e+00
 25  0.02240 -1.12100e+01 | 26  0.03876 -2.20674e+01 | 27  0.09810 -1.11095e+01
 28  0.03919 -5.70506e+01 | 29 -0.03211 -8.03926e+01 | 30  0.06362 -7.16382e+01
 31 -0.09095 -8.97079e+01 | 32  0.11413 -7.97362e+01 | 33  0.00379 -9.15377e+01
 34  0.09521 -9.07625e+01 | 35  0.00323 -9.44871e+01 | 36  0.11168 -9.28681e+01
 37 -0.04491 -9.44707e+01 | 38 -0.03526 -9.43965e+01 | 39  0.17774  1.86426e-02
 40 -0.87192  1.58429e-03 | 41  0.08048  2.66105e+02 | 42 -0.25285 -9.78491e+01
 43 -0.18702  6.69648e-03 | 44 -0.57162 -7.10469e-03 |
44 variables; iteration 400; function evaluation 520; phase 4
Function value 1.2382457e+03; maximum gradient component mag 7.3518e+03
Var    Value     Gradient |Var    Value     Gradient |Var    Value     Gradient
  1  0.10091  1.57902e+02 |  2  0.16978  2.96828e+02 |  3 -0.03222  9.78528e+01
  4  0.12711  3.36750e+02 |  5  0.05624  9.23851e+01 |  6 -0.39660  7.35180e+03
  7  0.05823  8.34541e+01 |  8 -0.03588  2.81301e+01 |  9 -0.01201  4.55988e+01
 10 -0.02451  4.08851e+01 | 11 -0.05807  2.42620e+01 | 12 -0.05526  2.52065e+01
 13 -0.03873  3.73325e+01 | 14 -0.03100  4.70776e+01 | 15 -0.03058  4.50531e+01
 16 -0.00186  7.03129e+01 | 17  0.03101  1.03783e+02 | 18 -0.03720  3.31085e+01
 19 -0.06595  8.92026e+00 | 20 -0.09442 -5.16675e+00 | 21  0.00770  4.10886e+01
 22  0.06325  6.94835e+01 | 23 -0.00556  1.21721e+01 | 24  0.00148 -4.28686e+00
 25  0.02319 -6.86288e+00 | 26  0.03846 -1.39192e+01 | 27  0.09831 -7.14426e+00
 28  0.03921 -3.60875e+01 | 29 -0.03192 -5.08468e+01 | 30  0.06373 -4.52099e+01
 31 -0.09067 -5.66633e+01 | 32  0.11425 -5.02353e+01 | 33  0.00393 -5.77671e+01
 34  0.09540 -5.71741e+01 | 35  0.00336 -5.96283e+01 | 36  0.11189 -5.85244e+01
 37 -0.04498 -5.95692e+01 | 38 -0.03543 -5.94794e+01 | 39  0.17775  1.19275e-02
 40 -0.87171  1.58966e-03 | 41  0.08038  1.67827e+02 | 42 -0.25301 -6.16928e+01
 43 -0.18704 -6.14704e-03 | 44 -0.57158  1.11188e-03 |
44 variables; iteration 420; function evaluation 547; phase 4
Function value 1.2382384e+03; maximum gradient component mag 1.6130e+04
Var    Value     Gradient |Var    Value     Gradient |Var    Value     Gradient
  1  0.10073  3.50397e+02 |  2  0.16974  6.50686e+02 |  3 -0.03194  2.16961e+02
  4  0.12709  7.36448e+02 |  5  0.05649  2.05034e+02 |  6 -0.39659  1.61301e+04
  7  0.05794  1.79521e+02 |  8 -0.03792  5.72795e+01 |  9 -0.00869  1.12304e+02
 10 -0.02688  8.70340e+01 | 11 -0.05763  4.98010e+01 | 12 -0.05475  5.54169e+01
 13 -0.03978  8.05871e+01 | 14 -0.02972  1.03654e+02 | 15 -0.03252  9.56470e+01
 16  0.00028  1.60847e+02 | 17  0.02974  2.25715e+02 | 18 -0.03633  7.37769e+01
 19 -0.06602  2.00014e+01 | 20 -0.09511 -1.68175e+01 | 21  0.00787  9.09741e+01
 22  0.06352  1.60734e+02 | 23 -0.00614  1.92788e+01 | 24  0.00184 -6.59266e+00
 25  0.02314 -1.44457e+01 | 26  0.03854 -3.11552e+01 | 27  0.09832 -1.52391e+01
 28  0.03932 -7.91955e+01 | 29 -0.03185 -1.11379e+02 | 30  0.06379 -9.95970e+01
 31 -0.09050 -1.24467e+02 | 32  0.11430 -1.10860e+02 | 33  0.00401 -1.27099e+02
 34  0.09553 -1.26248e+02 | 35  0.00342 -1.31198e+02 | 36  0.11203 -1.29125e+02
 37 -0.04506 -1.31277e+02 | 38 -0.03560 -1.31289e+02 | 39  0.17776  3.05107e-02
 40 -0.87153  3.55629e-03 | 41  0.08029  3.67852e+02 | 42 -0.25311 -1.37573e+02
 43 -0.18705  6.61627e-03 | 44 -0.57164 -3.33393e-03 |
44 variables; iteration 440; function evaluation 572; phase 4
Function value 1.2382262e+03; maximum gradient component mag 2.3906e+03
Var    Value     Gradient |Var    Value     Gradient |Var    Value     Gradient
  1  0.10067  5.03943e+01 |  2  0.16975  9.71076e+01 |  3 -0.03190  3.10212e+01
  4  0.12708  1.11369e+02 |  5  0.05662  2.94457e+01 |  6 -0.39659  2.39061e+03
  7  0.05775  2.85402e+01 |  8 -0.03776  9.07636e+00 |  9 -0.00890  1.44799e+01
 10 -0.02676  1.12239e+01 | 11 -0.05733  1.03074e+01 | 12 -0.05606  8.04660e+00
 13 -0.03713  1.22416e+01 | 14 -0.03338  1.49603e+01 | 15 -0.02992  1.50670e+01
 16  0.00039  2.42441e+01 | 17  0.02815  3.04378e+01 | 18 -0.03340  1.31736e+01
 19 -0.06768  1.59567e+00 | 20 -0.09556 -1.59900e-01 | 21  0.00787  1.33830e+01
 22  0.06406  1.97565e+01 | 23 -0.00732  6.42285e+00 | 24  0.00253 -2.52280e+00
 25  0.02310 -2.50385e+00 | 26  0.03836 -4.30985e+00 | 27  0.09851 -2.63580e+00
 28  0.03926 -1.17362e+01 | 29 -0.03180 -1.66097e+01 | 30  0.06387 -1.46608e+01
 31 -0.09054 -1.83424e+01 | 32  0.11434 -1.60229e+01 | 33  0.00408 -1.86504e+01
 34  0.09567 -1.83460e+01 | 35  0.00345 -1.92294e+01 | 36  0.11222 -1.87845e+01
 37 -0.04517 -1.91168e+01 | 38 -0.03600 -1.90626e+01 | 39  0.17777 -1.65791e-03
 40 -0.87124  1.13291e-03 | 41  0.08014  5.27930e+01 | 42 -0.25336 -2.07939e+01
 43 -0.18697  3.98629e-03 | 44 -0.57170 -4.51881e-04 |
44 variables; iteration 460; function evaluation 597; phase 4
Function value 1.2382219e+03; maximum gradient component mag 9.5812e+03
Var    Value     Gradient |Var    Value     Gradient |Var    Value     Gradient
  1  0.10076  2.07663e+02 |  2  0.16976  3.87037e+02 |  3 -0.03202  1.28439e+02
  4  0.12712  4.38888e+02 |  5  0.05641  1.21421e+02 |  6 -0.39659  9.58123e+03
  7  0.05750  1.07278e+02 |  8 -0.03642  3.59127e+01 |  9 -0.01166  6.14050e+01
 10 -0.02399  5.46351e+01 | 11 -0.05932  2.91398e+01 | 12 -0.05561  3.24757e+01
 13 -0.03650  5.19448e+01 | 14 -0.03345  5.71352e+01 | 15 -0.03054  5.88717e+01
 16  0.00018  9.54122e+01 | 17  0.02867  1.31406e+02 | 18 -0.03366  4.77819e+01
 19 -0.06804  9.39301e+00 | 20 -0.09537 -9.18997e+00 | 21  0.00788  5.41756e+01
 22  0.06413  9.45926e+01 | 23 -0.00762  1.18166e+01 | 24  0.00290 -3.88388e+00
 25  0.02284 -8.91141e+00 | 26  0.03861 -1.83120e+01 | 27  0.09846 -9.18573e+00
 28  0.03941 -4.69894e+01 | 29 -0.03190 -6.62217e+01 | 30  0.06398 -5.91016e+01
 31 -0.09063 -7.38670e+01 | 32  0.11443 -6.56868e+01 | 33  0.00414 -7.54065e+01
 34  0.09579 -7.48749e+01 | 35  0.00347 -7.78283e+01 | 36  0.11233 -7.65696e+01
 37 -0.04529 -7.78416e+01 | 38 -0.03609 -7.78315e+01 | 39  0.17777  1.14755e-02
 40 -0.87100  2.45934e-03 | 41  0.08011  2.17014e+02 | 42 -0.25343 -8.26240e+01
 43 -0.18697 -8.63916e-05 | 44 -0.57173 -5.10673e-03 |
44 variables; iteration 480; function evaluation 619; phase 4
Function value 1.2382170e+03; maximum gradient component mag -3.6118e+03
Var    Value     Gradient |Var    Value     Gradient |Var    Value     Gradient
  1  0.10076 -8.09591e+01 |  2  0.16975 -1.44410e+02 |  3 -0.03200 -5.00176e+01
  4  0.12715 -1.61407e+02 |  5  0.05633 -4.77903e+01 |  6 -0.39659 -3.61178e+03
  7  0.05679 -3.79986e+01 |  8 -0.03661 -1.20293e+01 |  9 -0.01100 -2.73223e+01
 10 -0.02358 -2.21895e+01 | 11 -0.05996 -7.41549e+00 | 12 -0.05570 -1.23400e+01
 13 -0.03793 -2.01194e+01 | 14 -0.03176 -2.06239e+01 | 15 -0.03202 -2.21464e+01
 16  0.00187 -3.52961e+01 | 17  0.02797 -5.18422e+01 | 18 -0.03359 -1.60416e+01
 19 -0.06757 -5.74879e+00 | 20 -0.09639  7.12604e+00 | 21  0.00803 -2.02853e+01
 22  0.06447 -4.20683e+01 | 23 -0.00772  1.47572e+00 | 24  0.00240 -1.20520e+00
 25  0.02383  2.94022e+00 | 26  0.03797  7.55521e+00 | 27  0.09893  2.88259e+00
 28  0.03931  1.78060e+01 | 29 -0.03166  2.48288e+01 | 30  0.06413  2.24279e+01
 31 -0.09060  2.79772e+01 | 32  0.11465  2.51972e+01 | 33  0.00419  2.85794e+01
 34  0.09605  2.85992e+01 | 35  0.00343  2.95800e+01 | 36  0.11256  2.92578e+01
 37 -0.04571  2.97334e+01 | 38 -0.03685  2.97917e+01 | 39  0.17776 -1.20746e-02
 40 -0.87031  1.87005e-04 | 41  0.08013 -8.48245e+01 | 42 -0.25345  3.01037e+01
 43 -0.18703  4.77039e-03 | 44 -0.57187 -3.49055e-03 |
44 variables; iteration 500; function evaluation 640; phase 4
Function value 1.2382144e+03; maximum gradient component mag 7.1611e+03
Var    Value     Gradient |Var    Value     Gradient |Var    Value     Gradient
  1  0.10071  1.54662e+02 |  2  0.16972  2.89593e+02 |  3 -0.03190  9.59246e+01
  4  0.12717  3.29146e+02 |  5  0.05632  9.00394e+01 |  6 -0.39659  7.16110e+03
  7  0.05653  8.00956e+01 |  8 -0.03742  2.65890e+01 |  9 -0.00965  4.80257e+01
 10 -0.02504  3.97275e+01 | 11 -0.05925  2.22623e+01 | 12 -0.05592  2.35504e+01
 13 -0.03742  3.74853e+01 | 14 -0.03187  4.45898e+01 | 15 -0.03256  4.20480e+01
 16  0.00214  7.43476e+01 | 17  0.02782  9.61392e+01 | 18 -0.03392  3.52984e+01
 19 -0.06730  7.03600e+00 | 20 -0.09646 -6.94929e+00 | 21  0.00825  4.12943e+01
 22  0.06440  7.02866e+01 | 23 -0.00793  9.43572e+00 | 24  0.00271 -3.60829e+00
 25  0.02380 -6.03087e+00 | 26  0.03785 -1.41189e+01 | 27  0.09914 -6.36119e+00
 28  0.03921 -3.51943e+01 | 29 -0.03166 -4.94563e+01 | 30  0.06425 -4.40870e+01
 31 -0.09056 -5.52335e+01 | 32  0.11470 -4.93556e+01 | 33  0.00427 -5.65027e+01
 34  0.09616 -5.60365e+01 | 35  0.00343 -5.81869e+01 | 36  0.11270 -5.72452e+01
 37 -0.04581 -5.82014e+01 | 38 -0.03692 -5.82253e+01 | 39  0.17777  1.71317e-02
 40 -0.87015  3.58215e-03 | 41  0.08010  1.61132e+02 | 42 -0.25348 -6.20926e+01
 43 -0.18702  2.63208e-02 | 44 -0.57187 -2.83473e-03 |
44 variables; iteration 520; function evaluation 663; phase 4
Function value 1.2382005e+03; maximum gradient component mag 1.8027e+04
Var    Value     Gradient |Var    Value     Gradient |Var    Value     Gradient
  1  0.10074  3.92735e+02 |  2  0.16970  7.27991e+02 |  3 -0.03189  2.43308e+02
  4  0.12714  8.23588e+02 |  5  0.05641  2.29521e+02 |  6 -0.39658  1.80266e+04
  7  0.05534  1.98596e+02 |  8 -0.03727  6.58933e+01 |  9 -0.00968  1.24232e+02
 10 -0.02522  1.01608e+02 | 11 -0.05910  5.23888e+01 | 12 -0.05608  5.89380e+01
 13 -0.03742  9.50384e+01 | 14 -0.03310  1.07717e+02 | 15 -0.02966  1.13950e+02
 16 -0.00088  1.77159e+02 | 17  0.02991  2.54026e+02 | 18 -0.03502  8.54855e+01
 19 -0.06726  1.96714e+01 | 20 -0.09667 -2.18782e+01 | 21  0.00814  1.02708e+02
 22  0.06480  1.85021e+02 | 23 -0.00824  1.70527e+01 | 24  0.00311 -5.85363e+00
 25  0.02352 -1.56812e+01 | 26  0.03856 -3.53290e+01 | 27  0.09907 -1.67741e+01
 28  0.03953 -8.88370e+01 | 29 -0.03117 -1.24306e+02 | 30  0.06437 -1.11940e+02
 31 -0.09044 -1.39298e+02 | 32  0.11505 -1.24219e+02 | 33  0.00441 -1.42227e+02
 34  0.09663 -1.41481e+02 | 35  0.00336 -1.46945e+02 | 36  0.11314 -1.44920e+02
 37 -0.04684 -1.47213e+02 | 38 -0.03837 -1.47393e+02 | 39  0.17776  4.94699e-02
 40 -0.86882 -7.29168e-04 | 41  0.08007  4.10254e+02 | 42 -0.25360 -1.56944e+02
 43 -0.18706  7.68859e-02 | 44 -0.57187 -4.43413e-02 |
44 variables; iteration 540; function evaluation 685; phase 4
Function value 1.2381912e+03; maximum gradient component mag 4.5856e+03
Var    Value     Gradient |Var    Value     Gradient |Var    Value     Gradient
  1  0.10060  1.00303e+02 |  2  0.16956  1.85705e+02 |  3 -0.03144  6.18447e+01
  4  0.12695  2.11121e+02 |  5  0.05704  5.84568e+01 |  6 -0.39655  4.58565e+03
  7  0.05431  5.03640e+01 |  8 -0.03782  1.75323e+01 |  9 -0.00923  3.07528e+01
 10 -0.02527  2.49886e+01 | 11 -0.05971  1.47980e+01 | 12 -0.05550  1.49831e+01
 13 -0.03895  2.21619e+01 | 14 -0.03128  2.93840e+01 | 15 -0.03181  2.71938e+01
 16 -0.00010  4.61404e+01 | 17  0.02993  6.38818e+01 | 18 -0.03602  2.17913e+01
 19 -0.06619  4.54462e+00 | 20 -0.09708 -4.13031e+00 | 21  0.00755  2.58723e+01
 22  0.06537  4.49603e+01 | 23 -0.00895  7.07914e+00 | 24  0.00355 -2.73449e+00
 25  0.02337 -4.21014e+00 | 26  0.03876 -8.40157e+00 | 27  0.09929 -4.16321e+00
 28  0.03975 -2.24868e+01 | 29 -0.03141 -3.16165e+01 | 30  0.06476 -2.82614e+01
 31 -0.09040 -3.53565e+01 | 32  0.11528 -3.17007e+01 | 33  0.00471 -3.62146e+01
 34  0.09698 -3.61273e+01 | 35  0.00361 -3.72936e+01 | 36  0.11348 -3.68297e+01
 37 -0.04693 -3.73764e+01 | 38 -0.03859 -3.74664e+01 | 39  0.17774 -1.39144e-02
 40 -0.86829  3.48164e-04 | 41  0.08005  1.01221e+02 | 42 -0.25362 -4.19224e+01
 43 -0.18716  4.82088e-02 | 44 -0.57201 -7.90043e-03 |
44 variables; iteration 560; function evaluation 711; phase 4
Function value 1.2381686e+03; maximum gradient component mag 6.2887e+03
Var    Value     Gradient |Var    Value     Gradient |Var    Value     Gradient
  1  0.10039  1.38831e+02 |  2  0.16924  2.53435e+02 |  3 -0.03059  8.55631e+01
  4  0.12652  2.85952e+02 |  5  0.05828  8.13167e+01 |  6 -0.39653  6.28875e+03
  7  0.05222  6.82121e+01 |  8 -0.03771  2.39948e+01 |  9 -0.00961  4.24612e+01
 10 -0.02517  3.47296e+01 | 11 -0.06041  1.89387e+01 | 12 -0.05550  2.11004e+01
 13 -0.03781  3.24310e+01 | 14 -0.03326  3.81666e+01 | 15 -0.03014  3.94557e+01
 16 -0.00059  6.24071e+01 | 17  0.02929  8.67837e+01 | 18 -0.03499  3.07243e+01
 19 -0.06586  6.78042e+00 | 20 -0.09992 -8.66136e+00 | 21  0.00814  3.65260e+01
 22  0.06633  6.46644e+01 | 23 -0.01144  5.70573e+00 | 24  0.00507 -2.06209e+00
 25  0.02371 -5.11362e+00 | 26  0.03849 -1.23382e+01 | 27  0.09984 -5.63264e+00
 28  0.04022 -3.05983e+01 | 29 -0.03124 -4.33358e+01 | 30  0.06518 -3.88908e+01
 31 -0.09013 -4.85189e+01 | 32  0.11584 -4.35581e+01 | 33  0.00501 -4.97213e+01
 34  0.09753 -4.96089e+01 | 35  0.00352 -5.12630e+01 | 36  0.11399 -5.06201e+01
 37 -0.04772 -5.13835e+01 | 38 -0.03952 -5.14957e+01 | 39  0.17771  4.36759e-02
 40 -0.86713  2.01269e-03 | 41  0.08052  1.42410e+02 | 42 -0.25288 -5.48192e+01
 43 -0.18730  3.73297e-03 | 44 -0.57233 -7.92899e-03 |
44 variables; iteration 580; function evaluation 733; phase 4
Function value 1.2381601e+03; maximum gradient component mag 2.4044e+04
Var    Value     Gradient |Var    Value     Gradient |Var    Value     Gradient
  1  0.10039  5.25852e+02 |  2  0.16918  9.69691e+02 |  3 -0.03045  3.25894e+02
  4  0.12652  1.09475e+03 |  5  0.05823  3.07654e+02 |  6 -0.39654  2.40438e+04
  7  0.05180  2.63542e+02 |  8 -0.03895  8.43560e+01 |  9 -0.00806  1.73277e+02
 10 -0.02491  1.38327e+02 | 11 -0.06081  6.56038e+01 | 12 -0.05593  7.96074e+01
 13 -0.03698  1.28765e+02 | 14 -0.03352  1.42015e+02 | 15 -0.03113  1.47366e+02
 16  0.00037  2.41044e+02 | 17  0.02926  3.36803e+02 | 18 -0.03516  1.13765e+02
 19 -0.06538  3.08573e+01 | 20 -0.09929 -3.45194e+01 | 21  0.00747  1.34718e+02
 22  0.06697  2.56341e+02 | 23 -0.01227  1.25534e+01 | 24  0.00575 -2.83887e+00
 25  0.02368 -2.08953e+01 | 26  0.03829 -4.88751e+01 | 27  0.10024 -2.13361e+01
 28  0.03974 -1.18974e+02 | 29 -0.03064 -1.65872e+02 | 30  0.06513 -1.49213e+02
 31 -0.09009 -1.85932e+02 | 32  0.11595 -1.65933e+02 | 33  0.00499 -1.89870e+02
 34  0.09751 -1.89247e+02 | 35  0.00328 -1.96233e+02 | 36  0.11399 -1.93486e+02
 37 -0.04835 -1.96563e+02 | 38 -0.03999 -1.96772e+02 | 39  0.17769  2.77647e-02
 40 -0.86669  3.56975e-03 | 41  0.08080  5.50460e+02 | 42 -0.25247 -2.06667e+02
 43 -0.18737 -6.84481e-02 | 44 -0.57238  3.89383e-02 |
44 variables; iteration 600; function evaluation 754; phase 4
Function value 1.2381340e+03; maximum gradient component mag -1.5164e+03
Var    Value     Gradient |Var    Value     Gradient |Var    Value     Gradient
  1  0.10050 -3.31325e+01 |  2  0.16930 -6.15634e+01 |  3 -0.03082 -2.06130e+01
  4  0.12667 -6.91509e+01 |  5  0.05777 -1.98516e+01 |  6 -0.39655 -1.51636e+03
  7  0.05246 -1.67482e+01 |  8 -0.04001 -4.71607e+00 |  9 -0.00744 -1.18476e+01
 10 -0.02411 -9.70329e+00 | 11 -0.06321 -2.96499e+00 | 12 -0.05520 -5.54885e+00
 13 -0.03634 -8.85262e+00 | 14 -0.03420 -8.55613e+00 | 15 -0.03023 -1.00551e+01
 16 -0.00077 -1.43221e+01 | 17  0.03048 -2.23227e+01 | 18 -0.03724 -6.05879e+00
 19 -0.06342 -2.80225e+00 | 20 -0.10030  2.53139e+00 | 21  0.00618 -8.02605e+00
 22  0.06882 -1.73538e+01 | 23 -0.01580  8.66374e-01 | 24  0.00757 -8.81358e-01
 25  0.02293  1.59614e+00 | 26  0.03831  2.86160e+00 | 27  0.10012  1.73354e+00
 28  0.04008  8.11601e+00 | 29 -0.03100  1.06736e+01 | 30  0.06510  9.71109e+00
 31 -0.08987  1.18952e+01 | 32  0.11586  1.00191e+01 | 33  0.00494  1.15908e+01
 34  0.09739  1.18047e+01 | 35  0.00364  1.24060e+01 | 36  0.11384  1.22755e+01
 37 -0.04696  1.23828e+01 | 38 -0.03800  1.25186e+01 | 39  0.17774  1.93761e-01
 40 -0.86823  5.23642e-03 | 41  0.08073 -3.52246e+01 | 42 -0.25248  1.50348e+01
 43 -0.18724  1.18158e-01 | 44 -0.57232 -1.25609e-01 |
44 variables; iteration 620; function evaluation 777; phase 4
Function value 1.2381270e+03; maximum gradient component mag 2.3852e+03
Var    Value     Gradient |Var    Value     Gradient |Var    Value     Gradient
  1  0.10043  5.20186e+01 |  2  0.16936  9.60216e+01 |  3 -0.03081  3.21557e+01
  4  0.12666  1.08578e+02 |  5  0.05793  3.05239e+01 |  6 -0.39656  2.38515e+03
  7  0.05276  2.65772e+01 |  8 -0.04081  7.95512e+00 |  9 -0.00641  1.76371e+01
 10 -0.02402  1.36062e+01 | 11 -0.06398  6.29040e+00 | 12 -0.05418  8.30730e+00
 13 -0.03686  1.23261e+01 | 14 -0.03410  1.43917e+01 | 15 -0.02898  1.49811e+01
 16 -0.00288  2.26712e+01 | 17  0.03247  3.49820e+01 | 18 -0.03965  1.00392e+01
 19 -0.06194  3.56086e+00 | 20 -0.10065 -3.58551e+00 | 21  0.00599  1.32412e+01
 22  0.06931  2.58422e+01 | 23 -0.01737  5.90703e-01 | 24  0.00881 -1.32318e-01
 25  0.02214 -2.09193e+00 | 26  0.03873 -4.89259e+00 | 27  0.09996 -2.16404e+00
 28  0.03993 -1.16798e+01 | 29 -0.03093 -1.65027e+01 | 30  0.06507 -1.47601e+01
 31 -0.08989 -1.84131e+01 | 32  0.11572 -1.64035e+01 | 33  0.00505 -1.88026e+01
 34  0.09725 -1.86224e+01 | 35  0.00381 -1.93957e+01 | 36  0.11377 -1.90799e+01
 37 -0.04642 -1.94063e+01 | 38 -0.03777 -1.94090e+01 | 39  0.17774  5.98194e-03
 40 -0.86863  5.29343e-04 | 41  0.08060  5.46425e+01 | 42 -0.25268 -2.01027e+01
 43 -0.18718 -1.00185e-02 | 44 -0.57220  1.98674e-03 |
44 variables; iteration 640; function evaluation 799; phase 4
Function value 1.2381243e+03; maximum gradient component mag -1.3995e+03
Var    Value     Gradient |Var    Value     Gradient |Var    Value     Gradient
  1  0.10044 -3.06170e+01 |  2  0.16934 -5.65301e+01 |  3 -0.03079 -1.89456e+01
  4  0.12665 -6.38276e+01 |  5  0.05795 -1.78399e+01 |  6 -0.39656 -1.39946e+03
  7  0.05217 -1.54076e+01 |  8 -0.04101 -4.55217e+00 |  9 -0.00662 -1.03477e+01
 10 -0.02306 -8.37958e+00 | 11 -0.06522 -2.94095e+00 | 12 -0.05433 -4.80325e+00
 13 -0.03537 -7.80521e+00 | 14 -0.03616 -7.95365e+00 | 15 -0.02746 -9.11197e+00
 16 -0.00367 -1.33381e+01 | 17  0.03290 -2.03917e+01 | 18 -0.04029 -6.12097e+00
 19 -0.06145 -2.43192e+00 | 20 -0.10078  2.08271e+00 | 21  0.00549 -7.40047e+00
 22  0.06999 -1.56506e+01 | 23 -0.01865  2.71571e-01 | 24  0.00996 -1.90400e-01
 25  0.02138  1.39763e+00 | 26  0.03925  2.66702e+00 | 27  0.09997  1.17767e+00
 28  0.04012  7.01137e+00 | 29 -0.03087  9.63669e+00 | 30  0.06524  8.64392e+00
 31 -0.08988  1.07808e+01 | 32  0.11588  9.65177e+00 | 33  0.00522  1.10907e+01
 34  0.09744  1.10004e+01 | 35  0.00386  1.14025e+01 | 36  0.11401  1.12483e+01
 37 -0.04669  1.14091e+01 | 38 -0.03802  1.14625e+01 | 39  0.17773 -1.59729e-02
 40 -0.86823 -2.54281e-03 | 41  0.08060 -3.17061e+01 | 42 -0.25272  1.19622e+01
 43 -0.18717 -5.62815e-03 | 44 -0.57222  1.61322e-02 |
44 variables; iteration 660; function evaluation 820; phase 4
Function value 1.2381240e+03; maximum gradient component mag -8.5456e+02
Var    Value     Gradient |Var    Value     Gradient |Var    Value     Gradient
  1  0.10045 -1.86733e+01 |  2  0.16935 -3.44701e+01 |  3 -0.03082 -1.15591e+01
  4  0.12667 -3.89512e+01 |  5  0.05790 -1.09375e+01 |  6 -0.39656 -8.54558e+02
  7  0.05218 -9.39205e+00 |  8 -0.04090 -2.78220e+00 |  9 -0.00692 -6.35875e+00
 10 -0.02253 -5.05882e+00 | 11 -0.06588 -1.92600e+00 | 12 -0.05416 -2.93641e+00
 13 -0.03533 -4.73991e+00 | 14 -0.03605 -4.88207e+00 | 15 -0.02781 -5.58191e+00
 16 -0.00318 -8.14537e+00 | 17  0.03246 -1.24481e+01 | 18 -0.03979 -3.58907e+00
 19 -0.06150 -1.35047e+00 | 20 -0.10057  1.32267e+00 | 21  0.00520 -4.57510e+00
 22  0.07025 -9.61611e+00 | 23 -0.01919 -1.61239e-02 | 24  0.01020 -1.79301e-01
 25  0.02124  8.67077e-01 | 26  0.03936  1.73810e+00 | 27  0.09997  7.57028e-01
 28  0.04003  4.23040e+00 | 29 -0.03081  5.88342e+00 | 30  0.06524  5.31860e+00
 31 -0.08988  6.60869e+00 | 32  0.11588  5.89368e+00 | 33  0.00519  6.74132e+00
 34  0.09746  6.71124e+00 | 35  0.00387  6.96998e+00 | 36  0.11400  6.87469e+00
 37 -0.04661  6.98463e+00 | 38 -0.03807  6.99339e+00 | 39  0.17774 -1.28655e-03
 40 -0.86821  2.70909e-04 | 41  0.08059 -1.95248e+01 | 42 -0.25272  7.41525e+00
 43 -0.18717 -4.72697e-03 | 44 -0.57224  1.30682e-03 |
44 variables; iteration 680; function evaluation 840; phase 4
Function value 1.2381239e+03; maximum gradient component mag -4.9583e+01
Var    Value     Gradient |Var    Value     Gradient |Var    Value     Gradient
  1  0.10044 -1.08240e+00 |  2  0.16935 -2.00020e+00 |  3 -0.03081 -6.70190e-01
  4  0.12667 -2.26037e+00 |  5  0.05791 -6.33455e-01 |  6 -0.39656 -4.95832e+01
  7  0.05217 -5.44580e-01 |  8 -0.04102 -1.65508e-01 |  9 -0.00668 -3.65612e-01
 10 -0.02280 -2.99925e-01 | 11 -0.06569 -1.14766e-01 | 12 -0.05422 -1.72183e-01
 13 -0.03541 -2.71488e-01 | 14 -0.03587 -2.80814e-01 | 15 -0.02797 -3.25624e-01
 16 -0.00305 -4.65130e-01 | 17  0.03239 -7.26174e-01 | 18 -0.03973 -2.08215e-01
 19 -0.06154 -7.97587e-02 | 20 -0.10058  7.60469e-02 | 21  0.00524 -2.64730e-01
 22  0.07022 -5.53895e-01 | 23 -0.01909  4.50921e-03 | 24  0.01013 -1.00311e-02
 25  0.02132  4.92818e-02 | 26  0.03929  9.61556e-02 | 27  0.10001  4.35108e-02
 28  0.03999  2.44820e-01 | 29 -0.03076  3.42022e-01 | 30  0.06522  3.05650e-01
 31 -0.08987  3.83123e-01 | 32  0.11588  3.43520e-01 | 33  0.00519  3.92060e-01
 34  0.09746  3.90612e-01 | 35  0.00386  4.04230e-01 | 36  0.11401  3.98258e-01
 37 -0.04663  4.04711e-01 | 38 -0.03811  4.05400e-01 | 39  0.17774 -8.71636e-05
 40 -0.86820 -9.57421e-06 | 41  0.08059 -1.12902e+00 | 42 -0.25273  4.23925e-01
 43 -0.18717  4.29373e-04 | 44 -0.57224 -1.14828e-04 |
44 variables; iteration 700; function evaluation 860; phase 4
Function value 1.2381239e+03; maximum gradient component mag -1.0639e+00
Var    Value     Gradient |Var    Value     Gradient |Var    Value     Gradient
  1  0.10044 -2.35511e-02 |  2  0.16935 -4.28911e-02 |  3 -0.03081 -1.45201e-02
  4  0.12667 -4.82141e-02 |  5  0.05790 -1.36618e-02 |  6 -0.39656 -1.06390e+00
  7  0.05217 -1.17841e-02 |  8 -0.04102 -3.17041e-03 |  9 -0.00669 -7.20094e-03
 10 -0.02280 -6.39064e-03 | 11 -0.06568 -2.66096e-03 | 12 -0.05422 -3.06137e-03
 13 -0.03541 -5.82944e-03 | 14 -0.03586 -5.99553e-03 | 15 -0.02796 -6.81435e-03
 16 -0.00306 -1.07038e-02 | 17  0.03240 -1.61470e-02 | 18 -0.03974 -4.51221e-03
 19 -0.06154 -1.67041e-03 | 20 -0.10058  1.48852e-03 | 21  0.00524 -5.94359e-03
 22  0.07022 -1.21461e-02 | 23 -0.01909  1.20541e-04 | 24  0.01013 -2.44717e-04
 25  0.02132  1.37329e-03 | 26  0.03929  2.28822e-03 | 27  0.10001  8.60670e-04
 28  0.03999  5.25383e-03 | 29 -0.03076  7.39591e-03 | 30  0.06522  6.71747e-03
 31 -0.08987  8.21396e-03 | 32  0.11588  7.26908e-03 | 33  0.00519  8.39251e-03
 34  0.09746  8.28505e-03 | 35  0.00386  8.68511e-03 | 36  0.11401  8.59488e-03
 37 -0.04664  8.71656e-03 | 38 -0.03811  8.75954e-03 | 39  0.17774 -2.38197e-05
 40 -0.86819 -3.34531e-06 | 41  0.08059 -2.43490e-02 | 42 -0.25273  9.19067e-03
 43 -0.18717 -7.23071e-05 | 44 -0.57224  3.25062e-05 |
  ic > imax  in fminim is answer attained ?
Var    Value     Gradient |Var    Value     Gradient |Var    Value     Gradient
  1  0.10044  1.41337e-04 |  2  0.16935  2.62080e-04 |  3 -0.03081  8.65523e-05
  4  0.12667  2.95535e-04 |  5  0.05790  8.28270e-05 |  6 -0.39656  6.46648e-03
  7  0.05217  6.99690e-05 |  8 -0.04102  2.39947e-05 |  9 -0.00669  4.82072e-05
 10 -0.02280  3.84011e-05 | 11 -0.06568  1.40686e-05 | 12 -0.05422  2.50570e-05
 13 -0.03541  3.58261e-05 | 14 -0.03586  3.34561e-05 | 15 -0.02796  3.73148e-05
 16 -0.00306  5.76413e-05 | 17  0.03240  9.41453e-05 | 18 -0.03974  3.09257e-05
 19 -0.06154  1.63287e-05 | 20 -0.10058 -5.64752e-06 | 21  0.00524  3.46683e-05
 22  0.07022  6.71854e-05 | 23 -0.01910 -4.82941e-06 | 24  0.01013  1.30573e-06
 25  0.02132 -5.45035e-06 | 26  0.03929 -1.02115e-05 | 27  0.10001 -4.58733e-06
 28  0.03999 -3.24748e-05 | 29 -0.03076 -4.35923e-05 | 30  0.06522 -3.68090e-05
 31 -0.08987 -4.98120e-05 | 32  0.11588 -4.73454e-05 | 33  0.00519 -5.20995e-05
 34  0.09746 -5.25288e-05 | 35  0.00386 -5.25313e-05 | 36  0.11401 -5.12238e-05
 37 -0.04664 -5.22785e-05 | 38 -0.03811 -5.23608e-05 | 39  0.17774  1.73327e-07
 40 -0.86819  1.09432e-08 | 41  0.08059  1.42537e-04 | 42 -0.25273 -5.12553e-05
 43 -0.18717 -7.21450e-07 | 44 -0.57224  2.32053e-07 |
Function minimizer not making progress ... is minimum attained?
Minimprove criterion = 0.0000e+00

 - final statistics:
44 variables; iteration 709; function evaluation 898
Function value 1.2381e+03; maximum gradient component mag 6.4665e-03
Exit code = 1;  converg criter 1.0000e-04
Var    Value     Gradient |Var    Value     Gradient |Var    Value     Gradient
  1  0.10044  1.41337e-04 |  2  0.16935  2.62080e-04 |  3 -0.03081  8.65523e-05
  4  0.12667  2.95535e-04 |  5  0.05790  8.28270e-05 |  6 -0.39656  6.46648e-03
  7  0.05217  6.99690e-05 |  8 -0.04102  2.39947e-05 |  9 -0.00669  4.82072e-05
 10 -0.02280  3.84011e-05 | 11 -0.06568  1.40686e-05 | 12 -0.05422  2.50570e-05
 13 -0.03541  3.58261e-05 | 14 -0.03586  3.34561e-05 | 15 -0.02796  3.73148e-05
 16 -0.00306  5.76413e-05 | 17  0.03240  9.41453e-05 | 18 -0.03974  3.09257e-05
 19 -0.06154  1.63287e-05 | 20 -0.10058 -5.64752e-06 | 21  0.00524  3.46683e-05
 22  0.07022  6.71854e-05 | 23 -0.01910 -4.82941e-06 | 24  0.01013  1.30573e-06
 25  0.02132 -5.45035e-06 | 26  0.03929 -1.02115e-05 | 27  0.10001 -4.58733e-06
 28  0.03999 -3.24748e-05 | 29 -0.03076 -4.35923e-05 | 30  0.06522 -3.68090e-05
 31 -0.08987 -4.98120e-05 | 32  0.11588 -4.73454e-05 | 33  0.00519 -5.20995e-05
 34  0.09746 -5.25288e-05 | 35  0.00386 -5.25313e-05 | 36  0.11401 -5.12238e-05
 37 -0.04664 -5.22785e-05 | 38 -0.03811 -5.23608e-05 | 39  0.17774  1.73327e-07
 40 -0.86819  1.09432e-08 | 41  0.08059  1.42537e-04 | 42 -0.25273 -5.12553e-05
 43 -0.18717 -7.21450e-07 | 44 -0.57224  2.32053e-07 |

Initial statistics: 54 variables; iteration 0; function evaluation 0; phase 5
Function value 1.2381239e+03; maximum gradient component mag 6.5115e-03
Var    Value     Gradient |Var    Value     Gradient |Var    Value     Gradient
  1  0.10044  1.42321e-04 |  2  0.16935  2.63896e-04 |  3 -0.03081  8.71613e-05
  4  0.12667  2.97587e-04 |  5  0.05790  8.34030e-05 |  6 -0.39656  6.51151e-03
  7  0.05217  7.04650e-05 |  8 -0.04102  2.40662e-05 |  9 -0.00669  4.84646e-05
 10 -0.02280  3.85958e-05 | 11 -0.06568  1.40938e-05 | 12 -0.05422  2.51379e-05
 13 -0.03541  3.60006e-05 | 14 -0.03586  3.36340e-05 | 15 -0.02796  3.75325e-05
 16 -0.00306  5.79932e-05 | 17  0.03240  9.47267e-05 | 18 -0.03974  3.10397e-05
 19 -0.06154  1.63257e-05 | 20 -0.10058 -5.79194e-06 | 21  0.00524  3.48328e-05
 22  0.07022  6.76157e-05 | 23 -0.01910 -4.90670e-06 | 24  0.01013  1.23905e-06
 25  0.02132 -5.57209e-06 | 26  0.03929 -1.03766e-05 | 27  0.10001 -4.70245e-06
 28  0.03999 -3.27726e-05 | 29 -0.03076 -4.39788e-05 | 30  0.06522 -3.71631e-05
 31 -0.08987 -5.02350e-05 | 32  0.11588 -4.77307e-05 | 33  0.00519 -5.25309e-05
 34  0.09746 -5.29575e-05 | 35  0.00386 -5.29741e-05 | 36  0.11401 -5.16601e-05
 37 -0.04664 -5.27217e-05 | 38 -0.03811 -5.28044e-05 | 39  0.00000  0.00000e+00
 40  0.00000  0.00000e+00 | 41  0.00000  0.00000e+00 | 42  0.00000  0.00000e+00
 43  0.00000  0.00000e+00 | 44  0.00000  0.00000e+00 | 45  0.00000  0.00000e+00
 46  0.00000  0.00000e+00 | 47  0.00000  0.00000e+00 | 48  0.00000  0.00000e+00
 49  0.17774  1.73404e-07 | 50 -0.86819  1.09519e-08 | 51  0.08059  1.43565e-04
 52 -0.25273 -5.16414e-05 | 53 -0.18717 -7.21449e-07 | 54 -0.57224  2.32053e-07
  ic > imax  in fminim is answer attained ?
Var    Value     Gradient |Var    Value     Gradient |Var    Value     Gradient
  1  0.10044  1.15135e-04 |  2  0.16935  2.13734e-04 |  3 -0.03081  7.03342e-05
  4  0.12667  2.40899e-04 |  5  0.05790  6.74882e-05 |  6 -0.39656  5.26737e-03
  7  0.05217  5.67612e-05 |  8 -0.04102  1.99988e-05 |  9 -0.00669  3.92582e-05
 10 -0.02280  3.11215e-05 | 11 -0.06568  1.13148e-05 | 12 -0.05422  2.08146e-05
 13 -0.03541  2.90877e-05 | 14 -0.03586  2.66278e-05 | 15 -0.02796  2.94237e-05
 16 -0.00306  4.61754e-05 | 17  0.03240  7.65699e-05 | 18 -0.03974  2.57988e-05
 19 -0.06154  1.43239e-05 | 20 -0.10058 -3.87048e-06 | 21  0.00524  2.81937e-05
 22  0.07022  5.36460e-05 | 23 -0.01910 -4.86500e-06 | 24  0.01013  9.86634e-07
 25  0.02132 -4.30204e-06 | 26  0.03929 -7.90661e-06 | 27  0.10001 -3.59070e-06
 28  0.03999 -2.66358e-05 | 29 -0.03076 -3.53923e-05 | 30  0.06522 -2.94629e-05
 31 -0.08987 -4.06219e-05 | 32  0.11588 -3.91455e-05 | 33  0.00519 -4.27079e-05
 34  0.09746 -4.31829e-05 | 35  0.00386 -4.28342e-05 | 36  0.11401 -4.16682e-05
 37 -0.04664 -4.25660e-05 | 38 -0.03811 -4.26379e-05 | 39  0.00000  0.00000e+00
 40  0.00000  0.00000e+00 | 41  0.00000  0.00000e+00 | 42  0.00000  0.00000e+00
 43  0.00000  0.00000e+00 | 44  0.00000  0.00000e+00 | 45  0.00000  0.00000e+00
 46  0.00000  0.00000e+00 | 47  0.00000  0.00000e+00 | 48  0.00000  0.00000e+00
 49  0.17774  1.71271e-07 | 50 -0.86819  1.07143e-08 | 51  0.08059  1.15162e-04
 52 -0.25273 -4.09733e-05 | 53 -0.18717 -7.21584e-07 | 54 -0.57224  2.32109e-07
Function minimizer not making progress ... is minimum attained?
Minimprove criterion = 0.0000e+00

 - final statistics:
54 variables; iteration 2; function evaluation 34
Function value 1.2381e+03; maximum gradient component mag 5.2674e-03
Exit code = 1;  converg criter 1.0000e-04
Var    Value     Gradient |Var    Value     Gradient |Var    Value     Gradient
  1  0.10044  1.15135e-04 |  2  0.16935  2.13734e-04 |  3 -0.03081  7.03342e-05
  4  0.12667  2.40899e-04 |  5  0.05790  6.74882e-05 |  6 -0.39656  5.26737e-03
  7  0.05217  5.67612e-05 |  8 -0.04102  1.99988e-05 |  9 -0.00669  3.92582e-05
 10 -0.02280  3.11215e-05 | 11 -0.06568  1.13148e-05 | 12 -0.05422  2.08146e-05
 13 -0.03541  2.90877e-05 | 14 -0.03586  2.66278e-05 | 15 -0.02796  2.94237e-05
 16 -0.00306  4.61754e-05 | 17  0.03240  7.65699e-05 | 18 -0.03974  2.57988e-05
 19 -0.06154  1.43239e-05 | 20 -0.10058 -3.87048e-06 | 21  0.00524  2.81937e-05
 22  0.07022  5.36460e-05 | 23 -0.01910 -4.86500e-06 | 24  0.01013  9.86634e-07
 25  0.02132 -4.30204e-06 | 26  0.03929 -7.90661e-06 | 27  0.10001 -3.59070e-06
 28  0.03999 -2.66358e-05 | 29 -0.03076 -3.53923e-05 | 30  0.06522 -2.94629e-05
 31 -0.08987 -4.06219e-05 | 32  0.11588 -3.91455e-05 | 33  0.00519 -4.27079e-05
 34  0.09746 -4.31829e-05 | 35  0.00386 -4.28342e-05 | 36  0.11401 -4.16682e-05
 37 -0.04664 -4.25660e-05 | 38 -0.03811 -4.26379e-05 | 39  0.00000  0.00000e+00
 40  0.00000  0.00000e+00 | 41  0.00000  0.00000e+00 | 42  0.00000  0.00000e+00
 43  0.00000  0.00000e+00 | 44  0.00000  0.00000e+00 | 45  0.00000  0.00000e+00
 46  0.00000  0.00000e+00 | 47  0.00000  0.00000e+00 | 48  0.00000  0.00000e+00
 49  0.17774  1.71271e-07 | 50 -0.86819  1.07143e-08 | 51  0.08059  1.15162e-04
 52 -0.25273 -4.09733e-05 | 53 -0.18717 -7.21584e-07 | 54 -0.57224  2.32109e-07
Estimating row 1 out of 54 for hessian
Estimating row 2 out of 54 for hessian
Estimating row 3 out of 54 for hessian
Estimating row 4 out of 54 for hessian
Estimating row 5 out of 54 for hessian
Estimating row 6 out of 54 for hessian
Estimating row 7 out of 54 for hessian
Estimating row 8 out of 54 for hessian
Estimating row 9 out of 54 for hessian
Estimating row 10 out of 54 for hessian
Estimating row 11 out of 54 for hessian
Estimating row 12 out of 54 for hessian
Estimating row 13 out of 54 for hessian
Estimating row 14 out of 54 for hessian
Estimating row 15 out of 54 for hessian
Estimating row 16 out of 54 for hessian
Estimating row 17 out of 54 for hessian
Estimating row 18 out of 54 for hessian
Estimating row 19 out of 54 for hessian
Estimating row 20 out of 54 for hessian
Estimating row 21 out of 54 for hessian
Estimating row 22 out of 54 for hessian
Estimating row 23 out of 54 for hessian
Estimating row 24 out of 54 for hessian
Estimating row 25 out of 54 for hessian
Estimating row 26 out of 54 for hessian
Estimating row 27 out of 54 for hessian
Estimating row 28 out of 54 for hessian
Estimating row 29 out of 54 for hessian
Estimating row 30 out of 54 for hessian
Estimating row 31 out of 54 for hessian
Estimating row 32 out of 54 for hessian
Estimating row 33 out of 54 for hessian
Estimating row 34 out of 54 for hessian
Estimating row 35 out of 54 for hessian
Estimating row 36 out of 54 for hessian
Estimating row 37 out of 54 for hessian
Estimating row 38 out of 54 for hessian
Estimating row 39 out of 54 for hessian
Estimating row 40 out of 54 for hessian
Estimating row 41 out of 54 for hessian
Estimating row 42 out of 54 for hessian
Estimating row 43 out of 54 for hessian
Estimating row 44 out of 54 for hessian
Estimating row 45 out of 54 for hessian
Estimating row 46 out of 54 for hessian
Estimating row 47 out of 54 for hessian
Estimating row 48 out of 54 for hessian
Estimating row 49 out of 54 for hessian
Estimating row 50 out of 54 for hessian
Estimating row 51 out of 54 for hessian
Estimating row 52 out of 54 for hessian
Estimating row 53 out of 54 for hessian
Estimating row 54 out of 54 for hessian
Warning -- Hessian does not appear to be positive definite
Hessian does not appear to be positive definite.
size of file gradfil1.tmp = 0
size of file gradfil2.tmp = 0
size of file varssave.tmp = 0
size of file cmpdiff.tmp = 0
